Simulator report for mux41
Thu Jun 30 20:10:04 2022
Quartus II Version 9.1 Build 222 10/21/2009 SJ Web Edition


---------------------
; Table of Contents ;
---------------------
  1. Legal Notice
  2. Simulator Summary
  3. Simulator Settings
  4. Simulation Waveforms
  5. Coverage Summary
  6. Complete 1/0-Value Coverage
  7. Missing 1-Value Coverage
  8. Missing 0-Value Coverage
  9. Simulator INI Usage
 10. Simulator Messages



----------------
; Legal Notice ;
----------------
Copyright (C) 1991-2009 Altera Corporation
Your use of Altera Corporation's design tools, logic functions 
and other software and tools, and its AMPP partner logic 
functions, and any output files from any of the foregoing 
(including device programming or simulation files), and any 
associated documentation or information are expressly subject 
to the terms and conditions of the Altera Program License 
Subscription Agreement, Altera MegaCore Function License 
Agreement, or other applicable license agreement, including, 
without limitation, that your use is for the sole purpose of 
programming logic devices manufactured by Altera and sold by 
Altera or its authorized distributors.  Please refer to the 
applicable agreement for further details.



+--------------------------------------------+
; Simulator Summary                          ;
+-----------------------------+--------------+
; Type                        ; Value        ;
+-----------------------------+--------------+
; Simulation Start Time       ; 0 ps         ;
; Simulation End Time         ; 1.0 us       ;
; Simulation Netlist Size     ; 292 nodes    ;
; Simulation Coverage         ;      65.75 % ;
; Total Number of Transitions ; 9243         ;
; Simulation Breakpoints      ; 0            ;
; Family                      ; Cyclone II   ;
+-----------------------------+--------------+


+-------------------------------------------------------------------------------------------------------------------------+
; Simulator Settings                                                                                                      ;
+--------------------------------------------------------------------------------------------+------------+---------------+
; Option                                                                                     ; Setting    ; Default Value ;
+--------------------------------------------------------------------------------------------+------------+---------------+
; Simulation mode                                                                            ; Functional ; Timing        ;
; Start time                                                                                 ; 0 ns       ; 0 ns          ;
; Simulation results format                                                                  ; CVWF       ;               ;
; Add pins automatically to simulation output waveforms                                      ; On         ; On            ;
; Check outputs                                                                              ; Off        ; Off           ;
; Report simulation coverage                                                                 ; On         ; On            ;
; Display complete 1/0 value coverage report                                                 ; On         ; On            ;
; Display missing 1-value coverage report                                                    ; On         ; On            ;
; Display missing 0-value coverage report                                                    ; On         ; On            ;
; Detect setup and hold time violations                                                      ; Off        ; Off           ;
; Detect glitches                                                                            ; Off        ; Off           ;
; Disable timing delays in Timing Simulation                                                 ; Off        ; Off           ;
; Generate Signal Activity File                                                              ; Off        ; Off           ;
; Generate VCD File for PowerPlay Power Analyzer                                             ; Off        ; Off           ;
; Group bus channels in simulation results                                                   ; Off        ; Off           ;
; Preserve fewer signal transitions to reduce memory requirements                            ; On         ; On            ;
; Trigger vector comparison with the specified mode                                          ; INPUT_EDGE ; INPUT_EDGE    ;
; Disable setup and hold time violations detection in input registers of bi-directional pins ; Off        ; Off           ;
; Overwrite Waveform Inputs With Simulation Outputs                                          ; Off        ;               ;
; Perform Glitch Filtering in Timing Simulation                                              ; Auto       ; Auto          ;
+--------------------------------------------------------------------------------------------+------------+---------------+


+----------------------+
; Simulation Waveforms ;
+----------------------+
Waveform report data cannot be output to ASCII.
Please use Quartus II to view the waveform report data.


+--------------------------------------------------------------------+
; Coverage Summary                                                   ;
+-----------------------------------------------------+--------------+
; Type                                                ; Value        ;
+-----------------------------------------------------+--------------+
; Total coverage as a percentage                      ;      65.75 % ;
; Total nodes checked                                 ; 292          ;
; Total output ports checked                          ; 292          ;
; Total output ports with complete 1/0-value coverage ; 192          ;
; Total output ports with no 1/0-value coverage       ; 100          ;
; Total output ports with no 1-value coverage         ; 100          ;
; Total output ports with no 0-value coverage         ; 100          ;
+-----------------------------------------------------+--------------+


The following table displays output ports that toggle between 1 and 0 during simulation.
+----------------------------------------------------------------------------------------------------------------------------------------------------------------------------------------------------------+
; Complete 1/0-Value Coverage                                                                                                                                                                              ;
+-------------------------------------------------------------------------------------------+-------------------------------------------------------------------------------------------+------------------+
; Node Name                                                                                 ; Output Port Name                                                                          ; Output Port Type ;
+-------------------------------------------------------------------------------------------+-------------------------------------------------------------------------------------------+------------------+
; |mux41|A[7]                                                                               ; |mux41|A[7]                                                                               ; pin_out          ;
; |mux41|A[6]                                                                               ; |mux41|A[6]                                                                               ; pin_out          ;
; |mux41|A[5]                                                                               ; |mux41|A[5]                                                                               ; pin_out          ;
; |mux41|A[4]                                                                               ; |mux41|A[4]                                                                               ; pin_out          ;
; |mux41|A[2]                                                                               ; |mux41|A[2]                                                                               ; pin_out          ;
; |mux41|A[1]                                                                               ; |mux41|A[1]                                                                               ; pin_out          ;
; |mux41|R0[7]                                                                              ; |mux41|R0[7]                                                                              ; out              ;
; |mux41|R0[6]                                                                              ; |mux41|R0[6]                                                                              ; out              ;
; |mux41|R0[5]                                                                              ; |mux41|R0[5]                                                                              ; out              ;
; |mux41|R0[4]                                                                              ; |mux41|R0[4]                                                                              ; out              ;
; |mux41|R0[2]                                                                              ; |mux41|R0[2]                                                                              ; out              ;
; |mux41|R2[5]                                                                              ; |mux41|R2[5]                                                                              ; out              ;
; |mux41|R2[4]                                                                              ; |mux41|R2[4]                                                                              ; out              ;
; |mux41|R2[2]                                                                              ; |mux41|R2[2]                                                                              ; out              ;
; |mux41|R2[1]                                                                              ; |mux41|R2[1]                                                                              ; out              ;
; |mux41|Rs[1]                                                                              ; |mux41|Rs[1]                                                                              ; out              ;
; |mux41|B[7]                                                                               ; |mux41|B[7]                                                                               ; pin_out          ;
; |mux41|B[6]                                                                               ; |mux41|B[6]                                                                               ; pin_out          ;
; |mux41|B[5]                                                                               ; |mux41|B[5]                                                                               ; pin_out          ;
; |mux41|B[4]                                                                               ; |mux41|B[4]                                                                               ; pin_out          ;
; |mux41|B[3]                                                                               ; |mux41|B[3]                                                                               ; pin_out          ;
; |mux41|B[2]                                                                               ; |mux41|B[2]                                                                               ; pin_out          ;
; |mux41|B[1]                                                                               ; |mux41|B[1]                                                                               ; pin_out          ;
; |mux41|B[0]                                                                               ; |mux41|B[0]                                                                               ; pin_out          ;
; |mux41|Rd[1]                                                                              ; |mux41|Rd[1]                                                                              ; out              ;
; |mux41|Rd[0]                                                                              ; |mux41|Rd[0]                                                                              ; out              ;
; |mux41|lpm_mux41:inst5|lpm_mux:lpm_mux_component|mux_vmc:auto_generated|_~2               ; |mux41|lpm_mux41:inst5|lpm_mux:lpm_mux_component|mux_vmc:auto_generated|_~2               ; out0             ;
; |mux41|lpm_mux41:inst5|lpm_mux:lpm_mux_component|mux_vmc:auto_generated|_~5               ; |mux41|lpm_mux41:inst5|lpm_mux:lpm_mux_component|mux_vmc:auto_generated|_~5               ; out0             ;
; |mux41|lpm_mux41:inst5|lpm_mux:lpm_mux_component|mux_vmc:auto_generated|_~6               ; |mux41|lpm_mux41:inst5|lpm_mux:lpm_mux_component|mux_vmc:auto_generated|_~6               ; out0             ;
; |mux41|lpm_mux41:inst5|lpm_mux:lpm_mux_component|mux_vmc:auto_generated|_~7               ; |mux41|lpm_mux41:inst5|lpm_mux:lpm_mux_component|mux_vmc:auto_generated|_~7               ; out0             ;
; |mux41|lpm_mux41:inst5|lpm_mux:lpm_mux_component|mux_vmc:auto_generated|_~10              ; |mux41|lpm_mux41:inst5|lpm_mux:lpm_mux_component|mux_vmc:auto_generated|_~10              ; out0             ;
; |mux41|lpm_mux41:inst5|lpm_mux:lpm_mux_component|mux_vmc:auto_generated|_~13              ; |mux41|lpm_mux41:inst5|lpm_mux:lpm_mux_component|mux_vmc:auto_generated|_~13              ; out0             ;
; |mux41|lpm_mux41:inst5|lpm_mux:lpm_mux_component|mux_vmc:auto_generated|_~14              ; |mux41|lpm_mux41:inst5|lpm_mux:lpm_mux_component|mux_vmc:auto_generated|_~14              ; out0             ;
; |mux41|lpm_mux41:inst5|lpm_mux:lpm_mux_component|mux_vmc:auto_generated|_~15              ; |mux41|lpm_mux41:inst5|lpm_mux:lpm_mux_component|mux_vmc:auto_generated|_~15              ; out0             ;
; |mux41|lpm_mux41:inst5|lpm_mux:lpm_mux_component|mux_vmc:auto_generated|result_node[7]~1  ; |mux41|lpm_mux41:inst5|lpm_mux:lpm_mux_component|mux_vmc:auto_generated|result_node[7]~1  ; out0             ;
; |mux41|lpm_mux41:inst5|lpm_mux:lpm_mux_component|mux_vmc:auto_generated|result_node[7]    ; |mux41|lpm_mux41:inst5|lpm_mux:lpm_mux_component|mux_vmc:auto_generated|result_node[7]    ; out0             ;
; |mux41|lpm_mux41:inst5|lpm_mux:lpm_mux_component|mux_vmc:auto_generated|_~20              ; |mux41|lpm_mux41:inst5|lpm_mux:lpm_mux_component|mux_vmc:auto_generated|_~20              ; out0             ;
; |mux41|lpm_mux41:inst5|lpm_mux:lpm_mux_component|mux_vmc:auto_generated|_~24              ; |mux41|lpm_mux41:inst5|lpm_mux:lpm_mux_component|mux_vmc:auto_generated|_~24              ; out0             ;
; |mux41|lpm_mux41:inst5|lpm_mux:lpm_mux_component|mux_vmc:auto_generated|_~25              ; |mux41|lpm_mux41:inst5|lpm_mux:lpm_mux_component|mux_vmc:auto_generated|_~25              ; out0             ;
; |mux41|lpm_mux41:inst5|lpm_mux:lpm_mux_component|mux_vmc:auto_generated|_~28              ; |mux41|lpm_mux41:inst5|lpm_mux:lpm_mux_component|mux_vmc:auto_generated|_~28              ; out0             ;
; |mux41|lpm_mux41:inst5|lpm_mux:lpm_mux_component|mux_vmc:auto_generated|_~32              ; |mux41|lpm_mux41:inst5|lpm_mux:lpm_mux_component|mux_vmc:auto_generated|_~32              ; out0             ;
; |mux41|lpm_mux41:inst5|lpm_mux:lpm_mux_component|mux_vmc:auto_generated|_~33              ; |mux41|lpm_mux41:inst5|lpm_mux:lpm_mux_component|mux_vmc:auto_generated|_~33              ; out0             ;
; |mux41|lpm_mux41:inst5|lpm_mux:lpm_mux_component|mux_vmc:auto_generated|result_node[6]~3  ; |mux41|lpm_mux41:inst5|lpm_mux:lpm_mux_component|mux_vmc:auto_generated|result_node[6]~3  ; out0             ;
; |mux41|lpm_mux41:inst5|lpm_mux:lpm_mux_component|mux_vmc:auto_generated|result_node[6]    ; |mux41|lpm_mux41:inst5|lpm_mux:lpm_mux_component|mux_vmc:auto_generated|result_node[6]    ; out0             ;
; |mux41|lpm_mux41:inst5|lpm_mux:lpm_mux_component|mux_vmc:auto_generated|_~36              ; |mux41|lpm_mux41:inst5|lpm_mux:lpm_mux_component|mux_vmc:auto_generated|_~36              ; out0             ;
; |mux41|lpm_mux41:inst5|lpm_mux:lpm_mux_component|mux_vmc:auto_generated|_~38              ; |mux41|lpm_mux41:inst5|lpm_mux:lpm_mux_component|mux_vmc:auto_generated|_~38              ; out0             ;
; |mux41|lpm_mux41:inst5|lpm_mux:lpm_mux_component|mux_vmc:auto_generated|_~40              ; |mux41|lpm_mux41:inst5|lpm_mux:lpm_mux_component|mux_vmc:auto_generated|_~40              ; out0             ;
; |mux41|lpm_mux41:inst5|lpm_mux:lpm_mux_component|mux_vmc:auto_generated|_~41              ; |mux41|lpm_mux41:inst5|lpm_mux:lpm_mux_component|mux_vmc:auto_generated|_~41              ; out0             ;
; |mux41|lpm_mux41:inst5|lpm_mux:lpm_mux_component|mux_vmc:auto_generated|_~42              ; |mux41|lpm_mux41:inst5|lpm_mux:lpm_mux_component|mux_vmc:auto_generated|_~42              ; out0             ;
; |mux41|lpm_mux41:inst5|lpm_mux:lpm_mux_component|mux_vmc:auto_generated|_~43              ; |mux41|lpm_mux41:inst5|lpm_mux:lpm_mux_component|mux_vmc:auto_generated|_~43              ; out0             ;
; |mux41|lpm_mux41:inst5|lpm_mux:lpm_mux_component|mux_vmc:auto_generated|result_node[5]~4  ; |mux41|lpm_mux41:inst5|lpm_mux:lpm_mux_component|mux_vmc:auto_generated|result_node[5]~4  ; out0             ;
; |mux41|lpm_mux41:inst5|lpm_mux:lpm_mux_component|mux_vmc:auto_generated|_~46              ; |mux41|lpm_mux41:inst5|lpm_mux:lpm_mux_component|mux_vmc:auto_generated|_~46              ; out0             ;
; |mux41|lpm_mux41:inst5|lpm_mux:lpm_mux_component|mux_vmc:auto_generated|_~48              ; |mux41|lpm_mux41:inst5|lpm_mux:lpm_mux_component|mux_vmc:auto_generated|_~48              ; out0             ;
; |mux41|lpm_mux41:inst5|lpm_mux:lpm_mux_component|mux_vmc:auto_generated|_~49              ; |mux41|lpm_mux41:inst5|lpm_mux:lpm_mux_component|mux_vmc:auto_generated|_~49              ; out0             ;
; |mux41|lpm_mux41:inst5|lpm_mux:lpm_mux_component|mux_vmc:auto_generated|_~50              ; |mux41|lpm_mux41:inst5|lpm_mux:lpm_mux_component|mux_vmc:auto_generated|_~50              ; out0             ;
; |mux41|lpm_mux41:inst5|lpm_mux:lpm_mux_component|mux_vmc:auto_generated|_~51              ; |mux41|lpm_mux41:inst5|lpm_mux:lpm_mux_component|mux_vmc:auto_generated|_~51              ; out0             ;
; |mux41|lpm_mux41:inst5|lpm_mux:lpm_mux_component|mux_vmc:auto_generated|_~53              ; |mux41|lpm_mux41:inst5|lpm_mux:lpm_mux_component|mux_vmc:auto_generated|_~53              ; out0             ;
; |mux41|lpm_mux41:inst5|lpm_mux:lpm_mux_component|mux_vmc:auto_generated|result_node[5]~5  ; |mux41|lpm_mux41:inst5|lpm_mux:lpm_mux_component|mux_vmc:auto_generated|result_node[5]~5  ; out0             ;
; |mux41|lpm_mux41:inst5|lpm_mux:lpm_mux_component|mux_vmc:auto_generated|result_node[5]    ; |mux41|lpm_mux41:inst5|lpm_mux:lpm_mux_component|mux_vmc:auto_generated|result_node[5]    ; out0             ;
; |mux41|lpm_mux41:inst5|lpm_mux:lpm_mux_component|mux_vmc:auto_generated|_~56              ; |mux41|lpm_mux41:inst5|lpm_mux:lpm_mux_component|mux_vmc:auto_generated|_~56              ; out0             ;
; |mux41|lpm_mux41:inst5|lpm_mux:lpm_mux_component|mux_vmc:auto_generated|_~58              ; |mux41|lpm_mux41:inst5|lpm_mux:lpm_mux_component|mux_vmc:auto_generated|_~58              ; out0             ;
; |mux41|lpm_mux41:inst5|lpm_mux:lpm_mux_component|mux_vmc:auto_generated|_~59              ; |mux41|lpm_mux41:inst5|lpm_mux:lpm_mux_component|mux_vmc:auto_generated|_~59              ; out0             ;
; |mux41|lpm_mux41:inst5|lpm_mux:lpm_mux_component|mux_vmc:auto_generated|_~60              ; |mux41|lpm_mux41:inst5|lpm_mux:lpm_mux_component|mux_vmc:auto_generated|_~60              ; out0             ;
; |mux41|lpm_mux41:inst5|lpm_mux:lpm_mux_component|mux_vmc:auto_generated|_~61              ; |mux41|lpm_mux41:inst5|lpm_mux:lpm_mux_component|mux_vmc:auto_generated|_~61              ; out0             ;
; |mux41|lpm_mux41:inst5|lpm_mux:lpm_mux_component|mux_vmc:auto_generated|_~64              ; |mux41|lpm_mux41:inst5|lpm_mux:lpm_mux_component|mux_vmc:auto_generated|_~64              ; out0             ;
; |mux41|lpm_mux41:inst5|lpm_mux:lpm_mux_component|mux_vmc:auto_generated|_~66              ; |mux41|lpm_mux41:inst5|lpm_mux:lpm_mux_component|mux_vmc:auto_generated|_~66              ; out0             ;
; |mux41|lpm_mux41:inst5|lpm_mux:lpm_mux_component|mux_vmc:auto_generated|_~67              ; |mux41|lpm_mux41:inst5|lpm_mux:lpm_mux_component|mux_vmc:auto_generated|_~67              ; out0             ;
; |mux41|lpm_mux41:inst5|lpm_mux:lpm_mux_component|mux_vmc:auto_generated|_~68              ; |mux41|lpm_mux41:inst5|lpm_mux:lpm_mux_component|mux_vmc:auto_generated|_~68              ; out0             ;
; |mux41|lpm_mux41:inst5|lpm_mux:lpm_mux_component|mux_vmc:auto_generated|_~69              ; |mux41|lpm_mux41:inst5|lpm_mux:lpm_mux_component|mux_vmc:auto_generated|_~69              ; out0             ;
; |mux41|lpm_mux41:inst5|lpm_mux:lpm_mux_component|mux_vmc:auto_generated|_~71              ; |mux41|lpm_mux41:inst5|lpm_mux:lpm_mux_component|mux_vmc:auto_generated|_~71              ; out0             ;
; |mux41|lpm_mux41:inst5|lpm_mux:lpm_mux_component|mux_vmc:auto_generated|result_node[4]~7  ; |mux41|lpm_mux41:inst5|lpm_mux:lpm_mux_component|mux_vmc:auto_generated|result_node[4]~7  ; out0             ;
; |mux41|lpm_mux41:inst5|lpm_mux:lpm_mux_component|mux_vmc:auto_generated|result_node[4]    ; |mux41|lpm_mux41:inst5|lpm_mux:lpm_mux_component|mux_vmc:auto_generated|result_node[4]    ; out0             ;
; |mux41|lpm_mux41:inst5|lpm_mux:lpm_mux_component|mux_vmc:auto_generated|_~72              ; |mux41|lpm_mux41:inst5|lpm_mux:lpm_mux_component|mux_vmc:auto_generated|_~72              ; out0             ;
; |mux41|lpm_mux41:inst5|lpm_mux:lpm_mux_component|mux_vmc:auto_generated|_~74              ; |mux41|lpm_mux41:inst5|lpm_mux:lpm_mux_component|mux_vmc:auto_generated|_~74              ; out0             ;
; |mux41|lpm_mux41:inst5|lpm_mux:lpm_mux_component|mux_vmc:auto_generated|_~76              ; |mux41|lpm_mux41:inst5|lpm_mux:lpm_mux_component|mux_vmc:auto_generated|_~76              ; out0             ;
; |mux41|lpm_mux41:inst5|lpm_mux:lpm_mux_component|mux_vmc:auto_generated|_~78              ; |mux41|lpm_mux41:inst5|lpm_mux:lpm_mux_component|mux_vmc:auto_generated|_~78              ; out0             ;
; |mux41|lpm_mux41:inst5|lpm_mux:lpm_mux_component|mux_vmc:auto_generated|_~79              ; |mux41|lpm_mux41:inst5|lpm_mux:lpm_mux_component|mux_vmc:auto_generated|_~79              ; out0             ;
; |mux41|lpm_mux41:inst5|lpm_mux:lpm_mux_component|mux_vmc:auto_generated|result_node[3]~8  ; |mux41|lpm_mux41:inst5|lpm_mux:lpm_mux_component|mux_vmc:auto_generated|result_node[3]~8  ; out0             ;
; |mux41|lpm_mux41:inst5|lpm_mux:lpm_mux_component|mux_vmc:auto_generated|_~82              ; |mux41|lpm_mux41:inst5|lpm_mux:lpm_mux_component|mux_vmc:auto_generated|_~82              ; out0             ;
; |mux41|lpm_mux41:inst5|lpm_mux:lpm_mux_component|mux_vmc:auto_generated|_~84              ; |mux41|lpm_mux41:inst5|lpm_mux:lpm_mux_component|mux_vmc:auto_generated|_~84              ; out0             ;
; |mux41|lpm_mux41:inst5|lpm_mux:lpm_mux_component|mux_vmc:auto_generated|_~86              ; |mux41|lpm_mux41:inst5|lpm_mux:lpm_mux_component|mux_vmc:auto_generated|_~86              ; out0             ;
; |mux41|lpm_mux41:inst5|lpm_mux:lpm_mux_component|mux_vmc:auto_generated|_~87              ; |mux41|lpm_mux41:inst5|lpm_mux:lpm_mux_component|mux_vmc:auto_generated|_~87              ; out0             ;
; |mux41|lpm_mux41:inst5|lpm_mux:lpm_mux_component|mux_vmc:auto_generated|_~89              ; |mux41|lpm_mux41:inst5|lpm_mux:lpm_mux_component|mux_vmc:auto_generated|_~89              ; out0             ;
; |mux41|lpm_mux41:inst5|lpm_mux:lpm_mux_component|mux_vmc:auto_generated|result_node[3]~9  ; |mux41|lpm_mux41:inst5|lpm_mux:lpm_mux_component|mux_vmc:auto_generated|result_node[3]~9  ; out0             ;
; |mux41|lpm_mux41:inst5|lpm_mux:lpm_mux_component|mux_vmc:auto_generated|result_node[3]    ; |mux41|lpm_mux41:inst5|lpm_mux:lpm_mux_component|mux_vmc:auto_generated|result_node[3]    ; out0             ;
; |mux41|lpm_mux41:inst5|lpm_mux:lpm_mux_component|mux_vmc:auto_generated|_~92              ; |mux41|lpm_mux41:inst5|lpm_mux:lpm_mux_component|mux_vmc:auto_generated|_~92              ; out0             ;
; |mux41|lpm_mux41:inst5|lpm_mux:lpm_mux_component|mux_vmc:auto_generated|_~94              ; |mux41|lpm_mux41:inst5|lpm_mux:lpm_mux_component|mux_vmc:auto_generated|_~94              ; out0             ;
; |mux41|lpm_mux41:inst5|lpm_mux:lpm_mux_component|mux_vmc:auto_generated|_~95              ; |mux41|lpm_mux41:inst5|lpm_mux:lpm_mux_component|mux_vmc:auto_generated|_~95              ; out0             ;
; |mux41|lpm_mux41:inst5|lpm_mux:lpm_mux_component|mux_vmc:auto_generated|_~96              ; |mux41|lpm_mux41:inst5|lpm_mux:lpm_mux_component|mux_vmc:auto_generated|_~96              ; out0             ;
; |mux41|lpm_mux41:inst5|lpm_mux:lpm_mux_component|mux_vmc:auto_generated|_~97              ; |mux41|lpm_mux41:inst5|lpm_mux:lpm_mux_component|mux_vmc:auto_generated|_~97              ; out0             ;
; |mux41|lpm_mux41:inst5|lpm_mux:lpm_mux_component|mux_vmc:auto_generated|_~100             ; |mux41|lpm_mux41:inst5|lpm_mux:lpm_mux_component|mux_vmc:auto_generated|_~100             ; out0             ;
; |mux41|lpm_mux41:inst5|lpm_mux:lpm_mux_component|mux_vmc:auto_generated|_~102             ; |mux41|lpm_mux41:inst5|lpm_mux:lpm_mux_component|mux_vmc:auto_generated|_~102             ; out0             ;
; |mux41|lpm_mux41:inst5|lpm_mux:lpm_mux_component|mux_vmc:auto_generated|_~103             ; |mux41|lpm_mux41:inst5|lpm_mux:lpm_mux_component|mux_vmc:auto_generated|_~103             ; out0             ;
; |mux41|lpm_mux41:inst5|lpm_mux:lpm_mux_component|mux_vmc:auto_generated|_~104             ; |mux41|lpm_mux41:inst5|lpm_mux:lpm_mux_component|mux_vmc:auto_generated|_~104             ; out0             ;
; |mux41|lpm_mux41:inst5|lpm_mux:lpm_mux_component|mux_vmc:auto_generated|_~105             ; |mux41|lpm_mux41:inst5|lpm_mux:lpm_mux_component|mux_vmc:auto_generated|_~105             ; out0             ;
; |mux41|lpm_mux41:inst5|lpm_mux:lpm_mux_component|mux_vmc:auto_generated|_~107             ; |mux41|lpm_mux41:inst5|lpm_mux:lpm_mux_component|mux_vmc:auto_generated|_~107             ; out0             ;
; |mux41|lpm_mux41:inst5|lpm_mux:lpm_mux_component|mux_vmc:auto_generated|result_node[2]~11 ; |mux41|lpm_mux41:inst5|lpm_mux:lpm_mux_component|mux_vmc:auto_generated|result_node[2]~11 ; out0             ;
; |mux41|lpm_mux41:inst5|lpm_mux:lpm_mux_component|mux_vmc:auto_generated|result_node[2]    ; |mux41|lpm_mux41:inst5|lpm_mux:lpm_mux_component|mux_vmc:auto_generated|result_node[2]    ; out0             ;
; |mux41|lpm_mux41:inst5|lpm_mux:lpm_mux_component|mux_vmc:auto_generated|_~110             ; |mux41|lpm_mux41:inst5|lpm_mux:lpm_mux_component|mux_vmc:auto_generated|_~110             ; out0             ;
; |mux41|lpm_mux41:inst5|lpm_mux:lpm_mux_component|mux_vmc:auto_generated|_~112             ; |mux41|lpm_mux41:inst5|lpm_mux:lpm_mux_component|mux_vmc:auto_generated|_~112             ; out0             ;
; |mux41|lpm_mux41:inst5|lpm_mux:lpm_mux_component|mux_vmc:auto_generated|_~113             ; |mux41|lpm_mux41:inst5|lpm_mux:lpm_mux_component|mux_vmc:auto_generated|_~113             ; out0             ;
; |mux41|lpm_mux41:inst5|lpm_mux:lpm_mux_component|mux_vmc:auto_generated|_~114             ; |mux41|lpm_mux41:inst5|lpm_mux:lpm_mux_component|mux_vmc:auto_generated|_~114             ; out0             ;
; |mux41|lpm_mux41:inst5|lpm_mux:lpm_mux_component|mux_vmc:auto_generated|_~115             ; |mux41|lpm_mux41:inst5|lpm_mux:lpm_mux_component|mux_vmc:auto_generated|_~115             ; out0             ;
; |mux41|lpm_mux41:inst5|lpm_mux:lpm_mux_component|mux_vmc:auto_generated|_~118             ; |mux41|lpm_mux41:inst5|lpm_mux:lpm_mux_component|mux_vmc:auto_generated|_~118             ; out0             ;
; |mux41|lpm_mux41:inst5|lpm_mux:lpm_mux_component|mux_vmc:auto_generated|_~120             ; |mux41|lpm_mux41:inst5|lpm_mux:lpm_mux_component|mux_vmc:auto_generated|_~120             ; out0             ;
; |mux41|lpm_mux41:inst5|lpm_mux:lpm_mux_component|mux_vmc:auto_generated|_~121             ; |mux41|lpm_mux41:inst5|lpm_mux:lpm_mux_component|mux_vmc:auto_generated|_~121             ; out0             ;
; |mux41|lpm_mux41:inst5|lpm_mux:lpm_mux_component|mux_vmc:auto_generated|_~122             ; |mux41|lpm_mux41:inst5|lpm_mux:lpm_mux_component|mux_vmc:auto_generated|_~122             ; out0             ;
; |mux41|lpm_mux41:inst5|lpm_mux:lpm_mux_component|mux_vmc:auto_generated|_~123             ; |mux41|lpm_mux41:inst5|lpm_mux:lpm_mux_component|mux_vmc:auto_generated|_~123             ; out0             ;
; |mux41|lpm_mux41:inst5|lpm_mux:lpm_mux_component|mux_vmc:auto_generated|_~125             ; |mux41|lpm_mux41:inst5|lpm_mux:lpm_mux_component|mux_vmc:auto_generated|_~125             ; out0             ;
; |mux41|lpm_mux41:inst5|lpm_mux:lpm_mux_component|mux_vmc:auto_generated|result_node[1]~13 ; |mux41|lpm_mux41:inst5|lpm_mux:lpm_mux_component|mux_vmc:auto_generated|result_node[1]~13 ; out0             ;
; |mux41|lpm_mux41:inst5|lpm_mux:lpm_mux_component|mux_vmc:auto_generated|result_node[1]    ; |mux41|lpm_mux41:inst5|lpm_mux:lpm_mux_component|mux_vmc:auto_generated|result_node[1]    ; out0             ;
; |mux41|lpm_mux41:inst5|lpm_mux:lpm_mux_component|mux_vmc:auto_generated|_~131             ; |mux41|lpm_mux41:inst5|lpm_mux:lpm_mux_component|mux_vmc:auto_generated|_~131             ; out0             ;
; |mux41|lpm_mux41:inst5|lpm_mux:lpm_mux_component|mux_vmc:auto_generated|_~132             ; |mux41|lpm_mux41:inst5|lpm_mux:lpm_mux_component|mux_vmc:auto_generated|_~132             ; out0             ;
; |mux41|lpm_mux41:inst5|lpm_mux:lpm_mux_component|mux_vmc:auto_generated|_~133             ; |mux41|lpm_mux41:inst5|lpm_mux:lpm_mux_component|mux_vmc:auto_generated|_~133             ; out0             ;
; |mux41|lpm_mux41:inst5|lpm_mux:lpm_mux_component|mux_vmc:auto_generated|_~139             ; |mux41|lpm_mux41:inst5|lpm_mux:lpm_mux_component|mux_vmc:auto_generated|_~139             ; out0             ;
; |mux41|lpm_mux41:inst5|lpm_mux:lpm_mux_component|mux_vmc:auto_generated|_~140             ; |mux41|lpm_mux41:inst5|lpm_mux:lpm_mux_component|mux_vmc:auto_generated|_~140             ; out0             ;
; |mux41|lpm_mux41:inst5|lpm_mux:lpm_mux_component|mux_vmc:auto_generated|_~141             ; |mux41|lpm_mux41:inst5|lpm_mux:lpm_mux_component|mux_vmc:auto_generated|_~141             ; out0             ;
; |mux41|lpm_mux41:inst5|lpm_mux:lpm_mux_component|mux_vmc:auto_generated|_~143             ; |mux41|lpm_mux41:inst5|lpm_mux:lpm_mux_component|mux_vmc:auto_generated|_~143             ; out0             ;
; |mux41|lpm_mux41:inst5|lpm_mux:lpm_mux_component|mux_vmc:auto_generated|result_node[0]~15 ; |mux41|lpm_mux41:inst5|lpm_mux:lpm_mux_component|mux_vmc:auto_generated|result_node[0]~15 ; out0             ;
; |mux41|lpm_mux41:inst5|lpm_mux:lpm_mux_component|mux_vmc:auto_generated|result_node[0]    ; |mux41|lpm_mux41:inst5|lpm_mux:lpm_mux_component|mux_vmc:auto_generated|result_node[0]    ; out0             ;
; |mux41|lpm_mux41:inst|lpm_mux:lpm_mux_component|mux_vmc:auto_generated|_~2                ; |mux41|lpm_mux41:inst|lpm_mux:lpm_mux_component|mux_vmc:auto_generated|_~2                ; out0             ;
; |mux41|lpm_mux41:inst|lpm_mux:lpm_mux_component|mux_vmc:auto_generated|_~4                ; |mux41|lpm_mux41:inst|lpm_mux:lpm_mux_component|mux_vmc:auto_generated|_~4                ; out0             ;
; |mux41|lpm_mux41:inst|lpm_mux:lpm_mux_component|mux_vmc:auto_generated|_~7                ; |mux41|lpm_mux41:inst|lpm_mux:lpm_mux_component|mux_vmc:auto_generated|_~7                ; out0             ;
; |mux41|lpm_mux41:inst|lpm_mux:lpm_mux_component|mux_vmc:auto_generated|_~10               ; |mux41|lpm_mux41:inst|lpm_mux:lpm_mux_component|mux_vmc:auto_generated|_~10               ; out0             ;
; |mux41|lpm_mux41:inst|lpm_mux:lpm_mux_component|mux_vmc:auto_generated|_~12               ; |mux41|lpm_mux41:inst|lpm_mux:lpm_mux_component|mux_vmc:auto_generated|_~12               ; out0             ;
; |mux41|lpm_mux41:inst|lpm_mux:lpm_mux_component|mux_vmc:auto_generated|_~15               ; |mux41|lpm_mux41:inst|lpm_mux:lpm_mux_component|mux_vmc:auto_generated|_~15               ; out0             ;
; |mux41|lpm_mux41:inst|lpm_mux:lpm_mux_component|mux_vmc:auto_generated|result_node[7]~1   ; |mux41|lpm_mux41:inst|lpm_mux:lpm_mux_component|mux_vmc:auto_generated|result_node[7]~1   ; out0             ;
; |mux41|lpm_mux41:inst|lpm_mux:lpm_mux_component|mux_vmc:auto_generated|result_node[7]     ; |mux41|lpm_mux41:inst|lpm_mux:lpm_mux_component|mux_vmc:auto_generated|result_node[7]     ; out0             ;
; |mux41|lpm_mux41:inst|lpm_mux:lpm_mux_component|mux_vmc:auto_generated|_~20               ; |mux41|lpm_mux41:inst|lpm_mux:lpm_mux_component|mux_vmc:auto_generated|_~20               ; out0             ;
; |mux41|lpm_mux41:inst|lpm_mux:lpm_mux_component|mux_vmc:auto_generated|_~22               ; |mux41|lpm_mux41:inst|lpm_mux:lpm_mux_component|mux_vmc:auto_generated|_~22               ; out0             ;
; |mux41|lpm_mux41:inst|lpm_mux:lpm_mux_component|mux_vmc:auto_generated|_~24               ; |mux41|lpm_mux41:inst|lpm_mux:lpm_mux_component|mux_vmc:auto_generated|_~24               ; out0             ;
; |mux41|lpm_mux41:inst|lpm_mux:lpm_mux_component|mux_vmc:auto_generated|_~25               ; |mux41|lpm_mux41:inst|lpm_mux:lpm_mux_component|mux_vmc:auto_generated|_~25               ; out0             ;
; |mux41|lpm_mux41:inst|lpm_mux:lpm_mux_component|mux_vmc:auto_generated|_~28               ; |mux41|lpm_mux41:inst|lpm_mux:lpm_mux_component|mux_vmc:auto_generated|_~28               ; out0             ;
; |mux41|lpm_mux41:inst|lpm_mux:lpm_mux_component|mux_vmc:auto_generated|_~30               ; |mux41|lpm_mux41:inst|lpm_mux:lpm_mux_component|mux_vmc:auto_generated|_~30               ; out0             ;
; |mux41|lpm_mux41:inst|lpm_mux:lpm_mux_component|mux_vmc:auto_generated|_~32               ; |mux41|lpm_mux41:inst|lpm_mux:lpm_mux_component|mux_vmc:auto_generated|_~32               ; out0             ;
; |mux41|lpm_mux41:inst|lpm_mux:lpm_mux_component|mux_vmc:auto_generated|_~33               ; |mux41|lpm_mux41:inst|lpm_mux:lpm_mux_component|mux_vmc:auto_generated|_~33               ; out0             ;
; |mux41|lpm_mux41:inst|lpm_mux:lpm_mux_component|mux_vmc:auto_generated|result_node[6]~3   ; |mux41|lpm_mux41:inst|lpm_mux:lpm_mux_component|mux_vmc:auto_generated|result_node[6]~3   ; out0             ;
; |mux41|lpm_mux41:inst|lpm_mux:lpm_mux_component|mux_vmc:auto_generated|result_node[6]     ; |mux41|lpm_mux41:inst|lpm_mux:lpm_mux_component|mux_vmc:auto_generated|result_node[6]     ; out0             ;
; |mux41|lpm_mux41:inst|lpm_mux:lpm_mux_component|mux_vmc:auto_generated|_~38               ; |mux41|lpm_mux41:inst|lpm_mux:lpm_mux_component|mux_vmc:auto_generated|_~38               ; out0             ;
; |mux41|lpm_mux41:inst|lpm_mux:lpm_mux_component|mux_vmc:auto_generated|_~40               ; |mux41|lpm_mux41:inst|lpm_mux:lpm_mux_component|mux_vmc:auto_generated|_~40               ; out0             ;
; |mux41|lpm_mux41:inst|lpm_mux:lpm_mux_component|mux_vmc:auto_generated|_~41               ; |mux41|lpm_mux41:inst|lpm_mux:lpm_mux_component|mux_vmc:auto_generated|_~41               ; out0             ;
; |mux41|lpm_mux41:inst|lpm_mux:lpm_mux_component|mux_vmc:auto_generated|_~42               ; |mux41|lpm_mux41:inst|lpm_mux:lpm_mux_component|mux_vmc:auto_generated|_~42               ; out0             ;
; |mux41|lpm_mux41:inst|lpm_mux:lpm_mux_component|mux_vmc:auto_generated|_~43               ; |mux41|lpm_mux41:inst|lpm_mux:lpm_mux_component|mux_vmc:auto_generated|_~43               ; out0             ;
; |mux41|lpm_mux41:inst|lpm_mux:lpm_mux_component|mux_vmc:auto_generated|_~46               ; |mux41|lpm_mux41:inst|lpm_mux:lpm_mux_component|mux_vmc:auto_generated|_~46               ; out0             ;
; |mux41|lpm_mux41:inst|lpm_mux:lpm_mux_component|mux_vmc:auto_generated|_~48               ; |mux41|lpm_mux41:inst|lpm_mux:lpm_mux_component|mux_vmc:auto_generated|_~48               ; out0             ;
; |mux41|lpm_mux41:inst|lpm_mux:lpm_mux_component|mux_vmc:auto_generated|_~49               ; |mux41|lpm_mux41:inst|lpm_mux:lpm_mux_component|mux_vmc:auto_generated|_~49               ; out0             ;
; |mux41|lpm_mux41:inst|lpm_mux:lpm_mux_component|mux_vmc:auto_generated|_~50               ; |mux41|lpm_mux41:inst|lpm_mux:lpm_mux_component|mux_vmc:auto_generated|_~50               ; out0             ;
; |mux41|lpm_mux41:inst|lpm_mux:lpm_mux_component|mux_vmc:auto_generated|_~51               ; |mux41|lpm_mux41:inst|lpm_mux:lpm_mux_component|mux_vmc:auto_generated|_~51               ; out0             ;
; |mux41|lpm_mux41:inst|lpm_mux:lpm_mux_component|mux_vmc:auto_generated|result_node[5]~5   ; |mux41|lpm_mux41:inst|lpm_mux:lpm_mux_component|mux_vmc:auto_generated|result_node[5]~5   ; out0             ;
; |mux41|lpm_mux41:inst|lpm_mux:lpm_mux_component|mux_vmc:auto_generated|result_node[5]     ; |mux41|lpm_mux41:inst|lpm_mux:lpm_mux_component|mux_vmc:auto_generated|result_node[5]     ; out0             ;
; |mux41|lpm_mux41:inst|lpm_mux:lpm_mux_component|mux_vmc:auto_generated|_~56               ; |mux41|lpm_mux41:inst|lpm_mux:lpm_mux_component|mux_vmc:auto_generated|_~56               ; out0             ;
; |mux41|lpm_mux41:inst|lpm_mux:lpm_mux_component|mux_vmc:auto_generated|_~58               ; |mux41|lpm_mux41:inst|lpm_mux:lpm_mux_component|mux_vmc:auto_generated|_~58               ; out0             ;
; |mux41|lpm_mux41:inst|lpm_mux:lpm_mux_component|mux_vmc:auto_generated|_~59               ; |mux41|lpm_mux41:inst|lpm_mux:lpm_mux_component|mux_vmc:auto_generated|_~59               ; out0             ;
; |mux41|lpm_mux41:inst|lpm_mux:lpm_mux_component|mux_vmc:auto_generated|_~60               ; |mux41|lpm_mux41:inst|lpm_mux:lpm_mux_component|mux_vmc:auto_generated|_~60               ; out0             ;
; |mux41|lpm_mux41:inst|lpm_mux:lpm_mux_component|mux_vmc:auto_generated|_~61               ; |mux41|lpm_mux41:inst|lpm_mux:lpm_mux_component|mux_vmc:auto_generated|_~61               ; out0             ;
; |mux41|lpm_mux41:inst|lpm_mux:lpm_mux_component|mux_vmc:auto_generated|_~64               ; |mux41|lpm_mux41:inst|lpm_mux:lpm_mux_component|mux_vmc:auto_generated|_~64               ; out0             ;
; |mux41|lpm_mux41:inst|lpm_mux:lpm_mux_component|mux_vmc:auto_generated|_~66               ; |mux41|lpm_mux41:inst|lpm_mux:lpm_mux_component|mux_vmc:auto_generated|_~66               ; out0             ;
; |mux41|lpm_mux41:inst|lpm_mux:lpm_mux_component|mux_vmc:auto_generated|_~67               ; |mux41|lpm_mux41:inst|lpm_mux:lpm_mux_component|mux_vmc:auto_generated|_~67               ; out0             ;
; |mux41|lpm_mux41:inst|lpm_mux:lpm_mux_component|mux_vmc:auto_generated|_~68               ; |mux41|lpm_mux41:inst|lpm_mux:lpm_mux_component|mux_vmc:auto_generated|_~68               ; out0             ;
; |mux41|lpm_mux41:inst|lpm_mux:lpm_mux_component|mux_vmc:auto_generated|_~69               ; |mux41|lpm_mux41:inst|lpm_mux:lpm_mux_component|mux_vmc:auto_generated|_~69               ; out0             ;
; |mux41|lpm_mux41:inst|lpm_mux:lpm_mux_component|mux_vmc:auto_generated|result_node[4]~7   ; |mux41|lpm_mux41:inst|lpm_mux:lpm_mux_component|mux_vmc:auto_generated|result_node[4]~7   ; out0             ;
; |mux41|lpm_mux41:inst|lpm_mux:lpm_mux_component|mux_vmc:auto_generated|result_node[4]     ; |mux41|lpm_mux41:inst|lpm_mux:lpm_mux_component|mux_vmc:auto_generated|result_node[4]     ; out0             ;
; |mux41|lpm_mux41:inst|lpm_mux:lpm_mux_component|mux_vmc:auto_generated|_~74               ; |mux41|lpm_mux41:inst|lpm_mux:lpm_mux_component|mux_vmc:auto_generated|_~74               ; out0             ;
; |mux41|lpm_mux41:inst|lpm_mux:lpm_mux_component|mux_vmc:auto_generated|_~76               ; |mux41|lpm_mux41:inst|lpm_mux:lpm_mux_component|mux_vmc:auto_generated|_~76               ; out0             ;
; |mux41|lpm_mux41:inst|lpm_mux:lpm_mux_component|mux_vmc:auto_generated|_~78               ; |mux41|lpm_mux41:inst|lpm_mux:lpm_mux_component|mux_vmc:auto_generated|_~78               ; out0             ;
; |mux41|lpm_mux41:inst|lpm_mux:lpm_mux_component|mux_vmc:auto_generated|_~82               ; |mux41|lpm_mux41:inst|lpm_mux:lpm_mux_component|mux_vmc:auto_generated|_~82               ; out0             ;
; |mux41|lpm_mux41:inst|lpm_mux:lpm_mux_component|mux_vmc:auto_generated|_~84               ; |mux41|lpm_mux41:inst|lpm_mux:lpm_mux_component|mux_vmc:auto_generated|_~84               ; out0             ;
; |mux41|lpm_mux41:inst|lpm_mux:lpm_mux_component|mux_vmc:auto_generated|_~86               ; |mux41|lpm_mux41:inst|lpm_mux:lpm_mux_component|mux_vmc:auto_generated|_~86               ; out0             ;
; |mux41|lpm_mux41:inst|lpm_mux:lpm_mux_component|mux_vmc:auto_generated|_~92               ; |mux41|lpm_mux41:inst|lpm_mux:lpm_mux_component|mux_vmc:auto_generated|_~92               ; out0             ;
; |mux41|lpm_mux41:inst|lpm_mux:lpm_mux_component|mux_vmc:auto_generated|_~94               ; |mux41|lpm_mux41:inst|lpm_mux:lpm_mux_component|mux_vmc:auto_generated|_~94               ; out0             ;
; |mux41|lpm_mux41:inst|lpm_mux:lpm_mux_component|mux_vmc:auto_generated|_~95               ; |mux41|lpm_mux41:inst|lpm_mux:lpm_mux_component|mux_vmc:auto_generated|_~95               ; out0             ;
; |mux41|lpm_mux41:inst|lpm_mux:lpm_mux_component|mux_vmc:auto_generated|_~96               ; |mux41|lpm_mux41:inst|lpm_mux:lpm_mux_component|mux_vmc:auto_generated|_~96               ; out0             ;
; |mux41|lpm_mux41:inst|lpm_mux:lpm_mux_component|mux_vmc:auto_generated|_~97               ; |mux41|lpm_mux41:inst|lpm_mux:lpm_mux_component|mux_vmc:auto_generated|_~97               ; out0             ;
; |mux41|lpm_mux41:inst|lpm_mux:lpm_mux_component|mux_vmc:auto_generated|_~100              ; |mux41|lpm_mux41:inst|lpm_mux:lpm_mux_component|mux_vmc:auto_generated|_~100              ; out0             ;
; |mux41|lpm_mux41:inst|lpm_mux:lpm_mux_component|mux_vmc:auto_generated|_~102              ; |mux41|lpm_mux41:inst|lpm_mux:lpm_mux_component|mux_vmc:auto_generated|_~102              ; out0             ;
; |mux41|lpm_mux41:inst|lpm_mux:lpm_mux_component|mux_vmc:auto_generated|_~103              ; |mux41|lpm_mux41:inst|lpm_mux:lpm_mux_component|mux_vmc:auto_generated|_~103              ; out0             ;
; |mux41|lpm_mux41:inst|lpm_mux:lpm_mux_component|mux_vmc:auto_generated|_~104              ; |mux41|lpm_mux41:inst|lpm_mux:lpm_mux_component|mux_vmc:auto_generated|_~104              ; out0             ;
; |mux41|lpm_mux41:inst|lpm_mux:lpm_mux_component|mux_vmc:auto_generated|_~105              ; |mux41|lpm_mux41:inst|lpm_mux:lpm_mux_component|mux_vmc:auto_generated|_~105              ; out0             ;
; |mux41|lpm_mux41:inst|lpm_mux:lpm_mux_component|mux_vmc:auto_generated|result_node[2]~11  ; |mux41|lpm_mux41:inst|lpm_mux:lpm_mux_component|mux_vmc:auto_generated|result_node[2]~11  ; out0             ;
; |mux41|lpm_mux41:inst|lpm_mux:lpm_mux_component|mux_vmc:auto_generated|result_node[2]     ; |mux41|lpm_mux41:inst|lpm_mux:lpm_mux_component|mux_vmc:auto_generated|result_node[2]     ; out0             ;
; |mux41|lpm_mux41:inst|lpm_mux:lpm_mux_component|mux_vmc:auto_generated|_~110              ; |mux41|lpm_mux41:inst|lpm_mux:lpm_mux_component|mux_vmc:auto_generated|_~110              ; out0             ;
; |mux41|lpm_mux41:inst|lpm_mux:lpm_mux_component|mux_vmc:auto_generated|_~112              ; |mux41|lpm_mux41:inst|lpm_mux:lpm_mux_component|mux_vmc:auto_generated|_~112              ; out0             ;
; |mux41|lpm_mux41:inst|lpm_mux:lpm_mux_component|mux_vmc:auto_generated|_~113              ; |mux41|lpm_mux41:inst|lpm_mux:lpm_mux_component|mux_vmc:auto_generated|_~113              ; out0             ;
; |mux41|lpm_mux41:inst|lpm_mux:lpm_mux_component|mux_vmc:auto_generated|_~114              ; |mux41|lpm_mux41:inst|lpm_mux:lpm_mux_component|mux_vmc:auto_generated|_~114              ; out0             ;
; |mux41|lpm_mux41:inst|lpm_mux:lpm_mux_component|mux_vmc:auto_generated|_~115              ; |mux41|lpm_mux41:inst|lpm_mux:lpm_mux_component|mux_vmc:auto_generated|_~115              ; out0             ;
; |mux41|lpm_mux41:inst|lpm_mux:lpm_mux_component|mux_vmc:auto_generated|_~118              ; |mux41|lpm_mux41:inst|lpm_mux:lpm_mux_component|mux_vmc:auto_generated|_~118              ; out0             ;
; |mux41|lpm_mux41:inst|lpm_mux:lpm_mux_component|mux_vmc:auto_generated|_~120              ; |mux41|lpm_mux41:inst|lpm_mux:lpm_mux_component|mux_vmc:auto_generated|_~120              ; out0             ;
; |mux41|lpm_mux41:inst|lpm_mux:lpm_mux_component|mux_vmc:auto_generated|_~121              ; |mux41|lpm_mux41:inst|lpm_mux:lpm_mux_component|mux_vmc:auto_generated|_~121              ; out0             ;
; |mux41|lpm_mux41:inst|lpm_mux:lpm_mux_component|mux_vmc:auto_generated|_~122              ; |mux41|lpm_mux41:inst|lpm_mux:lpm_mux_component|mux_vmc:auto_generated|_~122              ; out0             ;
; |mux41|lpm_mux41:inst|lpm_mux:lpm_mux_component|mux_vmc:auto_generated|_~123              ; |mux41|lpm_mux41:inst|lpm_mux:lpm_mux_component|mux_vmc:auto_generated|_~123              ; out0             ;
; |mux41|lpm_mux41:inst|lpm_mux:lpm_mux_component|mux_vmc:auto_generated|result_node[1]~13  ; |mux41|lpm_mux41:inst|lpm_mux:lpm_mux_component|mux_vmc:auto_generated|result_node[1]~13  ; out0             ;
; |mux41|lpm_mux41:inst|lpm_mux:lpm_mux_component|mux_vmc:auto_generated|result_node[1]     ; |mux41|lpm_mux41:inst|lpm_mux:lpm_mux_component|mux_vmc:auto_generated|result_node[1]     ; out0             ;
+-------------------------------------------------------------------------------------------+-------------------------------------------------------------------------------------------+------------------+


The following table displays output ports that do not toggle to 1 during simulation.
+----------------------------------------------------------------------------------------------------------------------------------------------------------------------------------------------------------+
; Missing 1-Value Coverage                                                                                                                                                                                 ;
+-------------------------------------------------------------------------------------------+-------------------------------------------------------------------------------------------+------------------+
; Node Name                                                                                 ; Output Port Name                                                                          ; Output Port Type ;
+-------------------------------------------------------------------------------------------+-------------------------------------------------------------------------------------------+------------------+
; |mux41|A[3]                                                                               ; |mux41|A[3]                                                                               ; pin_out          ;
; |mux41|A[0]                                                                               ; |mux41|A[0]                                                                               ; pin_out          ;
; |mux41|R0[3]                                                                              ; |mux41|R0[3]                                                                              ; out              ;
; |mux41|R0[1]                                                                              ; |mux41|R0[1]                                                                              ; out              ;
; |mux41|R0[0]                                                                              ; |mux41|R0[0]                                                                              ; out              ;
; |mux41|R1[7]                                                                              ; |mux41|R1[7]                                                                              ; out              ;
; |mux41|R1[6]                                                                              ; |mux41|R1[6]                                                                              ; out              ;
; |mux41|R1[5]                                                                              ; |mux41|R1[5]                                                                              ; out              ;
; |mux41|R1[4]                                                                              ; |mux41|R1[4]                                                                              ; out              ;
; |mux41|R1[3]                                                                              ; |mux41|R1[3]                                                                              ; out              ;
; |mux41|R1[2]                                                                              ; |mux41|R1[2]                                                                              ; out              ;
; |mux41|R1[1]                                                                              ; |mux41|R1[1]                                                                              ; out              ;
; |mux41|R1[0]                                                                              ; |mux41|R1[0]                                                                              ; out              ;
; |mux41|R2[7]                                                                              ; |mux41|R2[7]                                                                              ; out              ;
; |mux41|R2[6]                                                                              ; |mux41|R2[6]                                                                              ; out              ;
; |mux41|R2[3]                                                                              ; |mux41|R2[3]                                                                              ; out              ;
; |mux41|R2[0]                                                                              ; |mux41|R2[0]                                                                              ; out              ;
; |mux41|R3[7]                                                                              ; |mux41|R3[7]                                                                              ; out              ;
; |mux41|R3[6]                                                                              ; |mux41|R3[6]                                                                              ; out              ;
; |mux41|R3[5]                                                                              ; |mux41|R3[5]                                                                              ; out              ;
; |mux41|R3[4]                                                                              ; |mux41|R3[4]                                                                              ; out              ;
; |mux41|R3[3]                                                                              ; |mux41|R3[3]                                                                              ; out              ;
; |mux41|R3[2]                                                                              ; |mux41|R3[2]                                                                              ; out              ;
; |mux41|R3[1]                                                                              ; |mux41|R3[1]                                                                              ; out              ;
; |mux41|R3[0]                                                                              ; |mux41|R3[0]                                                                              ; out              ;
; |mux41|Rs[0]                                                                              ; |mux41|Rs[0]                                                                              ; out              ;
; |mux41|lpm_mux41:inst5|lpm_mux:lpm_mux_component|mux_vmc:auto_generated|_~0               ; |mux41|lpm_mux41:inst5|lpm_mux:lpm_mux_component|mux_vmc:auto_generated|_~0               ; out0             ;
; |mux41|lpm_mux41:inst5|lpm_mux:lpm_mux_component|mux_vmc:auto_generated|_~4               ; |mux41|lpm_mux41:inst5|lpm_mux:lpm_mux_component|mux_vmc:auto_generated|_~4               ; out0             ;
; |mux41|lpm_mux41:inst5|lpm_mux:lpm_mux_component|mux_vmc:auto_generated|result_node[7]~0  ; |mux41|lpm_mux41:inst5|lpm_mux:lpm_mux_component|mux_vmc:auto_generated|result_node[7]~0  ; out0             ;
; |mux41|lpm_mux41:inst5|lpm_mux:lpm_mux_component|mux_vmc:auto_generated|_~12              ; |mux41|lpm_mux41:inst5|lpm_mux:lpm_mux_component|mux_vmc:auto_generated|_~12              ; out0             ;
; |mux41|lpm_mux41:inst5|lpm_mux:lpm_mux_component|mux_vmc:auto_generated|_~17              ; |mux41|lpm_mux41:inst5|lpm_mux:lpm_mux_component|mux_vmc:auto_generated|_~17              ; out0             ;
; |mux41|lpm_mux41:inst5|lpm_mux:lpm_mux_component|mux_vmc:auto_generated|_~18              ; |mux41|lpm_mux41:inst5|lpm_mux:lpm_mux_component|mux_vmc:auto_generated|_~18              ; out0             ;
; |mux41|lpm_mux41:inst5|lpm_mux:lpm_mux_component|mux_vmc:auto_generated|_~22              ; |mux41|lpm_mux41:inst5|lpm_mux:lpm_mux_component|mux_vmc:auto_generated|_~22              ; out0             ;
; |mux41|lpm_mux41:inst5|lpm_mux:lpm_mux_component|mux_vmc:auto_generated|_~23              ; |mux41|lpm_mux41:inst5|lpm_mux:lpm_mux_component|mux_vmc:auto_generated|_~23              ; out0             ;
; |mux41|lpm_mux41:inst5|lpm_mux:lpm_mux_component|mux_vmc:auto_generated|result_node[6]~2  ; |mux41|lpm_mux41:inst5|lpm_mux:lpm_mux_component|mux_vmc:auto_generated|result_node[6]~2  ; out0             ;
; |mux41|lpm_mux41:inst5|lpm_mux:lpm_mux_component|mux_vmc:auto_generated|_~30              ; |mux41|lpm_mux41:inst5|lpm_mux:lpm_mux_component|mux_vmc:auto_generated|_~30              ; out0             ;
; |mux41|lpm_mux41:inst5|lpm_mux:lpm_mux_component|mux_vmc:auto_generated|_~31              ; |mux41|lpm_mux41:inst5|lpm_mux:lpm_mux_component|mux_vmc:auto_generated|_~31              ; out0             ;
; |mux41|lpm_mux41:inst5|lpm_mux:lpm_mux_component|mux_vmc:auto_generated|_~35              ; |mux41|lpm_mux41:inst5|lpm_mux:lpm_mux_component|mux_vmc:auto_generated|_~35              ; out0             ;
; |mux41|lpm_mux41:inst5|lpm_mux:lpm_mux_component|mux_vmc:auto_generated|_~54              ; |mux41|lpm_mux41:inst5|lpm_mux:lpm_mux_component|mux_vmc:auto_generated|_~54              ; out0             ;
; |mux41|lpm_mux41:inst5|lpm_mux:lpm_mux_component|mux_vmc:auto_generated|result_node[4]~6  ; |mux41|lpm_mux41:inst5|lpm_mux:lpm_mux_component|mux_vmc:auto_generated|result_node[4]~6  ; out0             ;
; |mux41|lpm_mux41:inst5|lpm_mux:lpm_mux_component|mux_vmc:auto_generated|_~77              ; |mux41|lpm_mux41:inst5|lpm_mux:lpm_mux_component|mux_vmc:auto_generated|_~77              ; out0             ;
; |mux41|lpm_mux41:inst5|lpm_mux:lpm_mux_component|mux_vmc:auto_generated|_~85              ; |mux41|lpm_mux41:inst5|lpm_mux:lpm_mux_component|mux_vmc:auto_generated|_~85              ; out0             ;
; |mux41|lpm_mux41:inst5|lpm_mux:lpm_mux_component|mux_vmc:auto_generated|_~90              ; |mux41|lpm_mux41:inst5|lpm_mux:lpm_mux_component|mux_vmc:auto_generated|_~90              ; out0             ;
; |mux41|lpm_mux41:inst5|lpm_mux:lpm_mux_component|mux_vmc:auto_generated|result_node[2]~10 ; |mux41|lpm_mux41:inst5|lpm_mux:lpm_mux_component|mux_vmc:auto_generated|result_node[2]~10 ; out0             ;
; |mux41|lpm_mux41:inst5|lpm_mux:lpm_mux_component|mux_vmc:auto_generated|_~108             ; |mux41|lpm_mux41:inst5|lpm_mux:lpm_mux_component|mux_vmc:auto_generated|_~108             ; out0             ;
; |mux41|lpm_mux41:inst5|lpm_mux:lpm_mux_component|mux_vmc:auto_generated|result_node[1]~12 ; |mux41|lpm_mux41:inst5|lpm_mux:lpm_mux_component|mux_vmc:auto_generated|result_node[1]~12 ; out0             ;
; |mux41|lpm_mux41:inst5|lpm_mux:lpm_mux_component|mux_vmc:auto_generated|_~126             ; |mux41|lpm_mux41:inst5|lpm_mux:lpm_mux_component|mux_vmc:auto_generated|_~126             ; out0             ;
; |mux41|lpm_mux41:inst5|lpm_mux:lpm_mux_component|mux_vmc:auto_generated|_~128             ; |mux41|lpm_mux41:inst5|lpm_mux:lpm_mux_component|mux_vmc:auto_generated|_~128             ; out0             ;
; |mux41|lpm_mux41:inst5|lpm_mux:lpm_mux_component|mux_vmc:auto_generated|_~130             ; |mux41|lpm_mux41:inst5|lpm_mux:lpm_mux_component|mux_vmc:auto_generated|_~130             ; out0             ;
; |mux41|lpm_mux41:inst5|lpm_mux:lpm_mux_component|mux_vmc:auto_generated|result_node[0]~14 ; |mux41|lpm_mux41:inst5|lpm_mux:lpm_mux_component|mux_vmc:auto_generated|result_node[0]~14 ; out0             ;
; |mux41|lpm_mux41:inst5|lpm_mux:lpm_mux_component|mux_vmc:auto_generated|_~136             ; |mux41|lpm_mux41:inst5|lpm_mux:lpm_mux_component|mux_vmc:auto_generated|_~136             ; out0             ;
; |mux41|lpm_mux41:inst5|lpm_mux:lpm_mux_component|mux_vmc:auto_generated|_~138             ; |mux41|lpm_mux41:inst5|lpm_mux:lpm_mux_component|mux_vmc:auto_generated|_~138             ; out0             ;
; |mux41|lpm_mux41:inst|lpm_mux:lpm_mux_component|mux_vmc:auto_generated|_~0                ; |mux41|lpm_mux41:inst|lpm_mux:lpm_mux_component|mux_vmc:auto_generated|_~0                ; out0             ;
; |mux41|lpm_mux41:inst|lpm_mux:lpm_mux_component|mux_vmc:auto_generated|_~5                ; |mux41|lpm_mux41:inst|lpm_mux:lpm_mux_component|mux_vmc:auto_generated|_~5                ; out0             ;
; |mux41|lpm_mux41:inst|lpm_mux:lpm_mux_component|mux_vmc:auto_generated|_~6                ; |mux41|lpm_mux41:inst|lpm_mux:lpm_mux_component|mux_vmc:auto_generated|_~6                ; out0             ;
; |mux41|lpm_mux41:inst|lpm_mux:lpm_mux_component|mux_vmc:auto_generated|result_node[7]~0   ; |mux41|lpm_mux41:inst|lpm_mux:lpm_mux_component|mux_vmc:auto_generated|result_node[7]~0   ; out0             ;
; |mux41|lpm_mux41:inst|lpm_mux:lpm_mux_component|mux_vmc:auto_generated|_~13               ; |mux41|lpm_mux41:inst|lpm_mux:lpm_mux_component|mux_vmc:auto_generated|_~13               ; out0             ;
; |mux41|lpm_mux41:inst|lpm_mux:lpm_mux_component|mux_vmc:auto_generated|_~14               ; |mux41|lpm_mux41:inst|lpm_mux:lpm_mux_component|mux_vmc:auto_generated|_~14               ; out0             ;
; |mux41|lpm_mux41:inst|lpm_mux:lpm_mux_component|mux_vmc:auto_generated|_~17               ; |mux41|lpm_mux41:inst|lpm_mux:lpm_mux_component|mux_vmc:auto_generated|_~17               ; out0             ;
; |mux41|lpm_mux41:inst|lpm_mux:lpm_mux_component|mux_vmc:auto_generated|_~18               ; |mux41|lpm_mux41:inst|lpm_mux:lpm_mux_component|mux_vmc:auto_generated|_~18               ; out0             ;
; |mux41|lpm_mux41:inst|lpm_mux:lpm_mux_component|mux_vmc:auto_generated|_~23               ; |mux41|lpm_mux41:inst|lpm_mux:lpm_mux_component|mux_vmc:auto_generated|_~23               ; out0             ;
; |mux41|lpm_mux41:inst|lpm_mux:lpm_mux_component|mux_vmc:auto_generated|result_node[6]~2   ; |mux41|lpm_mux41:inst|lpm_mux:lpm_mux_component|mux_vmc:auto_generated|result_node[6]~2   ; out0             ;
; |mux41|lpm_mux41:inst|lpm_mux:lpm_mux_component|mux_vmc:auto_generated|_~31               ; |mux41|lpm_mux41:inst|lpm_mux:lpm_mux_component|mux_vmc:auto_generated|_~31               ; out0             ;
; |mux41|lpm_mux41:inst|lpm_mux:lpm_mux_component|mux_vmc:auto_generated|_~35               ; |mux41|lpm_mux41:inst|lpm_mux:lpm_mux_component|mux_vmc:auto_generated|_~35               ; out0             ;
; |mux41|lpm_mux41:inst|lpm_mux:lpm_mux_component|mux_vmc:auto_generated|_~36               ; |mux41|lpm_mux41:inst|lpm_mux:lpm_mux_component|mux_vmc:auto_generated|_~36               ; out0             ;
; |mux41|lpm_mux41:inst|lpm_mux:lpm_mux_component|mux_vmc:auto_generated|result_node[5]~4   ; |mux41|lpm_mux41:inst|lpm_mux:lpm_mux_component|mux_vmc:auto_generated|result_node[5]~4   ; out0             ;
; |mux41|lpm_mux41:inst|lpm_mux:lpm_mux_component|mux_vmc:auto_generated|_~53               ; |mux41|lpm_mux41:inst|lpm_mux:lpm_mux_component|mux_vmc:auto_generated|_~53               ; out0             ;
; |mux41|lpm_mux41:inst|lpm_mux:lpm_mux_component|mux_vmc:auto_generated|_~54               ; |mux41|lpm_mux41:inst|lpm_mux:lpm_mux_component|mux_vmc:auto_generated|_~54               ; out0             ;
; |mux41|lpm_mux41:inst|lpm_mux:lpm_mux_component|mux_vmc:auto_generated|result_node[4]~6   ; |mux41|lpm_mux41:inst|lpm_mux:lpm_mux_component|mux_vmc:auto_generated|result_node[4]~6   ; out0             ;
; |mux41|lpm_mux41:inst|lpm_mux:lpm_mux_component|mux_vmc:auto_generated|_~71               ; |mux41|lpm_mux41:inst|lpm_mux:lpm_mux_component|mux_vmc:auto_generated|_~71               ; out0             ;
; |mux41|lpm_mux41:inst|lpm_mux:lpm_mux_component|mux_vmc:auto_generated|_~72               ; |mux41|lpm_mux41:inst|lpm_mux:lpm_mux_component|mux_vmc:auto_generated|_~72               ; out0             ;
; |mux41|lpm_mux41:inst|lpm_mux:lpm_mux_component|mux_vmc:auto_generated|_~77               ; |mux41|lpm_mux41:inst|lpm_mux:lpm_mux_component|mux_vmc:auto_generated|_~77               ; out0             ;
; |mux41|lpm_mux41:inst|lpm_mux:lpm_mux_component|mux_vmc:auto_generated|_~79               ; |mux41|lpm_mux41:inst|lpm_mux:lpm_mux_component|mux_vmc:auto_generated|_~79               ; out0             ;
; |mux41|lpm_mux41:inst|lpm_mux:lpm_mux_component|mux_vmc:auto_generated|result_node[3]~8   ; |mux41|lpm_mux41:inst|lpm_mux:lpm_mux_component|mux_vmc:auto_generated|result_node[3]~8   ; out0             ;
; |mux41|lpm_mux41:inst|lpm_mux:lpm_mux_component|mux_vmc:auto_generated|_~85               ; |mux41|lpm_mux41:inst|lpm_mux:lpm_mux_component|mux_vmc:auto_generated|_~85               ; out0             ;
; |mux41|lpm_mux41:inst|lpm_mux:lpm_mux_component|mux_vmc:auto_generated|_~87               ; |mux41|lpm_mux41:inst|lpm_mux:lpm_mux_component|mux_vmc:auto_generated|_~87               ; out0             ;
; |mux41|lpm_mux41:inst|lpm_mux:lpm_mux_component|mux_vmc:auto_generated|_~89               ; |mux41|lpm_mux41:inst|lpm_mux:lpm_mux_component|mux_vmc:auto_generated|_~89               ; out0             ;
; |mux41|lpm_mux41:inst|lpm_mux:lpm_mux_component|mux_vmc:auto_generated|result_node[3]~9   ; |mux41|lpm_mux41:inst|lpm_mux:lpm_mux_component|mux_vmc:auto_generated|result_node[3]~9   ; out0             ;
; |mux41|lpm_mux41:inst|lpm_mux:lpm_mux_component|mux_vmc:auto_generated|result_node[3]     ; |mux41|lpm_mux41:inst|lpm_mux:lpm_mux_component|mux_vmc:auto_generated|result_node[3]     ; out0             ;
; |mux41|lpm_mux41:inst|lpm_mux:lpm_mux_component|mux_vmc:auto_generated|_~90               ; |mux41|lpm_mux41:inst|lpm_mux:lpm_mux_component|mux_vmc:auto_generated|_~90               ; out0             ;
; |mux41|lpm_mux41:inst|lpm_mux:lpm_mux_component|mux_vmc:auto_generated|result_node[2]~10  ; |mux41|lpm_mux41:inst|lpm_mux:lpm_mux_component|mux_vmc:auto_generated|result_node[2]~10  ; out0             ;
; |mux41|lpm_mux41:inst|lpm_mux:lpm_mux_component|mux_vmc:auto_generated|_~107              ; |mux41|lpm_mux41:inst|lpm_mux:lpm_mux_component|mux_vmc:auto_generated|_~107              ; out0             ;
; |mux41|lpm_mux41:inst|lpm_mux:lpm_mux_component|mux_vmc:auto_generated|_~108              ; |mux41|lpm_mux41:inst|lpm_mux:lpm_mux_component|mux_vmc:auto_generated|_~108              ; out0             ;
; |mux41|lpm_mux41:inst|lpm_mux:lpm_mux_component|mux_vmc:auto_generated|result_node[1]~12  ; |mux41|lpm_mux41:inst|lpm_mux:lpm_mux_component|mux_vmc:auto_generated|result_node[1]~12  ; out0             ;
; |mux41|lpm_mux41:inst|lpm_mux:lpm_mux_component|mux_vmc:auto_generated|_~125              ; |mux41|lpm_mux41:inst|lpm_mux:lpm_mux_component|mux_vmc:auto_generated|_~125              ; out0             ;
; |mux41|lpm_mux41:inst|lpm_mux:lpm_mux_component|mux_vmc:auto_generated|_~126              ; |mux41|lpm_mux41:inst|lpm_mux:lpm_mux_component|mux_vmc:auto_generated|_~126              ; out0             ;
; |mux41|lpm_mux41:inst|lpm_mux:lpm_mux_component|mux_vmc:auto_generated|_~128              ; |mux41|lpm_mux41:inst|lpm_mux:lpm_mux_component|mux_vmc:auto_generated|_~128              ; out0             ;
; |mux41|lpm_mux41:inst|lpm_mux:lpm_mux_component|mux_vmc:auto_generated|_~130              ; |mux41|lpm_mux41:inst|lpm_mux:lpm_mux_component|mux_vmc:auto_generated|_~130              ; out0             ;
; |mux41|lpm_mux41:inst|lpm_mux:lpm_mux_component|mux_vmc:auto_generated|_~131              ; |mux41|lpm_mux41:inst|lpm_mux:lpm_mux_component|mux_vmc:auto_generated|_~131              ; out0             ;
; |mux41|lpm_mux41:inst|lpm_mux:lpm_mux_component|mux_vmc:auto_generated|_~132              ; |mux41|lpm_mux41:inst|lpm_mux:lpm_mux_component|mux_vmc:auto_generated|_~132              ; out0             ;
; |mux41|lpm_mux41:inst|lpm_mux:lpm_mux_component|mux_vmc:auto_generated|_~133              ; |mux41|lpm_mux41:inst|lpm_mux:lpm_mux_component|mux_vmc:auto_generated|_~133              ; out0             ;
; |mux41|lpm_mux41:inst|lpm_mux:lpm_mux_component|mux_vmc:auto_generated|result_node[0]~14  ; |mux41|lpm_mux41:inst|lpm_mux:lpm_mux_component|mux_vmc:auto_generated|result_node[0]~14  ; out0             ;
; |mux41|lpm_mux41:inst|lpm_mux:lpm_mux_component|mux_vmc:auto_generated|_~136              ; |mux41|lpm_mux41:inst|lpm_mux:lpm_mux_component|mux_vmc:auto_generated|_~136              ; out0             ;
; |mux41|lpm_mux41:inst|lpm_mux:lpm_mux_component|mux_vmc:auto_generated|_~138              ; |mux41|lpm_mux41:inst|lpm_mux:lpm_mux_component|mux_vmc:auto_generated|_~138              ; out0             ;
; |mux41|lpm_mux41:inst|lpm_mux:lpm_mux_component|mux_vmc:auto_generated|_~139              ; |mux41|lpm_mux41:inst|lpm_mux:lpm_mux_component|mux_vmc:auto_generated|_~139              ; out0             ;
; |mux41|lpm_mux41:inst|lpm_mux:lpm_mux_component|mux_vmc:auto_generated|_~140              ; |mux41|lpm_mux41:inst|lpm_mux:lpm_mux_component|mux_vmc:auto_generated|_~140              ; out0             ;
; |mux41|lpm_mux41:inst|lpm_mux:lpm_mux_component|mux_vmc:auto_generated|_~141              ; |mux41|lpm_mux41:inst|lpm_mux:lpm_mux_component|mux_vmc:auto_generated|_~141              ; out0             ;
; |mux41|lpm_mux41:inst|lpm_mux:lpm_mux_component|mux_vmc:auto_generated|_~143              ; |mux41|lpm_mux41:inst|lpm_mux:lpm_mux_component|mux_vmc:auto_generated|_~143              ; out0             ;
; |mux41|lpm_mux41:inst|lpm_mux:lpm_mux_component|mux_vmc:auto_generated|result_node[0]~15  ; |mux41|lpm_mux41:inst|lpm_mux:lpm_mux_component|mux_vmc:auto_generated|result_node[0]~15  ; out0             ;
; |mux41|lpm_mux41:inst|lpm_mux:lpm_mux_component|mux_vmc:auto_generated|result_node[0]     ; |mux41|lpm_mux41:inst|lpm_mux:lpm_mux_component|mux_vmc:auto_generated|result_node[0]     ; out0             ;
+-------------------------------------------------------------------------------------------+-------------------------------------------------------------------------------------------+------------------+


The following table displays output ports that do not toggle to 0 during simulation.
+----------------------------------------------------------------------------------------------------------------------------------------------------------------------------------------------------------+
; Missing 0-Value Coverage                                                                                                                                                                                 ;
+-------------------------------------------------------------------------------------------+-------------------------------------------------------------------------------------------+------------------+
; Node Name                                                                                 ; Output Port Name                                                                          ; Output Port Type ;
+-------------------------------------------------------------------------------------------+-------------------------------------------------------------------------------------------+------------------+
; |mux41|A[3]                                                                               ; |mux41|A[3]                                                                               ; pin_out          ;
; |mux41|A[0]                                                                               ; |mux41|A[0]                                                                               ; pin_out          ;
; |mux41|R0[3]                                                                              ; |mux41|R0[3]                                                                              ; out              ;
; |mux41|R0[1]                                                                              ; |mux41|R0[1]                                                                              ; out              ;
; |mux41|R0[0]                                                                              ; |mux41|R0[0]                                                                              ; out              ;
; |mux41|R1[7]                                                                              ; |mux41|R1[7]                                                                              ; out              ;
; |mux41|R1[6]                                                                              ; |mux41|R1[6]                                                                              ; out              ;
; |mux41|R1[5]                                                                              ; |mux41|R1[5]                                                                              ; out              ;
; |mux41|R1[4]                                                                              ; |mux41|R1[4]                                                                              ; out              ;
; |mux41|R1[3]                                                                              ; |mux41|R1[3]                                                                              ; out              ;
; |mux41|R1[2]                                                                              ; |mux41|R1[2]                                                                              ; out              ;
; |mux41|R1[1]                                                                              ; |mux41|R1[1]                                                                              ; out              ;
; |mux41|R1[0]                                                                              ; |mux41|R1[0]                                                                              ; out              ;
; |mux41|R2[7]                                                                              ; |mux41|R2[7]                                                                              ; out              ;
; |mux41|R2[6]                                                                              ; |mux41|R2[6]                                                                              ; out              ;
; |mux41|R2[3]                                                                              ; |mux41|R2[3]                                                                              ; out              ;
; |mux41|R2[0]                                                                              ; |mux41|R2[0]                                                                              ; out              ;
; |mux41|R3[7]                                                                              ; |mux41|R3[7]                                                                              ; out              ;
; |mux41|R3[6]                                                                              ; |mux41|R3[6]                                                                              ; out              ;
; |mux41|R3[5]                                                                              ; |mux41|R3[5]                                                                              ; out              ;
; |mux41|R3[4]                                                                              ; |mux41|R3[4]                                                                              ; out              ;
; |mux41|R3[3]                                                                              ; |mux41|R3[3]                                                                              ; out              ;
; |mux41|R3[2]                                                                              ; |mux41|R3[2]                                                                              ; out              ;
; |mux41|R3[1]                                                                              ; |mux41|R3[1]                                                                              ; out              ;
; |mux41|R3[0]                                                                              ; |mux41|R3[0]                                                                              ; out              ;
; |mux41|Rs[0]                                                                              ; |mux41|Rs[0]                                                                              ; out              ;
; |mux41|lpm_mux41:inst5|lpm_mux:lpm_mux_component|mux_vmc:auto_generated|_~0               ; |mux41|lpm_mux41:inst5|lpm_mux:lpm_mux_component|mux_vmc:auto_generated|_~0               ; out0             ;
; |mux41|lpm_mux41:inst5|lpm_mux:lpm_mux_component|mux_vmc:auto_generated|_~4               ; |mux41|lpm_mux41:inst5|lpm_mux:lpm_mux_component|mux_vmc:auto_generated|_~4               ; out0             ;
; |mux41|lpm_mux41:inst5|lpm_mux:lpm_mux_component|mux_vmc:auto_generated|result_node[7]~0  ; |mux41|lpm_mux41:inst5|lpm_mux:lpm_mux_component|mux_vmc:auto_generated|result_node[7]~0  ; out0             ;
; |mux41|lpm_mux41:inst5|lpm_mux:lpm_mux_component|mux_vmc:auto_generated|_~12              ; |mux41|lpm_mux41:inst5|lpm_mux:lpm_mux_component|mux_vmc:auto_generated|_~12              ; out0             ;
; |mux41|lpm_mux41:inst5|lpm_mux:lpm_mux_component|mux_vmc:auto_generated|_~17              ; |mux41|lpm_mux41:inst5|lpm_mux:lpm_mux_component|mux_vmc:auto_generated|_~17              ; out0             ;
; |mux41|lpm_mux41:inst5|lpm_mux:lpm_mux_component|mux_vmc:auto_generated|_~18              ; |mux41|lpm_mux41:inst5|lpm_mux:lpm_mux_component|mux_vmc:auto_generated|_~18              ; out0             ;
; |mux41|lpm_mux41:inst5|lpm_mux:lpm_mux_component|mux_vmc:auto_generated|_~22              ; |mux41|lpm_mux41:inst5|lpm_mux:lpm_mux_component|mux_vmc:auto_generated|_~22              ; out0             ;
; |mux41|lpm_mux41:inst5|lpm_mux:lpm_mux_component|mux_vmc:auto_generated|_~23              ; |mux41|lpm_mux41:inst5|lpm_mux:lpm_mux_component|mux_vmc:auto_generated|_~23              ; out0             ;
; |mux41|lpm_mux41:inst5|lpm_mux:lpm_mux_component|mux_vmc:auto_generated|result_node[6]~2  ; |mux41|lpm_mux41:inst5|lpm_mux:lpm_mux_component|mux_vmc:auto_generated|result_node[6]~2  ; out0             ;
; |mux41|lpm_mux41:inst5|lpm_mux:lpm_mux_component|mux_vmc:auto_generated|_~30              ; |mux41|lpm_mux41:inst5|lpm_mux:lpm_mux_component|mux_vmc:auto_generated|_~30              ; out0             ;
; |mux41|lpm_mux41:inst5|lpm_mux:lpm_mux_component|mux_vmc:auto_generated|_~31              ; |mux41|lpm_mux41:inst5|lpm_mux:lpm_mux_component|mux_vmc:auto_generated|_~31              ; out0             ;
; |mux41|lpm_mux41:inst5|lpm_mux:lpm_mux_component|mux_vmc:auto_generated|_~35              ; |mux41|lpm_mux41:inst5|lpm_mux:lpm_mux_component|mux_vmc:auto_generated|_~35              ; out0             ;
; |mux41|lpm_mux41:inst5|lpm_mux:lpm_mux_component|mux_vmc:auto_generated|_~54              ; |mux41|lpm_mux41:inst5|lpm_mux:lpm_mux_component|mux_vmc:auto_generated|_~54              ; out0             ;
; |mux41|lpm_mux41:inst5|lpm_mux:lpm_mux_component|mux_vmc:auto_generated|result_node[4]~6  ; |mux41|lpm_mux41:inst5|lpm_mux:lpm_mux_component|mux_vmc:auto_generated|result_node[4]~6  ; out0             ;
; |mux41|lpm_mux41:inst5|lpm_mux:lpm_mux_component|mux_vmc:auto_generated|_~77              ; |mux41|lpm_mux41:inst5|lpm_mux:lpm_mux_component|mux_vmc:auto_generated|_~77              ; out0             ;
; |mux41|lpm_mux41:inst5|lpm_mux:lpm_mux_component|mux_vmc:auto_generated|_~85              ; |mux41|lpm_mux41:inst5|lpm_mux:lpm_mux_component|mux_vmc:auto_generated|_~85              ; out0             ;
; |mux41|lpm_mux41:inst5|lpm_mux:lpm_mux_component|mux_vmc:auto_generated|_~90              ; |mux41|lpm_mux41:inst5|lpm_mux:lpm_mux_component|mux_vmc:auto_generated|_~90              ; out0             ;
; |mux41|lpm_mux41:inst5|lpm_mux:lpm_mux_component|mux_vmc:auto_generated|result_node[2]~10 ; |mux41|lpm_mux41:inst5|lpm_mux:lpm_mux_component|mux_vmc:auto_generated|result_node[2]~10 ; out0             ;
; |mux41|lpm_mux41:inst5|lpm_mux:lpm_mux_component|mux_vmc:auto_generated|_~108             ; |mux41|lpm_mux41:inst5|lpm_mux:lpm_mux_component|mux_vmc:auto_generated|_~108             ; out0             ;
; |mux41|lpm_mux41:inst5|lpm_mux:lpm_mux_component|mux_vmc:auto_generated|result_node[1]~12 ; |mux41|lpm_mux41:inst5|lpm_mux:lpm_mux_component|mux_vmc:auto_generated|result_node[1]~12 ; out0             ;
; |mux41|lpm_mux41:inst5|lpm_mux:lpm_mux_component|mux_vmc:auto_generated|_~126             ; |mux41|lpm_mux41:inst5|lpm_mux:lpm_mux_component|mux_vmc:auto_generated|_~126             ; out0             ;
; |mux41|lpm_mux41:inst5|lpm_mux:lpm_mux_component|mux_vmc:auto_generated|_~128             ; |mux41|lpm_mux41:inst5|lpm_mux:lpm_mux_component|mux_vmc:auto_generated|_~128             ; out0             ;
; |mux41|lpm_mux41:inst5|lpm_mux:lpm_mux_component|mux_vmc:auto_generated|_~130             ; |mux41|lpm_mux41:inst5|lpm_mux:lpm_mux_component|mux_vmc:auto_generated|_~130             ; out0             ;
; |mux41|lpm_mux41:inst5|lpm_mux:lpm_mux_component|mux_vmc:auto_generated|result_node[0]~14 ; |mux41|lpm_mux41:inst5|lpm_mux:lpm_mux_component|mux_vmc:auto_generated|result_node[0]~14 ; out0             ;
; |mux41|lpm_mux41:inst5|lpm_mux:lpm_mux_component|mux_vmc:auto_generated|_~136             ; |mux41|lpm_mux41:inst5|lpm_mux:lpm_mux_component|mux_vmc:auto_generated|_~136             ; out0             ;
; |mux41|lpm_mux41:inst5|lpm_mux:lpm_mux_component|mux_vmc:auto_generated|_~138             ; |mux41|lpm_mux41:inst5|lpm_mux:lpm_mux_component|mux_vmc:auto_generated|_~138             ; out0             ;
; |mux41|lpm_mux41:inst|lpm_mux:lpm_mux_component|mux_vmc:auto_generated|_~0                ; |mux41|lpm_mux41:inst|lpm_mux:lpm_mux_component|mux_vmc:auto_generated|_~0                ; out0             ;
; |mux41|lpm_mux41:inst|lpm_mux:lpm_mux_component|mux_vmc:auto_generated|_~5                ; |mux41|lpm_mux41:inst|lpm_mux:lpm_mux_component|mux_vmc:auto_generated|_~5                ; out0             ;
; |mux41|lpm_mux41:inst|lpm_mux:lpm_mux_component|mux_vmc:auto_generated|_~6                ; |mux41|lpm_mux41:inst|lpm_mux:lpm_mux_component|mux_vmc:auto_generated|_~6                ; out0             ;
; |mux41|lpm_mux41:inst|lpm_mux:lpm_mux_component|mux_vmc:auto_generated|result_node[7]~0   ; |mux41|lpm_mux41:inst|lpm_mux:lpm_mux_component|mux_vmc:auto_generated|result_node[7]~0   ; out0             ;
; |mux41|lpm_mux41:inst|lpm_mux:lpm_mux_component|mux_vmc:auto_generated|_~13               ; |mux41|lpm_mux41:inst|lpm_mux:lpm_mux_component|mux_vmc:auto_generated|_~13               ; out0             ;
; |mux41|lpm_mux41:inst|lpm_mux:lpm_mux_component|mux_vmc:auto_generated|_~14               ; |mux41|lpm_mux41:inst|lpm_mux:lpm_mux_component|mux_vmc:auto_generated|_~14               ; out0             ;
; |mux41|lpm_mux41:inst|lpm_mux:lpm_mux_component|mux_vmc:auto_generated|_~17               ; |mux41|lpm_mux41:inst|lpm_mux:lpm_mux_component|mux_vmc:auto_generated|_~17               ; out0             ;
; |mux41|lpm_mux41:inst|lpm_mux:lpm_mux_component|mux_vmc:auto_generated|_~18               ; |mux41|lpm_mux41:inst|lpm_mux:lpm_mux_component|mux_vmc:auto_generated|_~18               ; out0             ;
; |mux41|lpm_mux41:inst|lpm_mux:lpm_mux_component|mux_vmc:auto_generated|_~23               ; |mux41|lpm_mux41:inst|lpm_mux:lpm_mux_component|mux_vmc:auto_generated|_~23               ; out0             ;
; |mux41|lpm_mux41:inst|lpm_mux:lpm_mux_component|mux_vmc:auto_generated|result_node[6]~2   ; |mux41|lpm_mux41:inst|lpm_mux:lpm_mux_component|mux_vmc:auto_generated|result_node[6]~2   ; out0             ;
; |mux41|lpm_mux41:inst|lpm_mux:lpm_mux_component|mux_vmc:auto_generated|_~31               ; |mux41|lpm_mux41:inst|lpm_mux:lpm_mux_component|mux_vmc:auto_generated|_~31               ; out0             ;
; |mux41|lpm_mux41:inst|lpm_mux:lpm_mux_component|mux_vmc:auto_generated|_~35               ; |mux41|lpm_mux41:inst|lpm_mux:lpm_mux_component|mux_vmc:auto_generated|_~35               ; out0             ;
; |mux41|lpm_mux41:inst|lpm_mux:lpm_mux_component|mux_vmc:auto_generated|_~36               ; |mux41|lpm_mux41:inst|lpm_mux:lpm_mux_component|mux_vmc:auto_generated|_~36               ; out0             ;
; |mux41|lpm_mux41:inst|lpm_mux:lpm_mux_component|mux_vmc:auto_generated|result_node[5]~4   ; |mux41|lpm_mux41:inst|lpm_mux:lpm_mux_component|mux_vmc:auto_generated|result_node[5]~4   ; out0             ;
; |mux41|lpm_mux41:inst|lpm_mux:lpm_mux_component|mux_vmc:auto_generated|_~53               ; |mux41|lpm_mux41:inst|lpm_mux:lpm_mux_component|mux_vmc:auto_generated|_~53               ; out0             ;
; |mux41|lpm_mux41:inst|lpm_mux:lpm_mux_component|mux_vmc:auto_generated|_~54               ; |mux41|lpm_mux41:inst|lpm_mux:lpm_mux_component|mux_vmc:auto_generated|_~54               ; out0             ;
; |mux41|lpm_mux41:inst|lpm_mux:lpm_mux_component|mux_vmc:auto_generated|result_node[4]~6   ; |mux41|lpm_mux41:inst|lpm_mux:lpm_mux_component|mux_vmc:auto_generated|result_node[4]~6   ; out0             ;
; |mux41|lpm_mux41:inst|lpm_mux:lpm_mux_component|mux_vmc:auto_generated|_~71               ; |mux41|lpm_mux41:inst|lpm_mux:lpm_mux_component|mux_vmc:auto_generated|_~71               ; out0             ;
; |mux41|lpm_mux41:inst|lpm_mux:lpm_mux_component|mux_vmc:auto_generated|_~72               ; |mux41|lpm_mux41:inst|lpm_mux:lpm_mux_component|mux_vmc:auto_generated|_~72               ; out0             ;
; |mux41|lpm_mux41:inst|lpm_mux:lpm_mux_component|mux_vmc:auto_generated|_~77               ; |mux41|lpm_mux41:inst|lpm_mux:lpm_mux_component|mux_vmc:auto_generated|_~77               ; out0             ;
; |mux41|lpm_mux41:inst|lpm_mux:lpm_mux_component|mux_vmc:auto_generated|_~79               ; |mux41|lpm_mux41:inst|lpm_mux:lpm_mux_component|mux_vmc:auto_generated|_~79               ; out0             ;
; |mux41|lpm_mux41:inst|lpm_mux:lpm_mux_component|mux_vmc:auto_generated|result_node[3]~8   ; |mux41|lpm_mux41:inst|lpm_mux:lpm_mux_component|mux_vmc:auto_generated|result_node[3]~8   ; out0             ;
; |mux41|lpm_mux41:inst|lpm_mux:lpm_mux_component|mux_vmc:auto_generated|_~85               ; |mux41|lpm_mux41:inst|lpm_mux:lpm_mux_component|mux_vmc:auto_generated|_~85               ; out0             ;
; |mux41|lpm_mux41:inst|lpm_mux:lpm_mux_component|mux_vmc:auto_generated|_~87               ; |mux41|lpm_mux41:inst|lpm_mux:lpm_mux_component|mux_vmc:auto_generated|_~87               ; out0             ;
; |mux41|lpm_mux41:inst|lpm_mux:lpm_mux_component|mux_vmc:auto_generated|_~89               ; |mux41|lpm_mux41:inst|lpm_mux:lpm_mux_component|mux_vmc:auto_generated|_~89               ; out0             ;
; |mux41|lpm_mux41:inst|lpm_mux:lpm_mux_component|mux_vmc:auto_generated|result_node[3]~9   ; |mux41|lpm_mux41:inst|lpm_mux:lpm_mux_component|mux_vmc:auto_generated|result_node[3]~9   ; out0             ;
; |mux41|lpm_mux41:inst|lpm_mux:lpm_mux_component|mux_vmc:auto_generated|result_node[3]     ; |mux41|lpm_mux41:inst|lpm_mux:lpm_mux_component|mux_vmc:auto_generated|result_node[3]     ; out0             ;
; |mux41|lpm_mux41:inst|lpm_mux:lpm_mux_component|mux_vmc:auto_generated|_~90               ; |mux41|lpm_mux41:inst|lpm_mux:lpm_mux_component|mux_vmc:auto_generated|_~90               ; out0             ;
; |mux41|lpm_mux41:inst|lpm_mux:lpm_mux_component|mux_vmc:auto_generated|result_node[2]~10  ; |mux41|lpm_mux41:inst|lpm_mux:lpm_mux_component|mux_vmc:auto_generated|result_node[2]~10  ; out0             ;
; |mux41|lpm_mux41:inst|lpm_mux:lpm_mux_component|mux_vmc:auto_generated|_~107              ; |mux41|lpm_mux41:inst|lpm_mux:lpm_mux_component|mux_vmc:auto_generated|_~107              ; out0             ;
; |mux41|lpm_mux41:inst|lpm_mux:lpm_mux_component|mux_vmc:auto_generated|_~108              ; |mux41|lpm_mux41:inst|lpm_mux:lpm_mux_component|mux_vmc:auto_generated|_~108              ; out0             ;
; |mux41|lpm_mux41:inst|lpm_mux:lpm_mux_component|mux_vmc:auto_generated|result_node[1]~12  ; |mux41|lpm_mux41:inst|lpm_mux:lpm_mux_component|mux_vmc:auto_generated|result_node[1]~12  ; out0             ;
; |mux41|lpm_mux41:inst|lpm_mux:lpm_mux_component|mux_vmc:auto_generated|_~125              ; |mux41|lpm_mux41:inst|lpm_mux:lpm_mux_component|mux_vmc:auto_generated|_~125              ; out0             ;
; |mux41|lpm_mux41:inst|lpm_mux:lpm_mux_component|mux_vmc:auto_generated|_~126              ; |mux41|lpm_mux41:inst|lpm_mux:lpm_mux_component|mux_vmc:auto_generated|_~126              ; out0             ;
; |mux41|lpm_mux41:inst|lpm_mux:lpm_mux_component|mux_vmc:auto_generated|_~128              ; |mux41|lpm_mux41:inst|lpm_mux:lpm_mux_component|mux_vmc:auto_generated|_~128              ; out0             ;
; |mux41|lpm_mux41:inst|lpm_mux:lpm_mux_component|mux_vmc:auto_generated|_~130              ; |mux41|lpm_mux41:inst|lpm_mux:lpm_mux_component|mux_vmc:auto_generated|_~130              ; out0             ;
; |mux41|lpm_mux41:inst|lpm_mux:lpm_mux_component|mux_vmc:auto_generated|_~131              ; |mux41|lpm_mux41:inst|lpm_mux:lpm_mux_component|mux_vmc:auto_generated|_~131              ; out0             ;
; |mux41|lpm_mux41:inst|lpm_mux:lpm_mux_component|mux_vmc:auto_generated|_~132              ; |mux41|lpm_mux41:inst|lpm_mux:lpm_mux_component|mux_vmc:auto_generated|_~132              ; out0             ;
; |mux41|lpm_mux41:inst|lpm_mux:lpm_mux_component|mux_vmc:auto_generated|_~133              ; |mux41|lpm_mux41:inst|lpm_mux:lpm_mux_component|mux_vmc:auto_generated|_~133              ; out0             ;
; |mux41|lpm_mux41:inst|lpm_mux:lpm_mux_component|mux_vmc:auto_generated|result_node[0]~14  ; |mux41|lpm_mux41:inst|lpm_mux:lpm_mux_component|mux_vmc:auto_generated|result_node[0]~14  ; out0             ;
; |mux41|lpm_mux41:inst|lpm_mux:lpm_mux_component|mux_vmc:auto_generated|_~136              ; |mux41|lpm_mux41:inst|lpm_mux:lpm_mux_component|mux_vmc:auto_generated|_~136              ; out0             ;
; |mux41|lpm_mux41:inst|lpm_mux:lpm_mux_component|mux_vmc:auto_generated|_~138              ; |mux41|lpm_mux41:inst|lpm_mux:lpm_mux_component|mux_vmc:auto_generated|_~138              ; out0             ;
; |mux41|lpm_mux41:inst|lpm_mux:lpm_mux_component|mux_vmc:auto_generated|_~139              ; |mux41|lpm_mux41:inst|lpm_mux:lpm_mux_component|mux_vmc:auto_generated|_~139              ; out0             ;
; |mux41|lpm_mux41:inst|lpm_mux:lpm_mux_component|mux_vmc:auto_generated|_~140              ; |mux41|lpm_mux41:inst|lpm_mux:lpm_mux_component|mux_vmc:auto_generated|_~140              ; out0             ;
; |mux41|lpm_mux41:inst|lpm_mux:lpm_mux_component|mux_vmc:auto_generated|_~141              ; |mux41|lpm_mux41:inst|lpm_mux:lpm_mux_component|mux_vmc:auto_generated|_~141              ; out0             ;
; |mux41|lpm_mux41:inst|lpm_mux:lpm_mux_component|mux_vmc:auto_generated|_~143              ; |mux41|lpm_mux41:inst|lpm_mux:lpm_mux_component|mux_vmc:auto_generated|_~143              ; out0             ;
; |mux41|lpm_mux41:inst|lpm_mux:lpm_mux_component|mux_vmc:auto_generated|result_node[0]~15  ; |mux41|lpm_mux41:inst|lpm_mux:lpm_mux_component|mux_vmc:auto_generated|result_node[0]~15  ; out0             ;
; |mux41|lpm_mux41:inst|lpm_mux:lpm_mux_component|mux_vmc:auto_generated|result_node[0]     ; |mux41|lpm_mux41:inst|lpm_mux:lpm_mux_component|mux_vmc:auto_generated|result_node[0]     ; out0             ;
+-------------------------------------------------------------------------------------------+-------------------------------------------------------------------------------------------+------------------+


+---------------------+
; Simulator INI Usage ;
+--------+------------+
; Option ; Usage      ;
+--------+------------+


+--------------------+
; Simulator Messages ;
+--------------------+
Info: *******************************************************************
Info: Running Quartus II Simulator
    Info: Version 9.1 Build 222 10/21/2009 SJ Web Edition
    Info: Processing started: Thu Jun 30 20:10:04 2022
Info: Command: quartus_sim --read_settings_files=on --write_settings_files=off mux41 -c mux41
Info: Using vector source file "D:////CPU/-/mux41/mux41.vwf"
Info: Option to preserve fewer signal transitions to reduce memory requirements is enabled
    Info: Simulation has been partitioned into sub-simulations according to the maximum transition count determined by the engine. Transitions from memory will be flushed out to disk at the end of each sub-simulation to reduce memory requirements.
Info: Simulation partitioned into 1 sub-simulations
Info: Simulation coverage is      65.75 %
Info: Number of transitions in simulation is 9243
Info: Quartus II Simulator was successful. 0 errors, 0 warnings
    Info: Peak virtual memory: 159 megabytes
    Info: Processing ended: Thu Jun 30 20:10:04 2022
    Info: Elapsed time: 00:00:00
    Info: Total CPU time (on all processors): 00:00:00


