Classic Timing Analyzer report for fourfulladder
Thu May 19 09:02:21 2022
Quartus II Version 9.1 Build 222 10/21/2009 SJ Web Edition


---------------------
; Table of Contents ;
---------------------
  1. Legal Notice
  2. Timing Analyzer Summary
  3. Timing Analyzer Settings
  4. Parallel Compilation
  5. tpd
  6. Timing Analyzer Messages



----------------
; Legal Notice ;
----------------
Copyright (C) 1991-2009 Altera Corporation
Your use of Altera Corporation's design tools, logic functions 
and other software and tools, and its AMPP partner logic 
functions, and any output files from any of the foregoing 
(including device programming or simulation files), and any 
associated documentation or information are expressly subject 
to the terms and conditions of the Altera Program License 
Subscription Agreement, Altera MegaCore Function License 
Agreement, or other applicable license agreement, including, 
without limitation, that your use is for the sole purpose of 
programming logic devices manufactured by Altera and sold by 
Altera or its authorized distributors.  Please refer to the 
applicable agreement for further details.



+-----------------------------------------------------------------------------------------------------------------------+
; Timing Analyzer Summary                                                                                               ;
+------------------------------+-------+---------------+-------------+------+----+------------+----------+--------------+
; Type                         ; Slack ; Required Time ; Actual Time ; From ; To ; From Clock ; To Clock ; Failed Paths ;
+------------------------------+-------+---------------+-------------+------+----+------------+----------+--------------+
; Worst-case tpd               ; N/A   ; None          ; 18.680 ns   ; A1   ; F3 ; --         ; --       ; 0            ;
; Total number of failed paths ;       ;               ;             ;      ;    ;            ;          ; 0            ;
+------------------------------+-------+---------------+-------------+------+----+------------+----------+--------------+


+-----------------------------------------------------------------------------------------------------------------------------------------------------+
; Timing Analyzer Settings                                                                                                                            ;
+------------------------------------------------------------------------------------------------------+--------------------+------+----+-------------+
; Option                                                                                               ; Setting            ; From ; To ; Entity Name ;
+------------------------------------------------------------------------------------------------------+--------------------+------+----+-------------+
; Device Name                                                                                          ; EP2C35F672C8       ;      ;    ;             ;
; Timing Models                                                                                        ; Final              ;      ;    ;             ;
; Default hold multicycle                                                                              ; Same as Multicycle ;      ;    ;             ;
; Cut paths between unrelated clock domains                                                            ; On                 ;      ;    ;             ;
; Cut off read during write signal paths                                                               ; On                 ;      ;    ;             ;
; Cut off feedback from I/O pins                                                                       ; On                 ;      ;    ;             ;
; Report Combined Fast/Slow Timing                                                                     ; Off                ;      ;    ;             ;
; Ignore Clock Settings                                                                                ; Off                ;      ;    ;             ;
; Analyze latches as synchronous elements                                                              ; On                 ;      ;    ;             ;
; Enable Recovery/Removal analysis                                                                     ; Off                ;      ;    ;             ;
; Enable Clock Latency                                                                                 ; Off                ;      ;    ;             ;
; Use TimeQuest Timing Analyzer                                                                        ; Off                ;      ;    ;             ;
; Minimum Core Junction Temperature                                                                    ; 0                  ;      ;    ;             ;
; Maximum Core Junction Temperature                                                                    ; 85                 ;      ;    ;             ;
; Number of source nodes to report per destination node                                                ; 10                 ;      ;    ;             ;
; Number of destination nodes to report                                                                ; 10                 ;      ;    ;             ;
; Number of paths to report                                                                            ; 200                ;      ;    ;             ;
; Report Minimum Timing Checks                                                                         ; Off                ;      ;    ;             ;
; Use Fast Timing Models                                                                               ; Off                ;      ;    ;             ;
; Report IO Paths Separately                                                                           ; Off                ;      ;    ;             ;
; Perform Multicorner Analysis                                                                         ; On                 ;      ;    ;             ;
; Reports the worst-case path for each clock domain and analysis                                       ; Off                ;      ;    ;             ;
; Reports worst-case timing paths for each clock domain and analysis                                   ; On                 ;      ;    ;             ;
; Specifies the maximum number of worst-case timing paths to report for each clock domain and analysis ; 100                ;      ;    ;             ;
; Removes common clock path pessimism (CCPP) during slack computation                                  ; Off                ;      ;    ;             ;
; Output I/O Timing Endpoint                                                                           ; Near End           ;      ;    ;             ;
+------------------------------------------------------------------------------------------------------+--------------------+------+----+-------------+


Parallel compilation was disabled, but you have multiple processors available. Enable parallel compilation to reduce compilation time.
+-------------------------------------+
; Parallel Compilation                ;
+----------------------------+--------+
; Processors                 ; Number ;
+----------------------------+--------+
; Number detected on machine ; 16     ;
; Maximum allowed            ; 1      ;
+----------------------------+--------+


+---------------------------------------------------------+
; tpd                                                     ;
+-------+-------------------+-----------------+------+----+
; Slack ; Required P2P Time ; Actual P2P Time ; From ; To ;
+-------+-------------------+-----------------+------+----+
; N/A   ; None              ; 18.680 ns       ; A1   ; F3 ;
; N/A   ; None              ; 17.604 ns       ; A2   ; F3 ;
; N/A   ; None              ; 17.264 ns       ; B1   ; F3 ;
; N/A   ; None              ; 16.517 ns       ; A1   ; Co ;
; N/A   ; None              ; 16.433 ns       ; A1   ; F1 ;
; N/A   ; None              ; 15.914 ns       ; B2   ; F3 ;
; N/A   ; None              ; 15.441 ns       ; A2   ; Co ;
; N/A   ; None              ; 15.337 ns       ; B3   ; F3 ;
; N/A   ; None              ; 15.101 ns       ; B1   ; Co ;
; N/A   ; None              ; 15.018 ns       ; B1   ; F1 ;
; N/A   ; None              ; 14.954 ns       ; A3   ; F3 ;
; N/A   ; None              ; 14.610 ns       ; A1   ; F2 ;
; N/A   ; None              ; 13.751 ns       ; B2   ; Co ;
; N/A   ; None              ; 13.534 ns       ; A2   ; F2 ;
; N/A   ; None              ; 13.194 ns       ; B1   ; F2 ;
; N/A   ; None              ; 13.170 ns       ; B3   ; Co ;
; N/A   ; None              ; 12.785 ns       ; A3   ; Co ;
; N/A   ; None              ; 12.355 ns       ; A0   ; F3 ;
; N/A   ; None              ; 12.190 ns       ; B0   ; F3 ;
; N/A   ; None              ; 11.842 ns       ; B2   ; F2 ;
; N/A   ; None              ; 10.394 ns       ; A0   ; F0 ;
; N/A   ; None              ; 10.232 ns       ; B0   ; F0 ;
; N/A   ; None              ; 10.192 ns       ; A0   ; Co ;
; N/A   ; None              ; 10.107 ns       ; A0   ; F1 ;
; N/A   ; None              ; 10.027 ns       ; B0   ; Co ;
; N/A   ; None              ; 9.946 ns        ; B0   ; F1 ;
; N/A   ; None              ; 8.285 ns        ; A0   ; F2 ;
; N/A   ; None              ; 8.120 ns        ; B0   ; F2 ;
+-------+-------------------+-----------------+------+----+


+--------------------------+
; Timing Analyzer Messages ;
+--------------------------+
Info: *******************************************************************
Info: Running Quartus II Classic Timing Analyzer
    Info: Version 9.1 Build 222 10/21/2009 SJ Web Edition
    Info: Processing started: Thu May 19 09:02:21 2022
Info: Command: quartus_tan --read_settings_files=off --write_settings_files=off fourfulladder -c fourfulladder --timing_analysis_only
Info: Longest tpd from source pin "A1" to destination pin "F3" is 18.680 ns
    Info: 1: + IC(0.000 ns) + CELL(0.944 ns) = 0.944 ns; Loc. = PIN_AE10; Fanout = 2; PIN Node = 'A1'
    Info: 2: + IC(7.574 ns) + CELL(0.624 ns) = 9.142 ns; Loc. = LCCOMB_X27_Y34_N28; Fanout = 2; COMB Node = 'fulladder:inst1|inst4~0'
    Info: 3: + IC(0.371 ns) + CELL(0.624 ns) = 10.137 ns; Loc. = LCCOMB_X27_Y34_N0; Fanout = 2; COMB Node = 'fulladder:inst2|inst4~0'
    Info: 4: + IC(0.372 ns) + CELL(0.616 ns) = 11.125 ns; Loc. = LCCOMB_X27_Y34_N26; Fanout = 1; COMB Node = 'fulladder:inst3|halfadder:inst1|inst'
    Info: 5: + IC(4.319 ns) + CELL(3.236 ns) = 18.680 ns; Loc. = PIN_AE11; Fanout = 0; PIN Node = 'F3'
    Info: Total cell delay = 6.044 ns ( 32.36 % )
    Info: Total interconnect delay = 12.636 ns ( 67.64 % )
Info: Quartus II Classic Timing Analyzer was successful. 0 errors, 0 warnings
    Info: Peak virtual memory: 188 megabytes
    Info: Processing ended: Thu May 19 09:02:21 2022
    Info: Elapsed time: 00:00:00
    Info: Total CPU time (on all processors): 00:00:00


