Analysis & Synthesis report for 8choose1
Thu Sep 15 01:40:26 2022
Quartus II Version 9.1 Build 222 10/21/2009 SJ Web Edition


---------------------
; Table of Contents ;
---------------------
  1. Legal Notice
  2. Analysis & Synthesis Summary
  3. Analysis & Synthesis Settings
  4. Parallel Compilation
  5. Analysis & Synthesis Source Files Read
  6. Analysis & Synthesis Resource Usage Summary
  7. Analysis & Synthesis Resource Utilization by Entity
  8. General Register Statistics
  9. Parameter Settings for User Entity Instance: mux0:inst|LPM_MUX:lpm_mux_component
 10. Parameter Settings for User Entity Instance: AdivideB:inst4|lpm_divide:lpm_divide_component
 11. Analysis & Synthesis Messages



----------------
; Legal Notice ;
----------------
Copyright (C) 1991-2009 Altera Corporation
Your use of Altera Corporation's design tools, logic functions 
and other software and tools, and its AMPP partner logic 
functions, and any output files from any of the foregoing 
(including device programming or simulation files), and any 
associated documentation or information are expressly subject 
to the terms and conditions of the Altera Program License 
Subscription Agreement, Altera MegaCore Function License 
Agreement, or other applicable license agreement, including, 
without limitation, that your use is for the sole purpose of 
programming logic devices manufactured by Altera and sold by 
Altera or its authorized distributors.  Please refer to the 
applicable agreement for further details.



+------------------------------------------------------------------------------+
; Analysis & Synthesis Summary                                                 ;
+------------------------------------+-----------------------------------------+
; Analysis & Synthesis Status        ; Successful - Thu Sep 15 01:40:26 2022   ;
; Quartus II Version                 ; 9.1 Build 222 10/21/2009 SJ Web Edition ;
; Revision Name                      ; 8choose1                                ;
; Top-level Entity Name              ; 8choose1                                ;
; Family                             ; Cyclone II                              ;
; Total logic elements               ; 132                                     ;
;     Total combinational functions  ; 132                                     ;
;     Dedicated logic registers      ; 0                                       ;
; Total registers                    ; 0                                       ;
; Total pins                         ; 27                                      ;
; Total virtual pins                 ; 0                                       ;
; Total memory bits                  ; 0                                       ;
; Embedded Multiplier 9-bit elements ; 0                                       ;
; Total PLLs                         ; 0                                       ;
+------------------------------------+-----------------------------------------+


+----------------------------------------------------------------------------------------------------------------------+
; Analysis & Synthesis Settings                                                                                        ;
+----------------------------------------------------------------------------+--------------------+--------------------+
; Option                                                                     ; Setting            ; Default Value      ;
+----------------------------------------------------------------------------+--------------------+--------------------+
; Device                                                                     ; EP2C35F672C6       ;                    ;
; Top-level entity name                                                      ; 8choose1           ; 8choose1           ;
; Family name                                                                ; Cyclone II         ; Stratix II         ;
; Use Generated Physical Constraints File                                    ; Off                ;                    ;
; Use smart compilation                                                      ; Off                ; Off                ;
; Enable parallel Assembler and TimeQuest Timing Analyzer during compilation ; On                 ; On                 ;
; Enable compact report table                                                ; Off                ; Off                ;
; Restructure Multiplexers                                                   ; Auto               ; Auto               ;
; Create Debugging Nodes for IP Cores                                        ; Off                ; Off                ;
; Preserve fewer node names                                                  ; On                 ; On                 ;
; Disable OpenCore Plus hardware evaluation                                  ; Off                ; Off                ;
; Verilog Version                                                            ; Verilog_2001       ; Verilog_2001       ;
; VHDL Version                                                               ; VHDL_1993          ; VHDL_1993          ;
; State Machine Processing                                                   ; Auto               ; Auto               ;
; Safe State Machine                                                         ; Off                ; Off                ;
; Extract Verilog State Machines                                             ; On                 ; On                 ;
; Extract VHDL State Machines                                                ; On                 ; On                 ;
; Ignore Verilog initial constructs                                          ; Off                ; Off                ;
; Iteration limit for constant Verilog loops                                 ; 5000               ; 5000               ;
; Iteration limit for non-constant Verilog loops                             ; 250                ; 250                ;
; Add Pass-Through Logic to Inferred RAMs                                    ; On                 ; On                 ;
; Parallel Synthesis                                                         ; On                 ; On                 ;
; DSP Block Balancing                                                        ; Auto               ; Auto               ;
; NOT Gate Push-Back                                                         ; On                 ; On                 ;
; Power-Up Don't Care                                                        ; On                 ; On                 ;
; Remove Redundant Logic Cells                                               ; Off                ; Off                ;
; Remove Duplicate Registers                                                 ; On                 ; On                 ;
; Ignore CARRY Buffers                                                       ; Off                ; Off                ;
; Ignore CASCADE Buffers                                                     ; Off                ; Off                ;
; Ignore GLOBAL Buffers                                                      ; Off                ; Off                ;
; Ignore ROW GLOBAL Buffers                                                  ; Off                ; Off                ;
; Ignore LCELL Buffers                                                       ; Off                ; Off                ;
; Ignore SOFT Buffers                                                        ; On                 ; On                 ;
; Limit AHDL Integers to 32 Bits                                             ; Off                ; Off                ;
; Optimization Technique                                                     ; Balanced           ; Balanced           ;
; Carry Chain Length                                                         ; 70                 ; 70                 ;
; Auto Carry Chains                                                          ; On                 ; On                 ;
; Auto Open-Drain Pins                                                       ; On                 ; On                 ;
; Perform WYSIWYG Primitive Resynthesis                                      ; Off                ; Off                ;
; Auto ROM Replacement                                                       ; On                 ; On                 ;
; Auto RAM Replacement                                                       ; On                 ; On                 ;
; Auto Shift Register Replacement                                            ; Auto               ; Auto               ;
; Auto Clock Enable Replacement                                              ; On                 ; On                 ;
; Strict RAM Replacement                                                     ; Off                ; Off                ;
; Allow Synchronous Control Signals                                          ; On                 ; On                 ;
; Force Use of Synchronous Clear Signals                                     ; Off                ; Off                ;
; Auto RAM to Logic Cell Conversion                                          ; Off                ; Off                ;
; Auto Resource Sharing                                                      ; Off                ; Off                ;
; Allow Any RAM Size For Recognition                                         ; Off                ; Off                ;
; Allow Any ROM Size For Recognition                                         ; Off                ; Off                ;
; Allow Any Shift Register Size For Recognition                              ; Off                ; Off                ;
; Use LogicLock Constraints during Resource Balancing                        ; On                 ; On                 ;
; Ignore translate_off and synthesis_off directives                          ; Off                ; Off                ;
; Timing-Driven Synthesis                                                    ; Off                ; Off                ;
; Show Parameter Settings Tables in Synthesis Report                         ; On                 ; On                 ;
; Ignore Maximum Fan-Out Assignments                                         ; Off                ; Off                ;
; Synchronization Register Chain Length                                      ; 2                  ; 2                  ;
; PowerPlay Power Optimization                                               ; Normal compilation ; Normal compilation ;
; HDL message level                                                          ; Level2             ; Level2             ;
; Suppress Register Optimization Related Messages                            ; Off                ; Off                ;
; Number of Removed Registers Reported in Synthesis Report                   ; 100                ; 100                ;
; Number of Inverted Registers Reported in Synthesis Report                  ; 100                ; 100                ;
; Clock MUX Protection                                                       ; On                 ; On                 ;
; Auto Gated Clock Conversion                                                ; Off                ; Off                ;
; Block Design Naming                                                        ; Auto               ; Auto               ;
; SDC constraint protection                                                  ; Off                ; Off                ;
; Synthesis Effort                                                           ; Auto               ; Auto               ;
; Shift Register Replacement - Allow Asynchronous Clear Signal               ; On                 ; On                 ;
; Analysis & Synthesis Message Level                                         ; Medium             ; Medium             ;
; Disable Register Merging Across Hierarchies                                ; Auto               ; Auto               ;
; Resource Aware Inference For Block RAM                                     ; On                 ; On                 ;
+----------------------------------------------------------------------------+--------------------+--------------------+


Parallel compilation was disabled, but you have multiple processors available. Enable parallel compilation to reduce compilation time.
+-------------------------------------+
; Parallel Compilation                ;
+----------------------------+--------+
; Processors                 ; Number ;
+----------------------------+--------+
; Number detected on machine ; 16     ;
; Maximum allowed            ; 1      ;
+----------------------------+--------+


+-------------------------------------------------------------------------------------------------------------------------------------------------------+
; Analysis & Synthesis Source Files Read                                                                                                                ;
+----------------------------------+-----------------+------------------------------------+-------------------------------------------------------------+
; File Name with User-Entered Path ; Used in Netlist ; File Type                          ; File Name with Absolute Path                                ;
+----------------------------------+-----------------+------------------------------------+-------------------------------------------------------------+
; logic_yiAaddB/logic_yiAaddB.bdf  ; yes             ; User Block Diagram/Schematic File  ; G:/mywork/CPU_8/8choose1/logic_yiAaddB/logic_yiAaddB.bdf    ;
; logic_fA+B/logic_fAaddB.bdf      ; yes             ; User Block Diagram/Schematic File  ; G:/mywork/CPU_8/8choose1/logic_fA+B/logic_fAaddB.bdf        ;
; logic_A+B/logic_AaddB.bdf        ; yes             ; User Block Diagram/Schematic File  ; G:/mywork/CPU_8/8choose1/logic_A+B/logic_AaddB.bdf          ;
; logic_AB/logic_AB.bdf            ; yes             ; User Block Diagram/Schematic File  ; G:/mywork/CPU_8/8choose1/logic_AB/logic_AB.bdf              ;
; AxB/AB.bdf                       ; yes             ; User Block Diagram/Schematic File  ; G:/mywork/CPU_8/8choose1/AxB/AB.bdf                         ;
; A-B/AsubB.bdf                    ; yes             ; User Block Diagram/Schematic File  ; G:/mywork/CPU_8/8choose1/A-B/AsubB.bdf                      ;
; A+B/AaddB.bdf                    ; yes             ; User Block Diagram/Schematic File  ; G:/mywork/CPU_8/8choose1/A+B/AaddB.bdf                      ;
; 8choose1.bdf                     ; yes             ; User Block Diagram/Schematic File  ; G:/mywork/CPU_8/8choose1/8choose1.bdf                       ;
; AdivideB.vhd                     ; yes             ; User Wizard-Generated File         ; G:/mywork/CPU_8/8choose1/AdivideB.vhd                       ;
; mux0.vhd                         ; yes             ; User Wizard-Generated File         ; G:/mywork/CPU_8/8choose1/mux0.vhd                           ;
; lpm_mux.tdf                      ; yes             ; Megafunction                       ; c:/altera/91/quartus/libraries/megafunctions/lpm_mux.tdf    ;
; db/mux_f3e.tdf                   ; yes             ; Auto-Generated Megafunction        ; G:/mywork/CPU_8/8choose1/db/mux_f3e.tdf                     ;
; 74181.bdf                        ; yes             ; Megafunction                       ; c:/altera/91/quartus/libraries/others/maxplus2/74181.bdf    ;
; 74182.bdf                        ; yes             ; Megafunction                       ; c:/altera/91/quartus/libraries/others/maxplus2/74182.bdf    ;
; lpm_divide.tdf                   ; yes             ; Megafunction                       ; c:/altera/91/quartus/libraries/megafunctions/lpm_divide.tdf ;
; db/lpm_divide_krp.tdf            ; yes             ; Auto-Generated Megafunction        ; G:/mywork/CPU_8/8choose1/db/lpm_divide_krp.tdf              ;
; db/sign_div_unsign_fkh.tdf       ; yes             ; Auto-Generated Megafunction        ; G:/mywork/CPU_8/8choose1/db/sign_div_unsign_fkh.tdf         ;
; db/alt_u_div_00f.tdf             ; yes             ; Auto-Generated Megafunction        ; G:/mywork/CPU_8/8choose1/db/alt_u_div_00f.tdf               ;
; db/add_sub_lkc.tdf               ; yes             ; Auto-Generated Megafunction        ; G:/mywork/CPU_8/8choose1/db/add_sub_lkc.tdf                 ;
; db/add_sub_mkc.tdf               ; yes             ; Auto-Generated Megafunction        ; G:/mywork/CPU_8/8choose1/db/add_sub_mkc.tdf                 ;
+----------------------------------+-----------------+------------------------------------+-------------------------------------------------------------+


+-----------------------------------------------------+
; Analysis & Synthesis Resource Usage Summary         ;
+---------------------------------------------+-------+
; Resource                                    ; Usage ;
+---------------------------------------------+-------+
; Estimated Total logic elements              ; 132   ;
;                                             ;       ;
; Total combinational functions               ; 132   ;
; Logic element usage by number of LUT inputs ;       ;
;     -- 4 input functions                    ; 66    ;
;     -- 3 input functions                    ; 56    ;
;     -- <=2 input functions                  ; 10    ;
;                                             ;       ;
; Logic elements by mode                      ;       ;
;     -- normal mode                          ; 99    ;
;     -- arithmetic mode                      ; 33    ;
;                                             ;       ;
; Total registers                             ; 0     ;
;     -- Dedicated logic registers            ; 0     ;
;     -- I/O registers                        ; 0     ;
;                                             ;       ;
; I/O pins                                    ; 27    ;
; Maximum fan-out node                        ; S[0]  ;
; Maximum fan-out                             ; 26    ;
; Total fan-out                               ; 448   ;
; Average fan-out                             ; 2.82  ;
+---------------------------------------------+-------+


+-----------------------------------------------------------------------------------------------------------------------------------------------------------------------------------------------------------------------------------------------------------------------------------------------------------------+
; Analysis & Synthesis Resource Utilization by Entity                                                                                                                                                                                                                                                             ;
+-------------------------------------------+-------------------+--------------+-------------+--------------+---------+-----------+------+--------------+------------------------------------------------------------------------------------------------------------------------------------------+--------------+
; Compilation Hierarchy Node                ; LC Combinationals ; LC Registers ; Memory Bits ; DSP Elements ; DSP 9x9 ; DSP 18x18 ; Pins ; Virtual Pins ; Full Hierarchy Name                                                                                                                      ; Library Name ;
+-------------------------------------------+-------------------+--------------+-------------+--------------+---------+-----------+------+--------------+------------------------------------------------------------------------------------------------------------------------------------------+--------------+
; |8choose1                                 ; 132 (0)           ; 0 (0)        ; 0           ; 0            ; 0       ; 0         ; 27   ; 0            ; |8choose1                                                                                                                                ; work         ;
;    |AB:inst3|                             ; 2 (0)             ; 0 (0)        ; 0           ; 0            ; 0       ; 0         ; 0    ; 0            ; |8choose1|AB:inst3                                                                                                                       ; work         ;
;       |74181:inst|                        ; 2 (2)             ; 0 (0)        ; 0           ; 0            ; 0       ; 0         ; 0    ; 0            ; |8choose1|AB:inst3|74181:inst                                                                                                            ; work         ;
;    |AdivideB:inst4|                       ; 77 (0)            ; 0 (0)        ; 0           ; 0            ; 0       ; 0         ; 0    ; 0            ; |8choose1|AdivideB:inst4                                                                                                                 ; work         ;
;       |lpm_divide:lpm_divide_component|   ; 77 (0)            ; 0 (0)        ; 0           ; 0            ; 0       ; 0         ; 0    ; 0            ; |8choose1|AdivideB:inst4|lpm_divide:lpm_divide_component                                                                                 ; work         ;
;          |lpm_divide_krp:auto_generated|  ; 77 (0)            ; 0 (0)        ; 0           ; 0            ; 0       ; 0         ; 0    ; 0            ; |8choose1|AdivideB:inst4|lpm_divide:lpm_divide_component|lpm_divide_krp:auto_generated                                                   ; work         ;
;             |sign_div_unsign_fkh:divider| ; 77 (0)            ; 0 (0)        ; 0           ; 0            ; 0       ; 0         ; 0    ; 0            ; |8choose1|AdivideB:inst4|lpm_divide:lpm_divide_component|lpm_divide_krp:auto_generated|sign_div_unsign_fkh:divider                       ; work         ;
;                |alt_u_div_00f:divider|    ; 77 (77)           ; 0 (0)        ; 0           ; 0            ; 0       ; 0         ; 0    ; 0            ; |8choose1|AdivideB:inst4|lpm_divide:lpm_divide_component|lpm_divide_krp:auto_generated|sign_div_unsign_fkh:divider|alt_u_div_00f:divider ; work         ;
;    |AsubB:inst2|                          ; 7 (0)             ; 0 (0)        ; 0           ; 0            ; 0       ; 0         ; 0    ; 0            ; |8choose1|AsubB:inst2                                                                                                                    ; work         ;
;       |74181:inst11|                      ; 2 (2)             ; 0 (0)        ; 0           ; 0            ; 0       ; 0         ; 0    ; 0            ; |8choose1|AsubB:inst2|74181:inst11                                                                                                       ; work         ;
;       |74181:inst|                        ; 2 (2)             ; 0 (0)        ; 0           ; 0            ; 0       ; 0         ; 0    ; 0            ; |8choose1|AsubB:inst2|74181:inst                                                                                                         ; work         ;
;       |74182:inst8|                       ; 3 (3)             ; 0 (0)        ; 0           ; 0            ; 0       ; 0         ; 0    ; 0            ; |8choose1|AsubB:inst2|74182:inst8                                                                                                        ; work         ;
;    |mux0:inst|                            ; 46 (0)            ; 0 (0)        ; 0           ; 0            ; 0       ; 0         ; 0    ; 0            ; |8choose1|mux0:inst                                                                                                                      ;              ;
;       |lpm_mux:lpm_mux_component|         ; 46 (0)            ; 0 (0)        ; 0           ; 0            ; 0       ; 0         ; 0    ; 0            ; |8choose1|mux0:inst|lpm_mux:lpm_mux_component                                                                                            ; work         ;
;          |mux_f3e:auto_generated|         ; 46 (46)           ; 0 (0)        ; 0           ; 0            ; 0       ; 0         ; 0    ; 0            ; |8choose1|mux0:inst|lpm_mux:lpm_mux_component|mux_f3e:auto_generated                                                                     ; work         ;
+-------------------------------------------+-------------------+--------------+-------------+--------------+---------+-----------+------+--------------+------------------------------------------------------------------------------------------------------------------------------------------+--------------+
Note: For table entries with two numbers listed, the numbers in parentheses indicate the number of resources of the given type used by the specific entity alone. The numbers listed outside of parentheses indicate the total resources of the given type used by the specific entity and all of its sub-entities in the hierarchy.


+------------------------------------------------------+
; General Register Statistics                          ;
+----------------------------------------------+-------+
; Statistic                                    ; Value ;
+----------------------------------------------+-------+
; Total registers                              ; 0     ;
; Number of registers using Synchronous Clear  ; 0     ;
; Number of registers using Synchronous Load   ; 0     ;
; Number of registers using Asynchronous Clear ; 0     ;
; Number of registers using Asynchronous Load  ; 0     ;
; Number of registers using Clock Enable       ; 0     ;
; Number of registers using Preset             ; 0     ;
+----------------------------------------------+-------+


+----------------------------------------------------------------------------------+
; Parameter Settings for User Entity Instance: mux0:inst|LPM_MUX:lpm_mux_component ;
+------------------------+------------+--------------------------------------------+
; Parameter Name         ; Value      ; Type                                       ;
+------------------------+------------+--------------------------------------------+
; AUTO_CARRY_CHAINS      ; ON         ; AUTO_CARRY                                 ;
; IGNORE_CARRY_BUFFERS   ; OFF        ; IGNORE_CARRY                               ;
; AUTO_CASCADE_CHAINS    ; ON         ; AUTO_CASCADE                               ;
; IGNORE_CASCADE_BUFFERS ; OFF        ; IGNORE_CASCADE                             ;
; LPM_WIDTH              ; 8          ; Signed Integer                             ;
; LPM_SIZE               ; 8          ; Signed Integer                             ;
; LPM_WIDTHS             ; 3          ; Signed Integer                             ;
; LPM_PIPELINE           ; 0          ; Signed Integer                             ;
; CBXI_PARAMETER         ; mux_f3e    ; Untyped                                    ;
; DEVICE_FAMILY          ; Cyclone II ; Untyped                                    ;
+------------------------+------------+--------------------------------------------+
Note: In order to hide this table in the UI and the text report file, please set the "Show Parameter Settings Tables in Synthesis Report" option in "Analysis and Synthesis Settings -> More Settings" to "Off".


+---------------------------------------------------------------------------------------------+
; Parameter Settings for User Entity Instance: AdivideB:inst4|lpm_divide:lpm_divide_component ;
+------------------------+----------------+---------------------------------------------------+
; Parameter Name         ; Value          ; Type                                              ;
+------------------------+----------------+---------------------------------------------------+
; LPM_WIDTHN             ; 8              ; Signed Integer                                    ;
; LPM_WIDTHD             ; 8              ; Signed Integer                                    ;
; LPM_NREPRESENTATION    ; UNSIGNED       ; Untyped                                           ;
; LPM_DREPRESENTATION    ; UNSIGNED       ; Untyped                                           ;
; LPM_PIPELINE           ; 0              ; Untyped                                           ;
; LPM_REMAINDERPOSITIVE  ; TRUE           ; Untyped                                           ;
; MAXIMIZE_SPEED         ; 5              ; Untyped                                           ;
; CBXI_PARAMETER         ; lpm_divide_krp ; Untyped                                           ;
; CARRY_CHAIN            ; MANUAL         ; Untyped                                           ;
; OPTIMIZE_FOR_SPEED     ; 5              ; Untyped                                           ;
; AUTO_CARRY_CHAINS      ; ON             ; AUTO_CARRY                                        ;
; IGNORE_CARRY_BUFFERS   ; OFF            ; IGNORE_CARRY                                      ;
; AUTO_CASCADE_CHAINS    ; ON             ; AUTO_CASCADE                                      ;
; IGNORE_CASCADE_BUFFERS ; OFF            ; IGNORE_CASCADE                                    ;
+------------------------+----------------+---------------------------------------------------+
Note: In order to hide this table in the UI and the text report file, please set the "Show Parameter Settings Tables in Synthesis Report" option in "Analysis and Synthesis Settings -> More Settings" to "Off".


+-------------------------------+
; Analysis & Synthesis Messages ;
+-------------------------------+
Info: *******************************************************************
Info: Running Quartus II Analysis & Synthesis
    Info: Version 9.1 Build 222 10/21/2009 SJ Web Edition
    Info: Processing started: Thu Sep 15 01:40:22 2022
Info: Command: quartus_map --read_settings_files=on --write_settings_files=off 8choose1 -c 8choose1
Info: Found 1 design units, including 1 entities, in source file logic_yiaaddb/logic_yiaaddb.bdf
    Info: Found entity 1: logic_yiAaddB
Info: Found 1 design units, including 1 entities, in source file logic_fa+b/logic_faaddb.bdf
    Info: Found entity 1: logic_fAaddB
Warning: Can't analyze file -- file logic_·Ç(A+B)/logic_AaddB.bdf is missing
Info: Found 1 design units, including 1 entities, in source file logic_a+b/logic_aaddb.bdf
    Info: Found entity 1: logic_AaddB
Info: Found 1 design units, including 1 entities, in source file logic_ab/logic_ab.bdf
    Info: Found entity 1: logic_AB
Info: Found 1 design units, including 1 entities, in source file axb/ab.bdf
    Info: Found entity 1: AB
Info: Found 1 design units, including 1 entities, in source file a-b/asubb.bdf
    Info: Found entity 1: AsubB
Info: Found 1 design units, including 1 entities, in source file a+b/aaddb.bdf
    Info: Found entity 1: AaddB
Info: Found 1 design units, including 1 entities, in source file 8choose1.bdf
    Info: Found entity 1: 8choose1
Warning: Can't analyze file -- file AaddB.bdf is missing
Info: Found 2 design units, including 1 entities, in source file adivideb.vhd
    Info: Found design unit 1: adivideb-SYN
    Info: Found entity 1: AdivideB
Info: Found 2 design units, including 1 entities, in source file mux0.vhd
    Info: Found design unit 1: mux0-SYN
    Info: Found entity 1: mux0
Info: Elaborating entity "8choose1" for the top level hierarchy
Info: Elaborating entity "mux0" for hierarchy "mux0:inst"
Info: Elaborating entity "LPM_MUX" for hierarchy "mux0:inst|LPM_MUX:lpm_mux_component"
Info: Elaborated megafunction instantiation "mux0:inst|LPM_MUX:lpm_mux_component"
Info: Instantiated megafunction "mux0:inst|LPM_MUX:lpm_mux_component" with the following parameter:
    Info: Parameter "LPM_WIDTH" = "8"
    Info: Parameter "LPM_SIZE" = "8"
    Info: Parameter "LPM_WIDTHS" = "3"
    Info: Parameter "LPM_PIPELINE" = "0"
    Info: Parameter "LPM_TYPE" = "LPM_MUX"
    Info: Parameter "LPM_HINT" = "UNUSED"
Info: Found 1 design units, including 1 entities, in source file db/mux_f3e.tdf
    Info: Found entity 1: mux_f3e
Info: Elaborating entity "mux_f3e" for hierarchy "mux0:inst|LPM_MUX:lpm_mux_component|mux_f3e:auto_generated"
Info: Elaborating entity "logic_yiAaddB" for hierarchy "logic_yiAaddB:inst8"
Info: Elaborating entity "74181" for hierarchy "logic_yiAaddB:inst8|74181:inst"
Info: Elaborated megafunction instantiation "logic_yiAaddB:inst8|74181:inst"
Info: Elaborating entity "74182" for hierarchy "logic_yiAaddB:inst8|74182:inst8"
Info: Elaborated megafunction instantiation "logic_yiAaddB:inst8|74182:inst8"
Info: Elaborating entity "logic_fAaddB" for hierarchy "logic_fAaddB:inst7"
Info: Elaborating entity "logic_AaddB" for hierarchy "logic_AaddB:inst6"
Info: Elaborating entity "logic_AB" for hierarchy "logic_AB:inst5"
Info: Elaborating entity "AdivideB" for hierarchy "AdivideB:inst4"
Info: Elaborating entity "lpm_divide" for hierarchy "AdivideB:inst4|lpm_divide:lpm_divide_component"
Info: Elaborated megafunction instantiation "AdivideB:inst4|lpm_divide:lpm_divide_component"
Info: Instantiated megafunction "AdivideB:inst4|lpm_divide:lpm_divide_component" with the following parameter:
    Info: Parameter "lpm_drepresentation" = "UNSIGNED"
    Info: Parameter "lpm_hint" = "LPM_REMAINDERPOSITIVE=TRUE"
    Info: Parameter "lpm_nrepresentation" = "UNSIGNED"
    Info: Parameter "lpm_type" = "LPM_DIVIDE"
    Info: Parameter "lpm_widthd" = "8"
    Info: Parameter "lpm_widthn" = "8"
Info: Found 1 design units, including 1 entities, in source file db/lpm_divide_krp.tdf
    Info: Found entity 1: lpm_divide_krp
Info: Elaborating entity "lpm_divide_krp" for hierarchy "AdivideB:inst4|lpm_divide:lpm_divide_component|lpm_divide_krp:auto_generated"
Info: Found 1 design units, including 1 entities, in source file db/sign_div_unsign_fkh.tdf
    Info: Found entity 1: sign_div_unsign_fkh
Info: Elaborating entity "sign_div_unsign_fkh" for hierarchy "AdivideB:inst4|lpm_divide:lpm_divide_component|lpm_divide_krp:auto_generated|sign_div_unsign_fkh:divider"
Info: Found 1 design units, including 1 entities, in source file db/alt_u_div_00f.tdf
    Info: Found entity 1: alt_u_div_00f
Info: Elaborating entity "alt_u_div_00f" for hierarchy "AdivideB:inst4|lpm_divide:lpm_divide_component|lpm_divide_krp:auto_generated|sign_div_unsign_fkh:divider|alt_u_div_00f:divider"
Info: Found 1 design units, including 1 entities, in source file db/add_sub_lkc.tdf
    Info: Found entity 1: add_sub_lkc
Info: Elaborating entity "add_sub_lkc" for hierarchy "AdivideB:inst4|lpm_divide:lpm_divide_component|lpm_divide_krp:auto_generated|sign_div_unsign_fkh:divider|alt_u_div_00f:divider|add_sub_lkc:add_sub_0"
Info: Found 1 design units, including 1 entities, in source file db/add_sub_mkc.tdf
    Info: Found entity 1: add_sub_mkc
Info: Elaborating entity "add_sub_mkc" for hierarchy "AdivideB:inst4|lpm_divide:lpm_divide_component|lpm_divide_krp:auto_generated|sign_div_unsign_fkh:divider|alt_u_div_00f:divider|add_sub_mkc:add_sub_1"
Info: Elaborating entity "AB" for hierarchy "AB:inst3"
Info: Elaborating entity "AsubB" for hierarchy "AsubB:inst2"
Info: Elaborating entity "AaddB" for hierarchy "AaddB:inst9"
Info: Ignored 161 buffer(s)
    Info: Ignored 161 SOFT buffer(s)
Info: Implemented 159 device resources after synthesis - the final resource count might be different
    Info: Implemented 19 input pins
    Info: Implemented 8 output pins
    Info: Implemented 132 logic cells
Info: Quartus II Analysis & Synthesis was successful. 0 errors, 2 warnings
    Info: Peak virtual memory: 252 megabytes
    Info: Processing ended: Thu Sep 15 01:40:26 2022
    Info: Elapsed time: 00:00:04
    Info: Total CPU time (on all processors): 00:00:05


