Analysis & Synthesis report for timeCounter
Wed May 24 20:27:21 2023
Quartus II Version 9.1 Build 222 10/21/2009 SJ Web Edition


---------------------
; Table of Contents ;
---------------------
  1. Legal Notice
  2. Analysis & Synthesis Summary
  3. Analysis & Synthesis Settings
  4. Parallel Compilation
  5. Analysis & Synthesis Source Files Read
  6. Analysis & Synthesis Resource Usage Summary
  7. Analysis & Synthesis Resource Utilization by Entity
  8. General Register Statistics
  9. Source assignments for block60:inst|ct10:inst1|lpm_counter:lpm_counter_component
 10. Source assignments for block60:inst|ct10:inst|lpm_counter:lpm_counter_component
 11. Source assignments for block60:inst8|ct10:inst1|lpm_counter:lpm_counter_component
 12. Source assignments for block60:inst8|ct10:inst|lpm_counter:lpm_counter_component
 13. Source assignments for block24:inst9|ct10:inst6|lpm_counter:lpm_counter_component
 14. Source assignments for block24:inst9|ct10:inst7|lpm_counter:lpm_counter_component
 15. Parameter Settings for User Entity Instance: block60:inst|ct10:inst1|lpm_counter:lpm_counter_component
 16. Parameter Settings for User Entity Instance: block60:inst|ct10:inst|lpm_counter:lpm_counter_component
 17. Parameter Settings for User Entity Instance: block60:inst8|ct10:inst1|lpm_counter:lpm_counter_component
 18. Parameter Settings for User Entity Instance: block60:inst8|ct10:inst|lpm_counter:lpm_counter_component
 19. Parameter Settings for User Entity Instance: block24:inst9|ct10:inst6|lpm_counter:lpm_counter_component
 20. Parameter Settings for User Entity Instance: block24:inst9|ct10:inst7|lpm_counter:lpm_counter_component
 21. Analysis & Synthesis Messages



----------------
; Legal Notice ;
----------------
Copyright (C) 1991-2009 Altera Corporation
Your use of Altera Corporation's design tools, logic functions 
and other software and tools, and its AMPP partner logic 
functions, and any output files from any of the foregoing 
(including device programming or simulation files), and any 
associated documentation or information are expressly subject 
to the terms and conditions of the Altera Program License 
Subscription Agreement, Altera MegaCore Function License 
Agreement, or other applicable license agreement, including, 
without limitation, that your use is for the sole purpose of 
programming logic devices manufactured by Altera and sold by 
Altera or its authorized distributors.  Please refer to the 
applicable agreement for further details.



+------------------------------------------------------------------------------+
; Analysis & Synthesis Summary                                                 ;
+------------------------------------+-----------------------------------------+
; Analysis & Synthesis Status        ; Successful - Wed May 24 20:27:21 2023   ;
; Quartus II Version                 ; 9.1 Build 222 10/21/2009 SJ Web Edition ;
; Revision Name                      ; timeCounter                             ;
; Top-level Entity Name              ; timeCounter                             ;
; Family                             ; Cyclone II                              ;
; Total logic elements               ; 55                                      ;
;     Total combinational functions  ; 55                                      ;
;     Dedicated logic registers      ; 24                                      ;
; Total registers                    ; 24                                      ;
; Total pins                         ; 26                                      ;
; Total virtual pins                 ; 0                                       ;
; Total memory bits                  ; 0                                       ;
; Embedded Multiplier 9-bit elements ; 0                                       ;
; Total PLLs                         ; 0                                       ;
+------------------------------------+-----------------------------------------+


+----------------------------------------------------------------------------------------------------------------------+
; Analysis & Synthesis Settings                                                                                        ;
+----------------------------------------------------------------------------+--------------------+--------------------+
; Option                                                                     ; Setting            ; Default Value      ;
+----------------------------------------------------------------------------+--------------------+--------------------+
; Device                                                                     ; EP2C35F672C8       ;                    ;
; Top-level entity name                                                      ; timeCounter        ; timeCounter        ;
; Family name                                                                ; Cyclone II         ; Stratix II         ;
; Use Generated Physical Constraints File                                    ; Off                ;                    ;
; Use smart compilation                                                      ; Off                ; Off                ;
; Enable parallel Assembler and TimeQuest Timing Analyzer during compilation ; On                 ; On                 ;
; Enable compact report table                                                ; Off                ; Off                ;
; Restructure Multiplexers                                                   ; Auto               ; Auto               ;
; Create Debugging Nodes for IP Cores                                        ; Off                ; Off                ;
; Preserve fewer node names                                                  ; On                 ; On                 ;
; Disable OpenCore Plus hardware evaluation                                  ; Off                ; Off                ;
; Verilog Version                                                            ; Verilog_2001       ; Verilog_2001       ;
; VHDL Version                                                               ; VHDL_1993          ; VHDL_1993          ;
; State Machine Processing                                                   ; Auto               ; Auto               ;
; Safe State Machine                                                         ; Off                ; Off                ;
; Extract Verilog State Machines                                             ; On                 ; On                 ;
; Extract VHDL State Machines                                                ; On                 ; On                 ;
; Ignore Verilog initial constructs                                          ; Off                ; Off                ;
; Iteration limit for constant Verilog loops                                 ; 5000               ; 5000               ;
; Iteration limit for non-constant Verilog loops                             ; 250                ; 250                ;
; Add Pass-Through Logic to Inferred RAMs                                    ; On                 ; On                 ;
; Parallel Synthesis                                                         ; On                 ; On                 ;
; DSP Block Balancing                                                        ; Auto               ; Auto               ;
; NOT Gate Push-Back                                                         ; On                 ; On                 ;
; Power-Up Don't Care                                                        ; On                 ; On                 ;
; Remove Redundant Logic Cells                                               ; Off                ; Off                ;
; Remove Duplicate Registers                                                 ; On                 ; On                 ;
; Ignore CARRY Buffers                                                       ; Off                ; Off                ;
; Ignore CASCADE Buffers                                                     ; Off                ; Off                ;
; Ignore GLOBAL Buffers                                                      ; Off                ; Off                ;
; Ignore ROW GLOBAL Buffers                                                  ; Off                ; Off                ;
; Ignore LCELL Buffers                                                       ; Off                ; Off                ;
; Ignore SOFT Buffers                                                        ; On                 ; On                 ;
; Limit AHDL Integers to 32 Bits                                             ; Off                ; Off                ;
; Optimization Technique                                                     ; Balanced           ; Balanced           ;
; Carry Chain Length                                                         ; 70                 ; 70                 ;
; Auto Carry Chains                                                          ; On                 ; On                 ;
; Auto Open-Drain Pins                                                       ; On                 ; On                 ;
; Perform WYSIWYG Primitive Resynthesis                                      ; Off                ; Off                ;
; Auto ROM Replacement                                                       ; On                 ; On                 ;
; Auto RAM Replacement                                                       ; On                 ; On                 ;
; Auto Shift Register Replacement                                            ; Auto               ; Auto               ;
; Auto Clock Enable Replacement                                              ; On                 ; On                 ;
; Strict RAM Replacement                                                     ; Off                ; Off                ;
; Allow Synchronous Control Signals                                          ; On                 ; On                 ;
; Force Use of Synchronous Clear Signals                                     ; Off                ; Off                ;
; Auto RAM to Logic Cell Conversion                                          ; Off                ; Off                ;
; Auto Resource Sharing                                                      ; Off                ; Off                ;
; Allow Any RAM Size For Recognition                                         ; Off                ; Off                ;
; Allow Any ROM Size For Recognition                                         ; Off                ; Off                ;
; Allow Any Shift Register Size For Recognition                              ; Off                ; Off                ;
; Use LogicLock Constraints during Resource Balancing                        ; On                 ; On                 ;
; Ignore translate_off and synthesis_off directives                          ; Off                ; Off                ;
; Timing-Driven Synthesis                                                    ; Off                ; Off                ;
; Show Parameter Settings Tables in Synthesis Report                         ; On                 ; On                 ;
; Ignore Maximum Fan-Out Assignments                                         ; Off                ; Off                ;
; Synchronization Register Chain Length                                      ; 2                  ; 2                  ;
; PowerPlay Power Optimization                                               ; Normal compilation ; Normal compilation ;
; HDL message level                                                          ; Level2             ; Level2             ;
; Suppress Register Optimization Related Messages                            ; Off                ; Off                ;
; Number of Removed Registers Reported in Synthesis Report                   ; 100                ; 100                ;
; Number of Inverted Registers Reported in Synthesis Report                  ; 100                ; 100                ;
; Clock MUX Protection                                                       ; On                 ; On                 ;
; Auto Gated Clock Conversion                                                ; Off                ; Off                ;
; Block Design Naming                                                        ; Auto               ; Auto               ;
; SDC constraint protection                                                  ; Off                ; Off                ;
; Synthesis Effort                                                           ; Auto               ; Auto               ;
; Shift Register Replacement - Allow Asynchronous Clear Signal               ; On                 ; On                 ;
; Analysis & Synthesis Message Level                                         ; Medium             ; Medium             ;
; Disable Register Merging Across Hierarchies                                ; Auto               ; Auto               ;
; Resource Aware Inference For Block RAM                                     ; On                 ; On                 ;
+----------------------------------------------------------------------------+--------------------+--------------------+


Parallel compilation was disabled, but you have multiple processors available. Enable parallel compilation to reduce compilation time.
+-------------------------------------+
; Parallel Compilation                ;
+----------------------------+--------+
; Processors                 ; Number ;
+----------------------------+--------+
; Number detected on machine ; 16     ;
; Maximum allowed            ; 1      ;
+----------------------------+--------+


+--------------------------------------------------------------------------------------------------------------------------------------------------------+
; Analysis & Synthesis Source Files Read                                                                                                                 ;
+----------------------------------+-----------------+------------------------------------+--------------------------------------------------------------+
; File Name with User-Entered Path ; Used in Netlist ; File Type                          ; File Name with Absolute Path                                 ;
+----------------------------------+-----------------+------------------------------------+--------------------------------------------------------------+
; timeCounter.bdf                  ; yes             ; User Block Diagram/Schematic File  ; G:/mywork/timeCounter/timeCounter.bdf                        ;
; block60.bdf                      ; yes             ; User Block Diagram/Schematic File  ; G:/mywork/timeCounter/block60.bdf                            ;
; block24.bdf                      ; yes             ; User Block Diagram/Schematic File  ; G:/mywork/timeCounter/block24.bdf                            ;
; ct10.tdf                         ; yes             ; Auto-Found Wizard-Generated File   ; G:/mywork/timeCounter/ct10.tdf                               ;
; lpm_counter.inc                  ; yes             ; Megafunction                       ; c:/altera/91/quartus/libraries/megafunctions/lpm_counter.inc ;
; lpm_counter.tdf                  ; yes             ; Megafunction                       ; c:/altera/91/quartus/libraries/megafunctions/lpm_counter.tdf ;
; db/cntr_dik.tdf                  ; yes             ; Auto-Generated Megafunction        ; G:/mywork/timeCounter/db/cntr_dik.tdf                        ;
; db/cmpr_8cc.tdf                  ; yes             ; Auto-Generated Megafunction        ; G:/mywork/timeCounter/db/cmpr_8cc.tdf                        ;
+----------------------------------+-----------------+------------------------------------+--------------------------------------------------------------+


+-----------------------------------------------------+
; Analysis & Synthesis Resource Usage Summary         ;
+---------------------------------------------+-------+
; Resource                                    ; Usage ;
+---------------------------------------------+-------+
; Estimated Total logic elements              ; 55    ;
;                                             ;       ;
; Total combinational functions               ; 55    ;
; Logic element usage by number of LUT inputs ;       ;
;     -- 4 input functions                    ; 17    ;
;     -- 3 input functions                    ; 5     ;
;     -- <=2 input functions                  ; 33    ;
;                                             ;       ;
; Logic elements by mode                      ;       ;
;     -- normal mode                          ; 31    ;
;     -- arithmetic mode                      ; 24    ;
;                                             ;       ;
; Total registers                             ; 24    ;
;     -- Dedicated logic registers            ; 24    ;
;     -- I/O registers                        ; 0     ;
;                                             ;       ;
; I/O pins                                    ; 26    ;
; Maximum fan-out node                        ; ~GND  ;
; Maximum fan-out                             ; 24    ;
; Total fan-out                               ; 279   ;
; Average fan-out                             ; 2.66  ;
+---------------------------------------------+-------+


+------------------------------------------------------------------------------------------------------------------------------------------------------------------------------------------------------------------------------------------------------------------------------------------+
; Analysis & Synthesis Resource Utilization by Entity                                                                                                                                                                                                                                      ;
+----------------------------------------------+-------------------+--------------+-------------+--------------+---------+-----------+------+--------------+----------------------------------------------------------------------------------------------------------------+--------------+
; Compilation Hierarchy Node                   ; LC Combinationals ; LC Registers ; Memory Bits ; DSP Elements ; DSP 9x9 ; DSP 18x18 ; Pins ; Virtual Pins ; Full Hierarchy Name                                                                                            ; Library Name ;
+----------------------------------------------+-------------------+--------------+-------------+--------------+---------+-----------+------+--------------+----------------------------------------------------------------------------------------------------------------+--------------+
; |timeCounter                                 ; 55 (1)            ; 24 (0)       ; 0           ; 0            ; 0       ; 0         ; 26   ; 0            ; |timeCounter                                                                                                   ; work         ;
;    |block24:inst9|                           ; 19 (1)            ; 8 (0)        ; 0           ; 0            ; 0       ; 0         ; 0    ; 0            ; |timeCounter|block24:inst9                                                                                     ; work         ;
;       |ct10:inst6|                           ; 11 (0)            ; 4 (0)        ; 0           ; 0            ; 0       ; 0         ; 0    ; 0            ; |timeCounter|block24:inst9|ct10:inst6                                                                          ; work         ;
;          |lpm_counter:lpm_counter_component| ; 11 (0)            ; 4 (0)        ; 0           ; 0            ; 0       ; 0         ; 0    ; 0            ; |timeCounter|block24:inst9|ct10:inst6|lpm_counter:lpm_counter_component                                        ; work         ;
;             |cntr_dik:auto_generated|        ; 11 (11)           ; 4 (4)        ; 0           ; 0            ; 0       ; 0         ; 0    ; 0            ; |timeCounter|block24:inst9|ct10:inst6|lpm_counter:lpm_counter_component|cntr_dik:auto_generated                ; work         ;
;       |ct10:inst7|                           ; 7 (0)             ; 4 (0)        ; 0           ; 0            ; 0       ; 0         ; 0    ; 0            ; |timeCounter|block24:inst9|ct10:inst7                                                                          ; work         ;
;          |lpm_counter:lpm_counter_component| ; 7 (0)             ; 4 (0)        ; 0           ; 0            ; 0       ; 0         ; 0    ; 0            ; |timeCounter|block24:inst9|ct10:inst7|lpm_counter:lpm_counter_component                                        ; work         ;
;             |cntr_dik:auto_generated|        ; 7 (7)             ; 4 (4)        ; 0           ; 0            ; 0       ; 0         ; 0    ; 0            ; |timeCounter|block24:inst9|ct10:inst7|lpm_counter:lpm_counter_component|cntr_dik:auto_generated                ; work         ;
;    |block60:inst8|                           ; 18 (3)            ; 8 (0)        ; 0           ; 0            ; 0       ; 0         ; 0    ; 0            ; |timeCounter|block60:inst8                                                                                     ; work         ;
;       |ct10:inst1|                           ; 7 (0)             ; 4 (0)        ; 0           ; 0            ; 0       ; 0         ; 0    ; 0            ; |timeCounter|block60:inst8|ct10:inst1                                                                          ; work         ;
;          |lpm_counter:lpm_counter_component| ; 7 (0)             ; 4 (0)        ; 0           ; 0            ; 0       ; 0         ; 0    ; 0            ; |timeCounter|block60:inst8|ct10:inst1|lpm_counter:lpm_counter_component                                        ; work         ;
;             |cntr_dik:auto_generated|        ; 7 (6)             ; 4 (4)        ; 0           ; 0            ; 0       ; 0         ; 0    ; 0            ; |timeCounter|block60:inst8|ct10:inst1|lpm_counter:lpm_counter_component|cntr_dik:auto_generated                ; work         ;
;                |cmpr_8cc:cmpr2|              ; 1 (1)             ; 0 (0)        ; 0           ; 0            ; 0       ; 0         ; 0    ; 0            ; |timeCounter|block60:inst8|ct10:inst1|lpm_counter:lpm_counter_component|cntr_dik:auto_generated|cmpr_8cc:cmpr2 ; work         ;
;       |ct10:inst|                            ; 8 (0)             ; 4 (0)        ; 0           ; 0            ; 0       ; 0         ; 0    ; 0            ; |timeCounter|block60:inst8|ct10:inst                                                                           ; work         ;
;          |lpm_counter:lpm_counter_component| ; 8 (0)             ; 4 (0)        ; 0           ; 0            ; 0       ; 0         ; 0    ; 0            ; |timeCounter|block60:inst8|ct10:inst|lpm_counter:lpm_counter_component                                         ; work         ;
;             |cntr_dik:auto_generated|        ; 8 (8)             ; 4 (4)        ; 0           ; 0            ; 0       ; 0         ; 0    ; 0            ; |timeCounter|block60:inst8|ct10:inst|lpm_counter:lpm_counter_component|cntr_dik:auto_generated                 ; work         ;
;    |block60:inst|                            ; 17 (3)            ; 8 (0)        ; 0           ; 0            ; 0       ; 0         ; 0    ; 0            ; |timeCounter|block60:inst                                                                                      ;              ;
;       |ct10:inst1|                           ; 7 (0)             ; 4 (0)        ; 0           ; 0            ; 0       ; 0         ; 0    ; 0            ; |timeCounter|block60:inst|ct10:inst1                                                                           ; work         ;
;          |lpm_counter:lpm_counter_component| ; 7 (0)             ; 4 (0)        ; 0           ; 0            ; 0       ; 0         ; 0    ; 0            ; |timeCounter|block60:inst|ct10:inst1|lpm_counter:lpm_counter_component                                         ; work         ;
;             |cntr_dik:auto_generated|        ; 7 (6)             ; 4 (4)        ; 0           ; 0            ; 0       ; 0         ; 0    ; 0            ; |timeCounter|block60:inst|ct10:inst1|lpm_counter:lpm_counter_component|cntr_dik:auto_generated                 ; work         ;
;                |cmpr_8cc:cmpr2|              ; 1 (1)             ; 0 (0)        ; 0           ; 0            ; 0       ; 0         ; 0    ; 0            ; |timeCounter|block60:inst|ct10:inst1|lpm_counter:lpm_counter_component|cntr_dik:auto_generated|cmpr_8cc:cmpr2  ; work         ;
;       |ct10:inst|                            ; 7 (0)             ; 4 (0)        ; 0           ; 0            ; 0       ; 0         ; 0    ; 0            ; |timeCounter|block60:inst|ct10:inst                                                                            ; work         ;
;          |lpm_counter:lpm_counter_component| ; 7 (0)             ; 4 (0)        ; 0           ; 0            ; 0       ; 0         ; 0    ; 0            ; |timeCounter|block60:inst|ct10:inst|lpm_counter:lpm_counter_component                                          ; work         ;
;             |cntr_dik:auto_generated|        ; 7 (6)             ; 4 (4)        ; 0           ; 0            ; 0       ; 0         ; 0    ; 0            ; |timeCounter|block60:inst|ct10:inst|lpm_counter:lpm_counter_component|cntr_dik:auto_generated                  ; work         ;
;                |cmpr_8cc:cmpr2|              ; 1 (1)             ; 0 (0)        ; 0           ; 0            ; 0       ; 0         ; 0    ; 0            ; |timeCounter|block60:inst|ct10:inst|lpm_counter:lpm_counter_component|cntr_dik:auto_generated|cmpr_8cc:cmpr2   ; work         ;
+----------------------------------------------+-------------------+--------------+-------------+--------------+---------+-----------+------+--------------+----------------------------------------------------------------------------------------------------------------+--------------+
Note: For table entries with two numbers listed, the numbers in parentheses indicate the number of resources of the given type used by the specific entity alone. The numbers listed outside of parentheses indicate the total resources of the given type used by the specific entity and all of its sub-entities in the hierarchy.


+------------------------------------------------------+
; General Register Statistics                          ;
+----------------------------------------------+-------+
; Statistic                                    ; Value ;
+----------------------------------------------+-------+
; Total registers                              ; 24    ;
; Number of registers using Synchronous Clear  ; 0     ;
; Number of registers using Synchronous Load   ; 24    ;
; Number of registers using Asynchronous Clear ; 0     ;
; Number of registers using Asynchronous Load  ; 0     ;
; Number of registers using Clock Enable       ; 24    ;
; Number of registers using Preset             ; 0     ;
+----------------------------------------------+-------+


+----------------------------------------------------------------------------------+
; Source assignments for block60:inst|ct10:inst1|lpm_counter:lpm_counter_component ;
+---------------------------+-------+------+---------------------------------------+
; Assignment                ; Value ; From ; To                                    ;
+---------------------------+-------+------+---------------------------------------+
; SUPPRESS_DA_RULE_INTERNAL ; a101  ; -    ; -                                     ;
; SUPPRESS_DA_RULE_INTERNAL ; s102  ; -    ; -                                     ;
; SUPPRESS_DA_RULE_INTERNAL ; s103  ; -    ; -                                     ;
+---------------------------+-------+------+---------------------------------------+


+---------------------------------------------------------------------------------+
; Source assignments for block60:inst|ct10:inst|lpm_counter:lpm_counter_component ;
+---------------------------+-------+------+--------------------------------------+
; Assignment                ; Value ; From ; To                                   ;
+---------------------------+-------+------+--------------------------------------+
; SUPPRESS_DA_RULE_INTERNAL ; a101  ; -    ; -                                    ;
; SUPPRESS_DA_RULE_INTERNAL ; s102  ; -    ; -                                    ;
; SUPPRESS_DA_RULE_INTERNAL ; s103  ; -    ; -                                    ;
+---------------------------+-------+------+--------------------------------------+


+-----------------------------------------------------------------------------------+
; Source assignments for block60:inst8|ct10:inst1|lpm_counter:lpm_counter_component ;
+---------------------------+-------+------+----------------------------------------+
; Assignment                ; Value ; From ; To                                     ;
+---------------------------+-------+------+----------------------------------------+
; SUPPRESS_DA_RULE_INTERNAL ; a101  ; -    ; -                                      ;
; SUPPRESS_DA_RULE_INTERNAL ; s102  ; -    ; -                                      ;
; SUPPRESS_DA_RULE_INTERNAL ; s103  ; -    ; -                                      ;
+---------------------------+-------+------+----------------------------------------+


+----------------------------------------------------------------------------------+
; Source assignments for block60:inst8|ct10:inst|lpm_counter:lpm_counter_component ;
+---------------------------+-------+------+---------------------------------------+
; Assignment                ; Value ; From ; To                                    ;
+---------------------------+-------+------+---------------------------------------+
; SUPPRESS_DA_RULE_INTERNAL ; a101  ; -    ; -                                     ;
; SUPPRESS_DA_RULE_INTERNAL ; s102  ; -    ; -                                     ;
; SUPPRESS_DA_RULE_INTERNAL ; s103  ; -    ; -                                     ;
+---------------------------+-------+------+---------------------------------------+


+-----------------------------------------------------------------------------------+
; Source assignments for block24:inst9|ct10:inst6|lpm_counter:lpm_counter_component ;
+---------------------------+-------+------+----------------------------------------+
; Assignment                ; Value ; From ; To                                     ;
+---------------------------+-------+------+----------------------------------------+
; SUPPRESS_DA_RULE_INTERNAL ; a101  ; -    ; -                                      ;
; SUPPRESS_DA_RULE_INTERNAL ; s102  ; -    ; -                                      ;
; SUPPRESS_DA_RULE_INTERNAL ; s103  ; -    ; -                                      ;
+---------------------------+-------+------+----------------------------------------+


+-----------------------------------------------------------------------------------+
; Source assignments for block24:inst9|ct10:inst7|lpm_counter:lpm_counter_component ;
+---------------------------+-------+------+----------------------------------------+
; Assignment                ; Value ; From ; To                                     ;
+---------------------------+-------+------+----------------------------------------+
; SUPPRESS_DA_RULE_INTERNAL ; a101  ; -    ; -                                      ;
; SUPPRESS_DA_RULE_INTERNAL ; s102  ; -    ; -                                      ;
; SUPPRESS_DA_RULE_INTERNAL ; s103  ; -    ; -                                      ;
+---------------------------+-------+------+----------------------------------------+


+--------------------------------------------------------------------------------------------------------+
; Parameter Settings for User Entity Instance: block60:inst|ct10:inst1|lpm_counter:lpm_counter_component ;
+------------------------+-------------+-----------------------------------------------------------------+
; Parameter Name         ; Value       ; Type                                                            ;
+------------------------+-------------+-----------------------------------------------------------------+
; AUTO_CARRY_CHAINS      ; ON          ; AUTO_CARRY                                                      ;
; IGNORE_CARRY_BUFFERS   ; OFF         ; IGNORE_CARRY                                                    ;
; AUTO_CASCADE_CHAINS    ; ON          ; AUTO_CASCADE                                                    ;
; IGNORE_CASCADE_BUFFERS ; OFF         ; IGNORE_CASCADE                                                  ;
; LPM_WIDTH              ; 4           ; Untyped                                                         ;
; LPM_DIRECTION          ; UP          ; Untyped                                                         ;
; LPM_MODULUS            ; 10          ; Untyped                                                         ;
; LPM_AVALUE             ; UNUSED      ; Untyped                                                         ;
; LPM_SVALUE             ; UNUSED      ; Untyped                                                         ;
; LPM_PORT_UPDOWN        ; PORT_UNUSED ; Untyped                                                         ;
; DEVICE_FAMILY          ; Cyclone II  ; Untyped                                                         ;
; CARRY_CHAIN            ; MANUAL      ; Untyped                                                         ;
; CARRY_CHAIN_LENGTH     ; 48          ; CARRY_CHAIN_LENGTH                                              ;
; NOT_GATE_PUSH_BACK     ; ON          ; NOT_GATE_PUSH_BACK                                              ;
; CARRY_CNT_EN           ; SMART       ; Untyped                                                         ;
; LABWIDE_SCLR           ; ON          ; Untyped                                                         ;
; USE_NEW_VERSION        ; TRUE        ; Untyped                                                         ;
; CBXI_PARAMETER         ; cntr_dik    ; Untyped                                                         ;
+------------------------+-------------+-----------------------------------------------------------------+
Note: In order to hide this table in the UI and the text report file, please set the "Show Parameter Settings Tables in Synthesis Report" option in "Analysis and Synthesis Settings -> More Settings" to "Off".


+-------------------------------------------------------------------------------------------------------+
; Parameter Settings for User Entity Instance: block60:inst|ct10:inst|lpm_counter:lpm_counter_component ;
+------------------------+-------------+----------------------------------------------------------------+
; Parameter Name         ; Value       ; Type                                                           ;
+------------------------+-------------+----------------------------------------------------------------+
; AUTO_CARRY_CHAINS      ; ON          ; AUTO_CARRY                                                     ;
; IGNORE_CARRY_BUFFERS   ; OFF         ; IGNORE_CARRY                                                   ;
; AUTO_CASCADE_CHAINS    ; ON          ; AUTO_CASCADE                                                   ;
; IGNORE_CASCADE_BUFFERS ; OFF         ; IGNORE_CASCADE                                                 ;
; LPM_WIDTH              ; 4           ; Untyped                                                        ;
; LPM_DIRECTION          ; UP          ; Untyped                                                        ;
; LPM_MODULUS            ; 10          ; Untyped                                                        ;
; LPM_AVALUE             ; UNUSED      ; Untyped                                                        ;
; LPM_SVALUE             ; UNUSED      ; Untyped                                                        ;
; LPM_PORT_UPDOWN        ; PORT_UNUSED ; Untyped                                                        ;
; DEVICE_FAMILY          ; Cyclone II  ; Untyped                                                        ;
; CARRY_CHAIN            ; MANUAL      ; Untyped                                                        ;
; CARRY_CHAIN_LENGTH     ; 48          ; CARRY_CHAIN_LENGTH                                             ;
; NOT_GATE_PUSH_BACK     ; ON          ; NOT_GATE_PUSH_BACK                                             ;
; CARRY_CNT_EN           ; SMART       ; Untyped                                                        ;
; LABWIDE_SCLR           ; ON          ; Untyped                                                        ;
; USE_NEW_VERSION        ; TRUE        ; Untyped                                                        ;
; CBXI_PARAMETER         ; cntr_dik    ; Untyped                                                        ;
+------------------------+-------------+----------------------------------------------------------------+
Note: In order to hide this table in the UI and the text report file, please set the "Show Parameter Settings Tables in Synthesis Report" option in "Analysis and Synthesis Settings -> More Settings" to "Off".


+---------------------------------------------------------------------------------------------------------+
; Parameter Settings for User Entity Instance: block60:inst8|ct10:inst1|lpm_counter:lpm_counter_component ;
+------------------------+-------------+------------------------------------------------------------------+
; Parameter Name         ; Value       ; Type                                                             ;
+------------------------+-------------+------------------------------------------------------------------+
; AUTO_CARRY_CHAINS      ; ON          ; AUTO_CARRY                                                       ;
; IGNORE_CARRY_BUFFERS   ; OFF         ; IGNORE_CARRY                                                     ;
; AUTO_CASCADE_CHAINS    ; ON          ; AUTO_CASCADE                                                     ;
; IGNORE_CASCADE_BUFFERS ; OFF         ; IGNORE_CASCADE                                                   ;
; LPM_WIDTH              ; 4           ; Untyped                                                          ;
; LPM_DIRECTION          ; UP          ; Untyped                                                          ;
; LPM_MODULUS            ; 10          ; Untyped                                                          ;
; LPM_AVALUE             ; UNUSED      ; Untyped                                                          ;
; LPM_SVALUE             ; UNUSED      ; Untyped                                                          ;
; LPM_PORT_UPDOWN        ; PORT_UNUSED ; Untyped                                                          ;
; DEVICE_FAMILY          ; Cyclone II  ; Untyped                                                          ;
; CARRY_CHAIN            ; MANUAL      ; Untyped                                                          ;
; CARRY_CHAIN_LENGTH     ; 48          ; CARRY_CHAIN_LENGTH                                               ;
; NOT_GATE_PUSH_BACK     ; ON          ; NOT_GATE_PUSH_BACK                                               ;
; CARRY_CNT_EN           ; SMART       ; Untyped                                                          ;
; LABWIDE_SCLR           ; ON          ; Untyped                                                          ;
; USE_NEW_VERSION        ; TRUE        ; Untyped                                                          ;
; CBXI_PARAMETER         ; cntr_dik    ; Untyped                                                          ;
+------------------------+-------------+------------------------------------------------------------------+
Note: In order to hide this table in the UI and the text report file, please set the "Show Parameter Settings Tables in Synthesis Report" option in "Analysis and Synthesis Settings -> More Settings" to "Off".


+--------------------------------------------------------------------------------------------------------+
; Parameter Settings for User Entity Instance: block60:inst8|ct10:inst|lpm_counter:lpm_counter_component ;
+------------------------+-------------+-----------------------------------------------------------------+
; Parameter Name         ; Value       ; Type                                                            ;
+------------------------+-------------+-----------------------------------------------------------------+
; AUTO_CARRY_CHAINS      ; ON          ; AUTO_CARRY                                                      ;
; IGNORE_CARRY_BUFFERS   ; OFF         ; IGNORE_CARRY                                                    ;
; AUTO_CASCADE_CHAINS    ; ON          ; AUTO_CASCADE                                                    ;
; IGNORE_CASCADE_BUFFERS ; OFF         ; IGNORE_CASCADE                                                  ;
; LPM_WIDTH              ; 4           ; Untyped                                                         ;
; LPM_DIRECTION          ; UP          ; Untyped                                                         ;
; LPM_MODULUS            ; 10          ; Untyped                                                         ;
; LPM_AVALUE             ; UNUSED      ; Untyped                                                         ;
; LPM_SVALUE             ; UNUSED      ; Untyped                                                         ;
; LPM_PORT_UPDOWN        ; PORT_UNUSED ; Untyped                                                         ;
; DEVICE_FAMILY          ; Cyclone II  ; Untyped                                                         ;
; CARRY_CHAIN            ; MANUAL      ; Untyped                                                         ;
; CARRY_CHAIN_LENGTH     ; 48          ; CARRY_CHAIN_LENGTH                                              ;
; NOT_GATE_PUSH_BACK     ; ON          ; NOT_GATE_PUSH_BACK                                              ;
; CARRY_CNT_EN           ; SMART       ; Untyped                                                         ;
; LABWIDE_SCLR           ; ON          ; Untyped                                                         ;
; USE_NEW_VERSION        ; TRUE        ; Untyped                                                         ;
; CBXI_PARAMETER         ; cntr_dik    ; Untyped                                                         ;
+------------------------+-------------+-----------------------------------------------------------------+
Note: In order to hide this table in the UI and the text report file, please set the "Show Parameter Settings Tables in Synthesis Report" option in "Analysis and Synthesis Settings -> More Settings" to "Off".


+---------------------------------------------------------------------------------------------------------+
; Parameter Settings for User Entity Instance: block24:inst9|ct10:inst6|lpm_counter:lpm_counter_component ;
+------------------------+-------------+------------------------------------------------------------------+
; Parameter Name         ; Value       ; Type                                                             ;
+------------------------+-------------+------------------------------------------------------------------+
; AUTO_CARRY_CHAINS      ; ON          ; AUTO_CARRY                                                       ;
; IGNORE_CARRY_BUFFERS   ; OFF         ; IGNORE_CARRY                                                     ;
; AUTO_CASCADE_CHAINS    ; ON          ; AUTO_CASCADE                                                     ;
; IGNORE_CASCADE_BUFFERS ; OFF         ; IGNORE_CASCADE                                                   ;
; LPM_WIDTH              ; 4           ; Untyped                                                          ;
; LPM_DIRECTION          ; UP          ; Untyped                                                          ;
; LPM_MODULUS            ; 10          ; Untyped                                                          ;
; LPM_AVALUE             ; UNUSED      ; Untyped                                                          ;
; LPM_SVALUE             ; UNUSED      ; Untyped                                                          ;
; LPM_PORT_UPDOWN        ; PORT_UNUSED ; Untyped                                                          ;
; DEVICE_FAMILY          ; Cyclone II  ; Untyped                                                          ;
; CARRY_CHAIN            ; MANUAL      ; Untyped                                                          ;
; CARRY_CHAIN_LENGTH     ; 48          ; CARRY_CHAIN_LENGTH                                               ;
; NOT_GATE_PUSH_BACK     ; ON          ; NOT_GATE_PUSH_BACK                                               ;
; CARRY_CNT_EN           ; SMART       ; Untyped                                                          ;
; LABWIDE_SCLR           ; ON          ; Untyped                                                          ;
; USE_NEW_VERSION        ; TRUE        ; Untyped                                                          ;
; CBXI_PARAMETER         ; cntr_dik    ; Untyped                                                          ;
+------------------------+-------------+------------------------------------------------------------------+
Note: In order to hide this table in the UI and the text report file, please set the "Show Parameter Settings Tables in Synthesis Report" option in "Analysis and Synthesis Settings -> More Settings" to "Off".


+---------------------------------------------------------------------------------------------------------+
; Parameter Settings for User Entity Instance: block24:inst9|ct10:inst7|lpm_counter:lpm_counter_component ;
+------------------------+-------------+------------------------------------------------------------------+
; Parameter Name         ; Value       ; Type                                                             ;
+------------------------+-------------+------------------------------------------------------------------+
; AUTO_CARRY_CHAINS      ; ON          ; AUTO_CARRY                                                       ;
; IGNORE_CARRY_BUFFERS   ; OFF         ; IGNORE_CARRY                                                     ;
; AUTO_CASCADE_CHAINS    ; ON          ; AUTO_CASCADE                                                     ;
; IGNORE_CASCADE_BUFFERS ; OFF         ; IGNORE_CASCADE                                                   ;
; LPM_WIDTH              ; 4           ; Untyped                                                          ;
; LPM_DIRECTION          ; UP          ; Untyped                                                          ;
; LPM_MODULUS            ; 10          ; Untyped                                                          ;
; LPM_AVALUE             ; UNUSED      ; Untyped                                                          ;
; LPM_SVALUE             ; UNUSED      ; Untyped                                                          ;
; LPM_PORT_UPDOWN        ; PORT_UNUSED ; Untyped                                                          ;
; DEVICE_FAMILY          ; Cyclone II  ; Untyped                                                          ;
; CARRY_CHAIN            ; MANUAL      ; Untyped                                                          ;
; CARRY_CHAIN_LENGTH     ; 48          ; CARRY_CHAIN_LENGTH                                               ;
; NOT_GATE_PUSH_BACK     ; ON          ; NOT_GATE_PUSH_BACK                                               ;
; CARRY_CNT_EN           ; SMART       ; Untyped                                                          ;
; LABWIDE_SCLR           ; ON          ; Untyped                                                          ;
; USE_NEW_VERSION        ; TRUE        ; Untyped                                                          ;
; CBXI_PARAMETER         ; cntr_dik    ; Untyped                                                          ;
+------------------------+-------------+------------------------------------------------------------------+
Note: In order to hide this table in the UI and the text report file, please set the "Show Parameter Settings Tables in Synthesis Report" option in "Analysis and Synthesis Settings -> More Settings" to "Off".


+-------------------------------+
; Analysis & Synthesis Messages ;
+-------------------------------+
Info: *******************************************************************
Info: Running Quartus II Analysis & Synthesis
    Info: Version 9.1 Build 222 10/21/2009 SJ Web Edition
    Info: Processing started: Wed May 24 20:27:19 2023
Info: Command: quartus_map --read_settings_files=on --write_settings_files=off timeCounter -c timeCounter
Info: Found 1 design units, including 1 entities, in source file timecounter60.bdf
    Info: Found entity 1: timeCounter60
Info: Found 1 design units, including 1 entities, in source file timecounter.bdf
    Info: Found entity 1: timeCounter
Info: Found 1 design units, including 1 entities, in source file pll_cotroller.v
    Info: Found entity 1: pll_cotroller
Info: Found 1 design units, including 1 entities, in source file pll_test1.v
    Info: Found entity 1: PLL_test1
Info: Found 1 design units, including 1 entities, in source file m100.bdf
    Info: Found entity 1: m100
Info: Found 1 design units, including 1 entities, in source file pll_1hz.bdf
    Info: Found entity 1: PLL_1HZ
Info: Found 1 design units, including 1 entities, in source file block60.bdf
    Info: Found entity 1: block60
Info: Found 1 design units, including 1 entities, in source file block24.bdf
    Info: Found entity 1: block24
Info: Found 1 design units, including 1 entities, in source file block60_2.bdf
    Info: Found entity 1: block60_2
Info: Elaborating entity "timeCounter" for the top level hierarchy
Info: Elaborating entity "block60" for hierarchy "block60:inst"
Warning: Using design file ct10.tdf, which is not specified as a design file for the current project, but contains definitions for 1 design units and 1 entities in project
    Info: Found entity 1: ct10
Info: Elaborating entity "ct10" for hierarchy "block60:inst|ct10:inst1"
Info: Elaborating entity "lpm_counter" for hierarchy "block60:inst|ct10:inst1|lpm_counter:lpm_counter_component"
Info: Elaborated megafunction instantiation "block60:inst|ct10:inst1|lpm_counter:lpm_counter_component"
Info: Instantiated megafunction "block60:inst|ct10:inst1|lpm_counter:lpm_counter_component" with the following parameter:
    Info: Parameter "LPM_TYPE" = "LPM_COUNTER"
    Info: Parameter "LPM_WIDTH" = "4"
    Info: Parameter "LPM_DIRECTION" = "UP"
    Info: Parameter "LPM_MODULUS" = "10"
    Info: Parameter "LPM_PORT_UPDOWN" = "PORT_UNUSED"
Info: Found 1 design units, including 1 entities, in source file db/cntr_dik.tdf
    Info: Found entity 1: cntr_dik
Info: Elaborating entity "cntr_dik" for hierarchy "block60:inst|ct10:inst1|lpm_counter:lpm_counter_component|cntr_dik:auto_generated"
Info: Found 1 design units, including 1 entities, in source file db/cmpr_8cc.tdf
    Info: Found entity 1: cmpr_8cc
Info: Elaborating entity "cmpr_8cc" for hierarchy "block60:inst|ct10:inst1|lpm_counter:lpm_counter_component|cntr_dik:auto_generated|cmpr_8cc:cmpr2"
Info: Elaborating entity "ct10" for hierarchy "block60:inst|ct10:inst"
Info: Elaborating entity "block24" for hierarchy "block24:inst9"
Info: Implemented 81 device resources after synthesis - the final resource count might be different
    Info: Implemented 2 input pins
    Info: Implemented 24 output pins
    Info: Implemented 55 logic cells
Info: Quartus II Analysis & Synthesis was successful. 0 errors, 1 warning
    Info: Peak virtual memory: 230 megabytes
    Info: Processing ended: Wed May 24 20:27:21 2023
    Info: Elapsed time: 00:00:02
    Info: Total CPU time (on all processors): 00:00:03


