Flow report for CPU
Thu Jun 15 21:26:54 2023
Quartus II Version 9.1 Build 222 10/21/2009 SJ Web Edition


---------------------
; Table of Contents ;
---------------------
  1. Legal Notice
  2. Flow Summary
  3. Flow Settings
  4. Flow Non-Default Global Settings
  5. Flow Elapsed Time
  6. Flow OS Summary
  7. Flow Log



----------------
; Legal Notice ;
----------------
Copyright (C) 1991-2009 Altera Corporation
Your use of Altera Corporation's design tools, logic functions 
and other software and tools, and its AMPP partner logic 
functions, and any output files from any of the foregoing 
(including device programming or simulation files), and any 
associated documentation or information are expressly subject 
to the terms and conditions of the Altera Program License 
Subscription Agreement, Altera MegaCore Function License 
Agreement, or other applicable license agreement, including, 
without limitation, that your use is for the sole purpose of 
programming logic devices manufactured by Altera and sold by 
Altera or its authorized distributors.  Please refer to the 
applicable agreement for further details.



+------------------------------------------------------------------------------+
; Flow Summary                                                                 ;
+------------------------------------+-----------------------------------------+
; Flow Status                        ; Successful - Thu Jun 15 21:26:54 2023   ;
; Quartus II Version                 ; 9.1 Build 222 10/21/2009 SJ Web Edition ;
; Revision Name                      ; CPU                                     ;
; Top-level Entity Name              ; CPU                                     ;
; Family                             ; Cyclone II                              ;
; Device                             ; EP2C35F672C6                            ;
; Timing Models                      ; Final                                   ;
; Met timing requirements            ; No                                      ;
; Total logic elements               ; 85 / 33,216 ( < 1 % )                   ;
;     Total combinational functions  ; 85 / 33,216 ( < 1 % )                   ;
;     Dedicated logic registers      ; 16 / 33,216 ( < 1 % )                   ;
; Total registers                    ; 16                                      ;
; Total pins                         ; 31 / 475 ( 7 % )                        ;
; Total virtual pins                 ; 0                                       ;
; Total memory bits                  ; 120 / 483,840 ( < 1 % )                 ;
; Embedded Multiplier 9-bit elements ; 0 / 70 ( 0 % )                          ;
; Total PLLs                         ; 0 / 4 ( 0 % )                           ;
+------------------------------------+-----------------------------------------+


+-----------------------------------------+
; Flow Settings                           ;
+-------------------+---------------------+
; Option            ; Setting             ;
+-------------------+---------------------+
; Start date & time ; 06/15/2023 21:26:39 ;
; Main task         ; Compilation         ;
; Revision Name     ; CPU                 ;
+-------------------+---------------------+


+------------------------------------------------------------------------------------------------------------------------------+
; Flow Non-Default Global Settings                                                                                             ;
+------------------------------------+------------------------------------------+---------------+-------------+----------------+
; Assignment Name                    ; Value                                    ; Default Value ; Entity Name ; Section Id     ;
+------------------------------------+------------------------------------------+---------------+-------------+----------------+
; COMPILER_SIGNATURE_ID              ; 22563596537204.168683559913520           ; --            ; --          ; --             ;
; IP_TOOL_NAME                       ; LPM_COUNTER                              ; --            ; --          ; --             ;
; IP_TOOL_NAME                       ; LPM_ADD_SUB                              ; --            ; --          ; --             ;
; IP_TOOL_NAME                       ; LPM_ADD_SUB                              ; --            ; --          ; --             ;
; IP_TOOL_NAME                       ; LPM_AND                                  ; --            ; --          ; --             ;
; IP_TOOL_NAME                       ; LPM_AND                                  ; --            ; --          ; --             ;
; IP_TOOL_NAME                       ; LPM_OR                                   ; --            ; --          ; --             ;
; IP_TOOL_NAME                       ; LPM_XOR                                  ; --            ; --          ; --             ;
; IP_TOOL_NAME                       ; LPM_INV                                  ; --            ; --          ; --             ;
; IP_TOOL_NAME                       ; LPM_BUSTRI                               ; --            ; --          ; --             ;
; IP_TOOL_NAME                       ; LPM_BUSTRI                               ; --            ; --          ; --             ;
; IP_TOOL_NAME                       ; LPM_BUSTRI                               ; --            ; --          ; --             ;
; IP_TOOL_NAME                       ; LPM_DECODE                               ; --            ; --          ; --             ;
; IP_TOOL_NAME                       ; LPM_DECODE                               ; --            ; --          ; --             ;
; IP_TOOL_NAME                       ; LPM_LATCH                                ; --            ; --          ; --             ;
; IP_TOOL_NAME                       ; LPM_RAM_DQ                               ; --            ; --          ; --             ;
; IP_TOOL_NAME                       ; LPM_RAM_DQ                               ; --            ; --          ; --             ;
; IP_TOOL_VERSION                    ; 9.1                                      ; --            ; --          ; --             ;
; IP_TOOL_VERSION                    ; 9.1                                      ; --            ; --          ; --             ;
; IP_TOOL_VERSION                    ; 9.1                                      ; --            ; --          ; --             ;
; IP_TOOL_VERSION                    ; 9.1                                      ; --            ; --          ; --             ;
; IP_TOOL_VERSION                    ; 9.1                                      ; --            ; --          ; --             ;
; IP_TOOL_VERSION                    ; 9.1                                      ; --            ; --          ; --             ;
; IP_TOOL_VERSION                    ; 9.1                                      ; --            ; --          ; --             ;
; IP_TOOL_VERSION                    ; 9.1                                      ; --            ; --          ; --             ;
; IP_TOOL_VERSION                    ; 9.1                                      ; --            ; --          ; --             ;
; IP_TOOL_VERSION                    ; 9.1                                      ; --            ; --          ; --             ;
; IP_TOOL_VERSION                    ; 9.1                                      ; --            ; --          ; --             ;
; IP_TOOL_VERSION                    ; 9.1                                      ; --            ; --          ; --             ;
; IP_TOOL_VERSION                    ; 9.1                                      ; --            ; --          ; --             ;
; IP_TOOL_VERSION                    ; 9.1                                      ; --            ; --          ; --             ;
; IP_TOOL_VERSION                    ; 9.1                                      ; --            ; --          ; --             ;
; IP_TOOL_VERSION                    ; 9.1                                      ; --            ; --          ; --             ;
; MAX_CORE_JUNCTION_TEMP             ; 85                                       ; --            ; --          ; --             ;
; MIN_CORE_JUNCTION_TEMP             ; 0                                        ; --            ; --          ; --             ;
; MISC_FILE                          ; COUNTER8.bsf                             ; --            ; --          ; --             ;
; MISC_FILE                          ; COUNTER8.cmp                             ; --            ; --          ; --             ;
; MISC_FILE                          ; ADD.tdf                                  ; --            ; --          ; --             ;
; MISC_FILE                          ; ADD.bsf                                  ; --            ; --          ; --             ;
; MISC_FILE                          ; ADD.inc                                  ; --            ; --          ; --             ;
; MISC_FILE                          ; SUB.tdf                                  ; --            ; --          ; --             ;
; MISC_FILE                          ; SUB.bsf                                  ; --            ; --          ; --             ;
; MISC_FILE                          ; SUB.inc                                  ; --            ; --          ; --             ;
; MISC_FILE                          ; ../CPU_8/CPU_8bit_4T/ALU_16/lpm_and0.tdf ; --            ; --          ; --             ;
; MISC_FILE                          ; ../CPU_8/CPU_8bit_4T/ALU_16/lpm_and0.bsf ; --            ; --          ; --             ;
; MISC_FILE                          ; ../CPU_8/CPU_8bit_4T/ALU_16/lpm_and0.inc ; --            ; --          ; --             ;
; MISC_FILE                          ; lpm_and0.tdf                             ; --            ; --          ; --             ;
; MISC_FILE                          ; lpm_and0.bsf                             ; --            ; --          ; --             ;
; MISC_FILE                          ; lpm_and0.inc                             ; --            ; --          ; --             ;
; MISC_FILE                          ; lpm_or0.tdf                              ; --            ; --          ; --             ;
; MISC_FILE                          ; lpm_or0.bsf                              ; --            ; --          ; --             ;
; MISC_FILE                          ; lpm_or0.inc                              ; --            ; --          ; --             ;
; MISC_FILE                          ; lpm_xor0.tdf                             ; --            ; --          ; --             ;
; MISC_FILE                          ; lpm_xor0.bsf                             ; --            ; --          ; --             ;
; MISC_FILE                          ; lpm_xor0.inc                             ; --            ; --          ; --             ;
; MISC_FILE                          ; lpm_inv0.tdf                             ; --            ; --          ; --             ;
; MISC_FILE                          ; lpm_inv0.bsf                             ; --            ; --          ; --             ;
; MISC_FILE                          ; lpm_inv0.inc                             ; --            ; --          ; --             ;
; MISC_FILE                          ; lpm_bustri0.tdf                          ; --            ; --          ; --             ;
; MISC_FILE                          ; lpm_bustri0.bsf                          ; --            ; --          ; --             ;
; MISC_FILE                          ; lpm_bustri0.inc                          ; --            ; --          ; --             ;
; MISC_FILE                          ; lpm_bustri1.tdf                          ; --            ; --          ; --             ;
; MISC_FILE                          ; lpm_bustri1.bsf                          ; --            ; --          ; --             ;
; MISC_FILE                          ; lpm_bustri1.inc                          ; --            ; --          ; --             ;
; MISC_FILE                          ; lpm_bustri2.bsf                          ; --            ; --          ; --             ;
; MISC_FILE                          ; lpm_bustri2.inc                          ; --            ; --          ; --             ;
; MISC_FILE                          ; lpm_decode0.bsf                          ; --            ; --          ; --             ;
; MISC_FILE                          ; lpm_decode0.inc                          ; --            ; --          ; --             ;
; MISC_FILE                          ; lpm_decode1.bsf                          ; --            ; --          ; --             ;
; MISC_FILE                          ; lpm_decode1.inc                          ; --            ; --          ; --             ;
; MISC_FILE                          ; lpm_latch1.bsf                           ; --            ; --          ; --             ;
; MISC_FILE                          ; lpm_latch1.inc                           ; --            ; --          ; --             ;
; MISC_FILE                          ; lpm_ram_dq1.bsf                          ; --            ; --          ; --             ;
; MISC_FILE                          ; lpm_ram_dq1.inc                          ; --            ; --          ; --             ;
; MISC_FILE                          ; lpm_ram_dq2.bsf                          ; --            ; --          ; --             ;
; MISC_FILE                          ; lpm_ram_dq2.inc                          ; --            ; --          ; --             ;
; PARTITION_COLOR                    ; 16764057                                 ; --            ; --          ; Top            ;
; PARTITION_NETLIST_TYPE             ; SOURCE                                   ; --            ; --          ; Top            ;
; USE_GENERATED_PHYSICAL_CONSTRAINTS ; Off                                      ; --            ; --          ; eda_blast_fpga ;
+------------------------------------+------------------------------------------+---------------+-------------+----------------+


+-----------------------------------------------------------------------------------------------------------------------------+
; Flow Elapsed Time                                                                                                           ;
+-------------------------+--------------+-------------------------+---------------------+------------------------------------+
; Module Name             ; Elapsed Time ; Average Processors Used ; Peak Virtual Memory ; Total CPU Time (on all processors) ;
+-------------------------+--------------+-------------------------+---------------------+------------------------------------+
; Analysis & Synthesis    ; 00:00:07     ; 1.0                     ; 263 MB              ; 00:00:09                           ;
; Fitter                  ; 00:00:05     ; 1.0                     ; 304 MB              ; 00:00:06                           ;
; Assembler               ; 00:00:01     ; 1.0                     ; 274 MB              ; 00:00:02                           ;
; Classic Timing Analyzer ; 00:00:00     ; 1.0                     ; 175 MB              ; 00:00:01                           ;
; Total                   ; 00:00:13     ; --                      ; --                  ; 00:00:18                           ;
+-------------------------+--------------+-------------------------+---------------------+------------------------------------+


+------------------------------------------------------------------------------------------+
; Flow OS Summary                                                                          ;
+-------------------------+------------------+---------------+------------+----------------+
; Module Name             ; Machine Hostname ; OS Name       ; OS Version ; Processor type ;
+-------------------------+------------------+---------------+------------+----------------+
; Analysis & Synthesis    ; DESKTOP-Q2MST5O  ; Windows Vista ; 6.2        ; x86_64         ;
; Fitter                  ; DESKTOP-Q2MST5O  ; Windows Vista ; 6.2        ; x86_64         ;
; Assembler               ; DESKTOP-Q2MST5O  ; Windows Vista ; 6.2        ; x86_64         ;
; Classic Timing Analyzer ; DESKTOP-Q2MST5O  ; Windows Vista ; 6.2        ; x86_64         ;
+-------------------------+------------------+---------------+------------+----------------+


------------
; Flow Log ;
------------
quartus_map --read_settings_files=on --write_settings_files=off CPU -c CPU
quartus_fit --read_settings_files=off --write_settings_files=off CPU -c CPU
quartus_asm --read_settings_files=off --write_settings_files=off CPU -c CPU
quartus_tan --read_settings_files=off --write_settings_files=off CPU -c CPU --timing_analysis_only



