Analysis & Synthesis report for PC_conuter
Thu Oct 20 19:06:54 2022
Quartus II Version 9.1 Build 222 10/21/2009 SJ Web Edition


---------------------
; Table of Contents ;
---------------------
  1. Legal Notice
  2. Analysis & Synthesis Summary
  3. Analysis & Synthesis Settings
  4. Parallel Compilation
  5. Analysis & Synthesis Source Files Read
  6. Analysis & Synthesis Resource Usage Summary
  7. Analysis & Synthesis Resource Utilization by Entity
  8. Logic Cells Representing Combinational Loops
  9. General Register Statistics
 10. Source assignments for lpm_counter0:inst|lpm_counter:lpm_counter_component
 11. Source assignments for lpm_counter0:inst|lpm_counter:lpm_counter_component|cntr_n1j:auto_generated
 12. Parameter Settings for User Entity Instance: lpm_counter0:inst|lpm_counter:lpm_counter_component
 13. Analysis & Synthesis Messages



----------------
; Legal Notice ;
----------------
Copyright (C) 1991-2009 Altera Corporation
Your use of Altera Corporation's design tools, logic functions 
and other software and tools, and its AMPP partner logic 
functions, and any output files from any of the foregoing 
(including device programming or simulation files), and any 
associated documentation or information are expressly subject 
to the terms and conditions of the Altera Program License 
Subscription Agreement, Altera MegaCore Function License 
Agreement, or other applicable license agreement, including, 
without limitation, that your use is for the sole purpose of 
programming logic devices manufactured by Altera and sold by 
Altera or its authorized distributors.  Please refer to the 
applicable agreement for further details.



+------------------------------------------------------------------------------+
; Analysis & Synthesis Summary                                                 ;
+------------------------------------+-----------------------------------------+
; Analysis & Synthesis Status        ; Successful - Thu Oct 20 19:06:54 2022   ;
; Quartus II Version                 ; 9.1 Build 222 10/21/2009 SJ Web Edition ;
; Revision Name                      ; PC_conuter                              ;
; Top-level Entity Name              ; PC_conuter                              ;
; Family                             ; Cyclone II                              ;
; Total logic elements               ; 25                                      ;
;     Total combinational functions  ; 25                                      ;
;     Dedicated logic registers      ; 6                                       ;
; Total registers                    ; 6                                       ;
; Total pins                         ; 15                                      ;
; Total virtual pins                 ; 0                                       ;
; Total memory bits                  ; 0                                       ;
; Embedded Multiplier 9-bit elements ; 0                                       ;
; Total PLLs                         ; 0                                       ;
+------------------------------------+-----------------------------------------+


+----------------------------------------------------------------------------------------------------------------------+
; Analysis & Synthesis Settings                                                                                        ;
+----------------------------------------------------------------------------+--------------------+--------------------+
; Option                                                                     ; Setting            ; Default Value      ;
+----------------------------------------------------------------------------+--------------------+--------------------+
; Device                                                                     ; EP2C35F672C6       ;                    ;
; Top-level entity name                                                      ; PC_conuter         ; PC_conuter         ;
; Family name                                                                ; Cyclone II         ; Stratix II         ;
; Use Generated Physical Constraints File                                    ; Off                ;                    ;
; Use smart compilation                                                      ; Off                ; Off                ;
; Enable parallel Assembler and TimeQuest Timing Analyzer during compilation ; On                 ; On                 ;
; Enable compact report table                                                ; Off                ; Off                ;
; Restructure Multiplexers                                                   ; Auto               ; Auto               ;
; Create Debugging Nodes for IP Cores                                        ; Off                ; Off                ;
; Preserve fewer node names                                                  ; On                 ; On                 ;
; Disable OpenCore Plus hardware evaluation                                  ; Off                ; Off                ;
; Verilog Version                                                            ; Verilog_2001       ; Verilog_2001       ;
; VHDL Version                                                               ; VHDL_1993          ; VHDL_1993          ;
; State Machine Processing                                                   ; Auto               ; Auto               ;
; Safe State Machine                                                         ; Off                ; Off                ;
; Extract Verilog State Machines                                             ; On                 ; On                 ;
; Extract VHDL State Machines                                                ; On                 ; On                 ;
; Ignore Verilog initial constructs                                          ; Off                ; Off                ;
; Iteration limit for constant Verilog loops                                 ; 5000               ; 5000               ;
; Iteration limit for non-constant Verilog loops                             ; 250                ; 250                ;
; Add Pass-Through Logic to Inferred RAMs                                    ; On                 ; On                 ;
; Parallel Synthesis                                                         ; On                 ; On                 ;
; DSP Block Balancing                                                        ; Auto               ; Auto               ;
; NOT Gate Push-Back                                                         ; On                 ; On                 ;
; Power-Up Don't Care                                                        ; On                 ; On                 ;
; Remove Redundant Logic Cells                                               ; Off                ; Off                ;
; Remove Duplicate Registers                                                 ; On                 ; On                 ;
; Ignore CARRY Buffers                                                       ; Off                ; Off                ;
; Ignore CASCADE Buffers                                                     ; Off                ; Off                ;
; Ignore GLOBAL Buffers                                                      ; Off                ; Off                ;
; Ignore ROW GLOBAL Buffers                                                  ; Off                ; Off                ;
; Ignore LCELL Buffers                                                       ; Off                ; Off                ;
; Ignore SOFT Buffers                                                        ; On                 ; On                 ;
; Limit AHDL Integers to 32 Bits                                             ; Off                ; Off                ;
; Optimization Technique                                                     ; Balanced           ; Balanced           ;
; Carry Chain Length                                                         ; 70                 ; 70                 ;
; Auto Carry Chains                                                          ; On                 ; On                 ;
; Auto Open-Drain Pins                                                       ; On                 ; On                 ;
; Perform WYSIWYG Primitive Resynthesis                                      ; Off                ; Off                ;
; Auto ROM Replacement                                                       ; On                 ; On                 ;
; Auto RAM Replacement                                                       ; On                 ; On                 ;
; Auto Shift Register Replacement                                            ; Auto               ; Auto               ;
; Auto Clock Enable Replacement                                              ; On                 ; On                 ;
; Strict RAM Replacement                                                     ; Off                ; Off                ;
; Allow Synchronous Control Signals                                          ; On                 ; On                 ;
; Force Use of Synchronous Clear Signals                                     ; Off                ; Off                ;
; Auto RAM to Logic Cell Conversion                                          ; Off                ; Off                ;
; Auto Resource Sharing                                                      ; Off                ; Off                ;
; Allow Any RAM Size For Recognition                                         ; Off                ; Off                ;
; Allow Any ROM Size For Recognition                                         ; Off                ; Off                ;
; Allow Any Shift Register Size For Recognition                              ; Off                ; Off                ;
; Use LogicLock Constraints during Resource Balancing                        ; On                 ; On                 ;
; Ignore translate_off and synthesis_off directives                          ; Off                ; Off                ;
; Timing-Driven Synthesis                                                    ; Off                ; Off                ;
; Show Parameter Settings Tables in Synthesis Report                         ; On                 ; On                 ;
; Ignore Maximum Fan-Out Assignments                                         ; Off                ; Off                ;
; Synchronization Register Chain Length                                      ; 2                  ; 2                  ;
; PowerPlay Power Optimization                                               ; Normal compilation ; Normal compilation ;
; HDL message level                                                          ; Level2             ; Level2             ;
; Suppress Register Optimization Related Messages                            ; Off                ; Off                ;
; Number of Removed Registers Reported in Synthesis Report                   ; 100                ; 100                ;
; Number of Inverted Registers Reported in Synthesis Report                  ; 100                ; 100                ;
; Clock MUX Protection                                                       ; On                 ; On                 ;
; Auto Gated Clock Conversion                                                ; Off                ; Off                ;
; Block Design Naming                                                        ; Auto               ; Auto               ;
; SDC constraint protection                                                  ; Off                ; Off                ;
; Synthesis Effort                                                           ; Auto               ; Auto               ;
; Shift Register Replacement - Allow Asynchronous Clear Signal               ; On                 ; On                 ;
; Analysis & Synthesis Message Level                                         ; Medium             ; Medium             ;
; Disable Register Merging Across Hierarchies                                ; Auto               ; Auto               ;
; Resource Aware Inference For Block RAM                                     ; On                 ; On                 ;
+----------------------------------------------------------------------------+--------------------+--------------------+


Parallel compilation was disabled, but you have multiple processors available. Enable parallel compilation to reduce compilation time.
+-------------------------------------+
; Parallel Compilation                ;
+----------------------------+--------+
; Processors                 ; Number ;
+----------------------------+--------+
; Number detected on machine ; 16     ;
; Maximum allowed            ; 1      ;
+----------------------------+--------+


+--------------------------------------------------------------------------------------------------------------------------------------------------------+
; Analysis & Synthesis Source Files Read                                                                                                                 ;
+----------------------------------+-----------------+------------------------------------+--------------------------------------------------------------+
; File Name with User-Entered Path ; Used in Netlist ; File Type                          ; File Name with Absolute Path                                 ;
+----------------------------------+-----------------+------------------------------------+--------------------------------------------------------------+
; PC_conuter.bdf                   ; yes             ; User Block Diagram/Schematic File  ; G:/mywork/CPU_8/PC_conuter/PC_conuter.bdf                    ;
; lpm_counter0.vhd                 ; yes             ; User Wizard-Generated File         ; G:/mywork/CPU_8/PC_conuter/lpm_counter0.vhd                  ;
; lpm_counter.tdf                  ; yes             ; Megafunction                       ; c:/altera/91/quartus/libraries/megafunctions/lpm_counter.tdf ;
; db/cntr_n1j.tdf                  ; yes             ; Auto-Generated Megafunction        ; G:/mywork/CPU_8/PC_conuter/db/cntr_n1j.tdf                   ;
+----------------------------------+-----------------+------------------------------------+--------------------------------------------------------------+


+-----------------------------------------------------+
; Analysis & Synthesis Resource Usage Summary         ;
+---------------------------------------------+-------+
; Resource                                    ; Usage ;
+---------------------------------------------+-------+
; Estimated Total logic elements              ; 25    ;
;                                             ;       ;
; Total combinational functions               ; 25    ;
; Logic element usage by number of LUT inputs ;       ;
;     -- 4 input functions                    ; 18    ;
;     -- 3 input functions                    ; 5     ;
;     -- <=2 input functions                  ; 2     ;
;                                             ;       ;
; Logic elements by mode                      ;       ;
;     -- normal mode                          ; 20    ;
;     -- arithmetic mode                      ; 5     ;
;                                             ;       ;
; Total registers                             ; 6     ;
;     -- Dedicated logic registers            ; 6     ;
;     -- I/O registers                        ; 0     ;
;                                             ;       ;
; I/O pins                                    ; 15    ;
; Maximum fan-out node                        ; clear ;
; Maximum fan-out                             ; 19    ;
; Total fan-out                               ; 114   ;
; Average fan-out                             ; 2.48  ;
+---------------------------------------------+-------+


+----------------------------------------------------------------------------------------------------------------------------------------------------------------------------------------------------------------------------------------------------------------+
; Analysis & Synthesis Resource Utilization by Entity                                                                                                                                                                                                            ;
+-------------------------------------------+-------------------+--------------+-------------+--------------+---------+-----------+------+--------------+-----------------------------------------------------------------------------------------+--------------+
; Compilation Hierarchy Node                ; LC Combinationals ; LC Registers ; Memory Bits ; DSP Elements ; DSP 9x9 ; DSP 18x18 ; Pins ; Virtual Pins ; Full Hierarchy Name                                                                     ; Library Name ;
+-------------------------------------------+-------------------+--------------+-------------+--------------+---------+-----------+------+--------------+-----------------------------------------------------------------------------------------+--------------+
; |PC_conuter                               ; 25 (0)            ; 6 (0)        ; 0           ; 0            ; 0       ; 0         ; 15   ; 0            ; |PC_conuter                                                                             ; work         ;
;    |lpm_counter0:inst|                    ; 25 (0)            ; 6 (0)        ; 0           ; 0            ; 0       ; 0         ; 0    ; 0            ; |PC_conuter|lpm_counter0:inst                                                           ;              ;
;       |lpm_counter:lpm_counter_component| ; 25 (0)            ; 6 (0)        ; 0           ; 0            ; 0       ; 0         ; 0    ; 0            ; |PC_conuter|lpm_counter0:inst|lpm_counter:lpm_counter_component                         ; work         ;
;          |cntr_n1j:auto_generated|        ; 25 (25)           ; 6 (6)        ; 0           ; 0            ; 0       ; 0         ; 0    ; 0            ; |PC_conuter|lpm_counter0:inst|lpm_counter:lpm_counter_component|cntr_n1j:auto_generated ; work         ;
+-------------------------------------------+-------------------+--------------+-------------+--------------+---------+-----------+------+--------------+-----------------------------------------------------------------------------------------+--------------+
Note: For table entries with two numbers listed, the numbers in parentheses indicate the number of resources of the given type used by the specific entity alone. The numbers listed outside of parentheses indicate the total resources of the given type used by the specific entity and all of its sub-entities in the hierarchy.


+---------------------------------------------------------------------------------------------------+
; Logic Cells Representing Combinational Loops                                                      ;
+-----------------------------------------------------------------------------------------------+---+
; Logic Cell Name                                                                               ;   ;
+-----------------------------------------------------------------------------------------------+---+
; lpm_counter0:inst|lpm_counter:lpm_counter_component|cntr_n1j:auto_generated|latch_signal[5]~0 ;   ;
; lpm_counter0:inst|lpm_counter:lpm_counter_component|cntr_n1j:auto_generated|latch_signal[4]~1 ;   ;
; lpm_counter0:inst|lpm_counter:lpm_counter_component|cntr_n1j:auto_generated|latch_signal[3]~2 ;   ;
; lpm_counter0:inst|lpm_counter:lpm_counter_component|cntr_n1j:auto_generated|latch_signal[2]~3 ;   ;
; lpm_counter0:inst|lpm_counter:lpm_counter_component|cntr_n1j:auto_generated|latch_signal[1]~4 ;   ;
; lpm_counter0:inst|lpm_counter:lpm_counter_component|cntr_n1j:auto_generated|latch_signal[0]~5 ;   ;
; Number of logic cells representing combinational loops                                        ; 6 ;
+-----------------------------------------------------------------------------------------------+---+
Note: All cells listed above may not be present at the end of synthesis due to various synthesis optimizations.


+------------------------------------------------------+
; General Register Statistics                          ;
+----------------------------------------------+-------+
; Statistic                                    ; Value ;
+----------------------------------------------+-------+
; Total registers                              ; 6     ;
; Number of registers using Synchronous Clear  ; 0     ;
; Number of registers using Synchronous Load   ; 0     ;
; Number of registers using Asynchronous Clear ; 6     ;
; Number of registers using Asynchronous Load  ; 0     ;
; Number of registers using Clock Enable       ; 0     ;
; Number of registers using Preset             ; 0     ;
+----------------------------------------------+-------+


+----------------------------------------------------------------------------+
; Source assignments for lpm_counter0:inst|lpm_counter:lpm_counter_component ;
+---------------------------+-------+------+---------------------------------+
; Assignment                ; Value ; From ; To                              ;
+---------------------------+-------+------+---------------------------------+
; SUPPRESS_DA_RULE_INTERNAL ; a101  ; -    ; -                               ;
; SUPPRESS_DA_RULE_INTERNAL ; s102  ; -    ; -                               ;
; SUPPRESS_DA_RULE_INTERNAL ; s103  ; -    ; -                               ;
+---------------------------+-------+------+---------------------------------+


+----------------------------------------------------------------------------------------------------+
; Source assignments for lpm_counter0:inst|lpm_counter:lpm_counter_component|cntr_n1j:auto_generated ;
+---------------------------+-------+------+---------------------------------------------------------+
; Assignment                ; Value ; From ; To                                                      ;
+---------------------------+-------+------+---------------------------------------------------------+
; SUPPRESS_DA_RULE_INTERNAL ; a101  ; -    ; -                                                       ;
; SUPPRESS_DA_RULE_INTERNAL ; s102  ; -    ; -                                                       ;
; SUPPRESS_DA_RULE_INTERNAL ; s103  ; -    ; -                                                       ;
+---------------------------+-------+------+---------------------------------------------------------+


+--------------------------------------------------------------------------------------------------+
; Parameter Settings for User Entity Instance: lpm_counter0:inst|lpm_counter:lpm_counter_component ;
+------------------------+-------------+-----------------------------------------------------------+
; Parameter Name         ; Value       ; Type                                                      ;
+------------------------+-------------+-----------------------------------------------------------+
; AUTO_CARRY_CHAINS      ; ON          ; AUTO_CARRY                                                ;
; IGNORE_CARRY_BUFFERS   ; OFF         ; IGNORE_CARRY                                              ;
; AUTO_CASCADE_CHAINS    ; ON          ; AUTO_CASCADE                                              ;
; IGNORE_CASCADE_BUFFERS ; OFF         ; IGNORE_CASCADE                                            ;
; LPM_WIDTH              ; 6           ; Signed Integer                                            ;
; LPM_DIRECTION          ; UP          ; Untyped                                                   ;
; LPM_MODULUS            ; 0           ; Untyped                                                   ;
; LPM_AVALUE             ; UNUSED      ; Untyped                                                   ;
; LPM_SVALUE             ; UNUSED      ; Untyped                                                   ;
; LPM_PORT_UPDOWN        ; PORT_UNUSED ; Untyped                                                   ;
; DEVICE_FAMILY          ; Cyclone II  ; Untyped                                                   ;
; CARRY_CHAIN            ; MANUAL      ; Untyped                                                   ;
; CARRY_CHAIN_LENGTH     ; 48          ; CARRY_CHAIN_LENGTH                                        ;
; NOT_GATE_PUSH_BACK     ; ON          ; NOT_GATE_PUSH_BACK                                        ;
; CARRY_CNT_EN           ; SMART       ; Untyped                                                   ;
; LABWIDE_SCLR           ; ON          ; Untyped                                                   ;
; USE_NEW_VERSION        ; TRUE        ; Untyped                                                   ;
; CBXI_PARAMETER         ; cntr_n1j    ; Untyped                                                   ;
+------------------------+-------------+-----------------------------------------------------------+
Note: In order to hide this table in the UI and the text report file, please set the "Show Parameter Settings Tables in Synthesis Report" option in "Analysis and Synthesis Settings -> More Settings" to "Off".


+-------------------------------+
; Analysis & Synthesis Messages ;
+-------------------------------+
Info: *******************************************************************
Info: Running Quartus II Analysis & Synthesis
    Info: Version 9.1 Build 222 10/21/2009 SJ Web Edition
    Info: Processing started: Thu Oct 20 19:06:53 2022
Info: Command: quartus_map --read_settings_files=on --write_settings_files=off PC_conuter -c PC_conuter
Info: Found 1 design units, including 1 entities, in source file pc_conuter.bdf
    Info: Found entity 1: PC_conuter
Info: Found 2 design units, including 1 entities, in source file lpm_counter0.vhd
    Info: Found design unit 1: lpm_counter0-SYN
    Info: Found entity 1: lpm_counter0
Info: Elaborating entity "PC_conuter" for the top level hierarchy
Info: Elaborating entity "lpm_counter0" for hierarchy "lpm_counter0:inst"
Info: Elaborating entity "lpm_counter" for hierarchy "lpm_counter0:inst|lpm_counter:lpm_counter_component"
Info: Elaborated megafunction instantiation "lpm_counter0:inst|lpm_counter:lpm_counter_component"
Info: Instantiated megafunction "lpm_counter0:inst|lpm_counter:lpm_counter_component" with the following parameter:
    Info: Parameter "lpm_direction" = "UP"
    Info: Parameter "lpm_port_updown" = "PORT_UNUSED"
    Info: Parameter "lpm_type" = "LPM_COUNTER"
    Info: Parameter "lpm_width" = "6"
Warning: Assertion warning: Counter will power up to an undefined state.  An asynchronous signal should be asserted before the counter reaches a known state.
Info: Found 1 design units, including 1 entities, in source file db/cntr_n1j.tdf
    Info: Found entity 1: cntr_n1j
Info: Elaborating entity "cntr_n1j" for hierarchy "lpm_counter0:inst|lpm_counter:lpm_counter_component|cntr_n1j:auto_generated"
Info: Implemented 40 device resources after synthesis - the final resource count might be different
    Info: Implemented 9 input pins
    Info: Implemented 6 output pins
    Info: Implemented 25 logic cells
Info: Quartus II Analysis & Synthesis was successful. 0 errors, 1 warning
    Info: Peak virtual memory: 247 megabytes
    Info: Processing ended: Thu Oct 20 19:06:54 2022
    Info: Elapsed time: 00:00:01
    Info: Total CPU time (on all processors): 00:00:01


