Classic Timing Analyzer report for adder4b
Fri May 20 16:27:53 2022
Quartus II Version 9.1 Build 222 10/21/2009 SJ Web Edition


---------------------
; Table of Contents ;
---------------------
  1. Legal Notice
  2. Timing Analyzer Summary
  3. Timing Analyzer Settings
  4. Parallel Compilation
  5. tpd
  6. Timing Analyzer Messages



----------------
; Legal Notice ;
----------------
Copyright (C) 1991-2009 Altera Corporation
Your use of Altera Corporation's design tools, logic functions 
and other software and tools, and its AMPP partner logic 
functions, and any output files from any of the foregoing 
(including device programming or simulation files), and any 
associated documentation or information are expressly subject 
to the terms and conditions of the Altera Program License 
Subscription Agreement, Altera MegaCore Function License 
Agreement, or other applicable license agreement, including, 
without limitation, that your use is for the sole purpose of 
programming logic devices manufactured by Altera and sold by 
Altera or its authorized distributors.  Please refer to the 
applicable agreement for further details.



+-------------------------------------------------------------------------------------------------------------------------+
; Timing Analyzer Summary                                                                                                 ;
+------------------------------+-------+---------------+-------------+------+------+------------+----------+--------------+
; Type                         ; Slack ; Required Time ; Actual Time ; From ; To   ; From Clock ; To Clock ; Failed Paths ;
+------------------------------+-------+---------------+-------------+------+------+------------+----------+--------------+
; Worst-case tpd               ; N/A   ; None          ; 17.649 ns   ; B[1] ; Cout ; --         ; --       ; 0            ;
; Total number of failed paths ;       ;               ;             ;      ;      ;            ;          ; 0            ;
+------------------------------+-------+---------------+-------------+------+------+------------+----------+--------------+


+-----------------------------------------------------------------------------------------------------------------------------------------------------+
; Timing Analyzer Settings                                                                                                                            ;
+------------------------------------------------------------------------------------------------------+--------------------+------+----+-------------+
; Option                                                                                               ; Setting            ; From ; To ; Entity Name ;
+------------------------------------------------------------------------------------------------------+--------------------+------+----+-------------+
; Device Name                                                                                          ; EP2C35F672C8       ;      ;    ;             ;
; Timing Models                                                                                        ; Final              ;      ;    ;             ;
; Default hold multicycle                                                                              ; Same as Multicycle ;      ;    ;             ;
; Cut paths between unrelated clock domains                                                            ; On                 ;      ;    ;             ;
; Cut off read during write signal paths                                                               ; On                 ;      ;    ;             ;
; Cut off feedback from I/O pins                                                                       ; On                 ;      ;    ;             ;
; Report Combined Fast/Slow Timing                                                                     ; Off                ;      ;    ;             ;
; Ignore Clock Settings                                                                                ; Off                ;      ;    ;             ;
; Analyze latches as synchronous elements                                                              ; On                 ;      ;    ;             ;
; Enable Recovery/Removal analysis                                                                     ; Off                ;      ;    ;             ;
; Enable Clock Latency                                                                                 ; Off                ;      ;    ;             ;
; Use TimeQuest Timing Analyzer                                                                        ; Off                ;      ;    ;             ;
; Minimum Core Junction Temperature                                                                    ; 0                  ;      ;    ;             ;
; Maximum Core Junction Temperature                                                                    ; 85                 ;      ;    ;             ;
; Number of source nodes to report per destination node                                                ; 10                 ;      ;    ;             ;
; Number of destination nodes to report                                                                ; 10                 ;      ;    ;             ;
; Number of paths to report                                                                            ; 200                ;      ;    ;             ;
; Report Minimum Timing Checks                                                                         ; Off                ;      ;    ;             ;
; Use Fast Timing Models                                                                               ; Off                ;      ;    ;             ;
; Report IO Paths Separately                                                                           ; Off                ;      ;    ;             ;
; Perform Multicorner Analysis                                                                         ; On                 ;      ;    ;             ;
; Reports the worst-case path for each clock domain and analysis                                       ; Off                ;      ;    ;             ;
; Reports worst-case timing paths for each clock domain and analysis                                   ; On                 ;      ;    ;             ;
; Specifies the maximum number of worst-case timing paths to report for each clock domain and analysis ; 100                ;      ;    ;             ;
; Removes common clock path pessimism (CCPP) during slack computation                                  ; Off                ;      ;    ;             ;
; Output I/O Timing Endpoint                                                                           ; Near End           ;      ;    ;             ;
+------------------------------------------------------------------------------------------------------+--------------------+------+----+-------------+


Parallel compilation was disabled, but you have multiple processors available. Enable parallel compilation to reduce compilation time.
+-------------------------------------+
; Parallel Compilation                ;
+----------------------------+--------+
; Processors                 ; Number ;
+----------------------------+--------+
; Number detected on machine ; 16     ;
; Maximum allowed            ; 1      ;
+----------------------------+--------+


+-----------------------------------------------------------+
; tpd                                                       ;
+-------+-------------------+-----------------+------+------+
; Slack ; Required P2P Time ; Actual P2P Time ; From ; To   ;
+-------+-------------------+-----------------+------+------+
; N/A   ; None              ; 17.649 ns       ; B[1] ; Cout ;
; N/A   ; None              ; 17.544 ns       ; A[2] ; Cout ;
; N/A   ; None              ; 16.531 ns       ; Cin  ; Cout ;
; N/A   ; None              ; 16.061 ns       ; B[1] ; S[3] ;
; N/A   ; None              ; 15.956 ns       ; A[2] ; S[3] ;
; N/A   ; None              ; 15.623 ns       ; A[0] ; Cout ;
; N/A   ; None              ; 15.576 ns       ; B[0] ; Cout ;
; N/A   ; None              ; 15.514 ns       ; A[1] ; Cout ;
; N/A   ; None              ; 15.447 ns       ; B[2] ; Cout ;
; N/A   ; None              ; 14.943 ns       ; Cin  ; S[3] ;
; N/A   ; None              ; 14.301 ns       ; B[1] ; S[2] ;
; N/A   ; None              ; 14.035 ns       ; A[0] ; S[3] ;
; N/A   ; None              ; 13.988 ns       ; B[0] ; S[3] ;
; N/A   ; None              ; 13.926 ns       ; A[1] ; S[3] ;
; N/A   ; None              ; 13.859 ns       ; B[2] ; S[3] ;
; N/A   ; None              ; 13.802 ns       ; A[2] ; S[2] ;
; N/A   ; None              ; 13.488 ns       ; B[1] ; S[1] ;
; N/A   ; None              ; 13.183 ns       ; Cin  ; S[2] ;
; N/A   ; None              ; 13.018 ns       ; Cin  ; S[0] ;
; N/A   ; None              ; 12.761 ns       ; Cin  ; S[1] ;
; N/A   ; None              ; 12.275 ns       ; A[0] ; S[2] ;
; N/A   ; None              ; 12.228 ns       ; B[0] ; S[2] ;
; N/A   ; None              ; 12.166 ns       ; A[1] ; S[2] ;
; N/A   ; None              ; 12.143 ns       ; B[3] ; Cout ;
; N/A   ; None              ; 11.866 ns       ; A[3] ; Cout ;
; N/A   ; None              ; 11.853 ns       ; A[0] ; S[1] ;
; N/A   ; None              ; 11.806 ns       ; B[0] ; S[1] ;
; N/A   ; None              ; 11.716 ns       ; A[0] ; S[0] ;
; N/A   ; None              ; 11.698 ns       ; B[2] ; S[2] ;
; N/A   ; None              ; 11.662 ns       ; B[0] ; S[0] ;
; N/A   ; None              ; 11.352 ns       ; A[1] ; S[1] ;
; N/A   ; None              ; 10.164 ns       ; B[3] ; S[3] ;
; N/A   ; None              ; 9.886 ns        ; A[3] ; S[3] ;
+-------+-------------------+-----------------+------+------+


+--------------------------+
; Timing Analyzer Messages ;
+--------------------------+
Info: *******************************************************************
Info: Running Quartus II Classic Timing Analyzer
    Info: Version 9.1 Build 222 10/21/2009 SJ Web Edition
    Info: Processing started: Fri May 20 16:27:53 2022
Info: Command: quartus_tan --read_settings_files=off --write_settings_files=off adder4b -c adder4b --timing_analysis_only
Info: Longest tpd from source pin "B[1]" to destination pin "Cout" is 17.649 ns
    Info: 1: + IC(0.000 ns) + CELL(0.944 ns) = 0.944 ns; Loc. = PIN_W11; Fanout = 2; PIN Node = 'B[1]'
    Info: 2: + IC(7.813 ns) + CELL(0.621 ns) = 9.378 ns; Loc. = LCCOMB_X19_Y35_N18; Fanout = 2; COMB Node = 'adder4c:inst|lpm_add_sub:lpm_add_sub_component|add_sub_tdi:auto_generated|result_int[2]~5'
    Info: 3: + IC(0.000 ns) + CELL(0.086 ns) = 9.464 ns; Loc. = LCCOMB_X19_Y35_N20; Fanout = 2; COMB Node = 'adder4c:inst|lpm_add_sub:lpm_add_sub_component|add_sub_tdi:auto_generated|result_int[3]~7'
    Info: 4: + IC(0.000 ns) + CELL(0.086 ns) = 9.550 ns; Loc. = LCCOMB_X19_Y35_N22; Fanout = 1; COMB Node = 'adder4c:inst|lpm_add_sub:lpm_add_sub_component|add_sub_tdi:auto_generated|result_int[4]~9'
    Info: 5: + IC(0.000 ns) + CELL(0.506 ns) = 10.056 ns; Loc. = LCCOMB_X19_Y35_N24; Fanout = 1; COMB Node = 'adder4c:inst|lpm_add_sub:lpm_add_sub_component|add_sub_tdi:auto_generated|result_int[5]~10'
    Info: 6: + IC(4.347 ns) + CELL(3.246 ns) = 17.649 ns; Loc. = PIN_AF8; Fanout = 0; PIN Node = 'Cout'
    Info: Total cell delay = 5.489 ns ( 31.10 % )
    Info: Total interconnect delay = 12.160 ns ( 68.90 % )
Info: Quartus II Classic Timing Analyzer was successful. 0 errors, 0 warnings
    Info: Peak virtual memory: 188 megabytes
    Info: Processing ended: Fri May 20 16:27:53 2022
    Info: Elapsed time: 00:00:00
    Info: Total CPU time (on all processors): 00:00:00


