Classic Timing Analyzer report for logic_AaddB
Thu Sep 15 01:19:57 2022
Quartus II Version 9.1 Build 222 10/21/2009 SJ Web Edition


---------------------
; Table of Contents ;
---------------------
  1. Legal Notice
  2. Timing Analyzer Summary
  3. Timing Analyzer Settings
  4. Parallel Compilation
  5. tpd
  6. Timing Analyzer Messages



----------------
; Legal Notice ;
----------------
Copyright (C) 1991-2009 Altera Corporation
Your use of Altera Corporation's design tools, logic functions 
and other software and tools, and its AMPP partner logic 
functions, and any output files from any of the foregoing 
(including device programming or simulation files), and any 
associated documentation or information are expressly subject 
to the terms and conditions of the Altera Program License 
Subscription Agreement, Altera MegaCore Function License 
Agreement, or other applicable license agreement, including, 
without limitation, that your use is for the sole purpose of 
programming logic devices manufactured by Altera and sold by 
Altera or its authorized distributors.  Please refer to the 
applicable agreement for further details.



+-------------------------------------------------------------------------------------------------------------------------+
; Timing Analyzer Summary                                                                                                 ;
+------------------------------+-------+---------------+-------------+------+------+------------+----------+--------------+
; Type                         ; Slack ; Required Time ; Actual Time ; From ; To   ; From Clock ; To Clock ; Failed Paths ;
+------------------------------+-------+---------------+-------------+------+------+------------+----------+--------------+
; Worst-case tpd               ; N/A   ; None          ; 12.164 ns   ; A[2] ; F[2] ; --         ; --       ; 0            ;
; Total number of failed paths ;       ;               ;             ;      ;      ;            ;          ; 0            ;
+------------------------------+-------+---------------+-------------+------+------+------------+----------+--------------+


+-----------------------------------------------------------------------------------------------------------------------------------------------------+
; Timing Analyzer Settings                                                                                                                            ;
+------------------------------------------------------------------------------------------------------+--------------------+------+----+-------------+
; Option                                                                                               ; Setting            ; From ; To ; Entity Name ;
+------------------------------------------------------------------------------------------------------+--------------------+------+----+-------------+
; Device Name                                                                                          ; EP2C35F672C6       ;      ;    ;             ;
; Timing Models                                                                                        ; Final              ;      ;    ;             ;
; Default hold multicycle                                                                              ; Same as Multicycle ;      ;    ;             ;
; Cut paths between unrelated clock domains                                                            ; On                 ;      ;    ;             ;
; Cut off read during write signal paths                                                               ; On                 ;      ;    ;             ;
; Cut off feedback from I/O pins                                                                       ; On                 ;      ;    ;             ;
; Report Combined Fast/Slow Timing                                                                     ; Off                ;      ;    ;             ;
; Ignore Clock Settings                                                                                ; Off                ;      ;    ;             ;
; Analyze latches as synchronous elements                                                              ; On                 ;      ;    ;             ;
; Enable Recovery/Removal analysis                                                                     ; Off                ;      ;    ;             ;
; Enable Clock Latency                                                                                 ; Off                ;      ;    ;             ;
; Use TimeQuest Timing Analyzer                                                                        ; Off                ;      ;    ;             ;
; Minimum Core Junction Temperature                                                                    ; 0                  ;      ;    ;             ;
; Maximum Core Junction Temperature                                                                    ; 85                 ;      ;    ;             ;
; Number of source nodes to report per destination node                                                ; 10                 ;      ;    ;             ;
; Number of destination nodes to report                                                                ; 10                 ;      ;    ;             ;
; Number of paths to report                                                                            ; 200                ;      ;    ;             ;
; Report Minimum Timing Checks                                                                         ; Off                ;      ;    ;             ;
; Use Fast Timing Models                                                                               ; Off                ;      ;    ;             ;
; Report IO Paths Separately                                                                           ; Off                ;      ;    ;             ;
; Perform Multicorner Analysis                                                                         ; On                 ;      ;    ;             ;
; Reports the worst-case path for each clock domain and analysis                                       ; Off                ;      ;    ;             ;
; Reports worst-case timing paths for each clock domain and analysis                                   ; On                 ;      ;    ;             ;
; Specifies the maximum number of worst-case timing paths to report for each clock domain and analysis ; 100                ;      ;    ;             ;
; Removes common clock path pessimism (CCPP) during slack computation                                  ; Off                ;      ;    ;             ;
; Output I/O Timing Endpoint                                                                           ; Near End           ;      ;    ;             ;
+------------------------------------------------------------------------------------------------------+--------------------+------+----+-------------+


Parallel compilation was disabled, but you have multiple processors available. Enable parallel compilation to reduce compilation time.
+-------------------------------------+
; Parallel Compilation                ;
+----------------------------+--------+
; Processors                 ; Number ;
+----------------------------+--------+
; Number detected on machine ; 16     ;
; Maximum allowed            ; 1      ;
+----------------------------+--------+


+-----------------------------------------------------------+
; tpd                                                       ;
+-------+-------------------+-----------------+------+------+
; Slack ; Required P2P Time ; Actual P2P Time ; From ; To   ;
+-------+-------------------+-----------------+------+------+
; N/A   ; None              ; 12.164 ns       ; A[2] ; F[2] ;
; N/A   ; None              ; 11.863 ns       ; B[2] ; F[2] ;
; N/A   ; None              ; 10.305 ns       ; A[4] ; F[4] ;
; N/A   ; None              ; 10.223 ns       ; A[6] ; F[6] ;
; N/A   ; None              ; 10.132 ns       ; A[5] ; F[5] ;
; N/A   ; None              ; 10.028 ns       ; B[3] ; F[3] ;
; N/A   ; None              ; 9.995 ns        ; B[6] ; F[6] ;
; N/A   ; None              ; 9.889 ns        ; A[1] ; F[1] ;
; N/A   ; None              ; 9.704 ns        ; B[1] ; F[1] ;
; N/A   ; None              ; 9.626 ns        ; A[3] ; F[3] ;
; N/A   ; None              ; 9.506 ns        ; B[0] ; F[0] ;
; N/A   ; None              ; 9.432 ns        ; B[5] ; F[5] ;
; N/A   ; None              ; 9.237 ns        ; B[4] ; F[4] ;
; N/A   ; None              ; 9.173 ns        ; A[0] ; F[0] ;
; N/A   ; None              ; 5.902 ns        ; B[7] ; F[7] ;
; N/A   ; None              ; 5.808 ns        ; A[7] ; F[7] ;
+-------+-------------------+-----------------+------+------+


+--------------------------+
; Timing Analyzer Messages ;
+--------------------------+
Info: *******************************************************************
Info: Running Quartus II Classic Timing Analyzer
    Info: Version 9.1 Build 222 10/21/2009 SJ Web Edition
    Info: Processing started: Thu Sep 15 01:19:57 2022
Info: Command: quartus_tan --read_settings_files=off --write_settings_files=off logic_AaddB -c logic_AaddB --timing_analysis_only
Info: Longest tpd from source pin "A[2]" to destination pin "F[2]" is 12.164 ns
    Info: 1: + IC(0.000 ns) + CELL(0.840 ns) = 0.840 ns; Loc. = PIN_D17; Fanout = 1; PIN Node = 'A[2]'
    Info: 2: + IC(4.812 ns) + CELL(0.438 ns) = 6.090 ns; Loc. = LCCOMB_X46_Y35_N16; Fanout = 1; COMB Node = '74181:inst|55'
    Info: 3: + IC(3.276 ns) + CELL(2.798 ns) = 12.164 ns; Loc. = PIN_AE19; Fanout = 0; PIN Node = 'F[2]'
    Info: Total cell delay = 4.076 ns ( 33.51 % )
    Info: Total interconnect delay = 8.088 ns ( 66.49 % )
Info: Quartus II Classic Timing Analyzer was successful. 0 errors, 0 warnings
    Info: Peak virtual memory: 188 megabytes
    Info: Processing ended: Thu Sep 15 01:19:57 2022
    Info: Elapsed time: 00:00:00
    Info: Total CPU time (on all processors): 00:00:01


