Analysis & Synthesis report for FourRegister
Tue Jun 28 23:06:45 2022
Quartus II Version 9.1 Build 222 10/21/2009 SJ Web Edition


---------------------
; Table of Contents ;
---------------------
  1. Legal Notice
  2. Analysis & Synthesis Summary
  3. Analysis & Synthesis Settings
  4. Parallel Compilation
  5. Analysis & Synthesis Source Files Read
  6. Analysis & Synthesis Resource Usage Summary
  7. Analysis & Synthesis Resource Utilization by Entity
  8. User-Specified and Inferred Latches
  9. General Register Statistics
 10. Parameter Settings for User Entity Instance: lpm_latch_reg8bit:inst|lpm_latch:lpm_latch_component
 11. Parameter Settings for User Entity Instance: lpm_latch_reg8bit:inst1|lpm_latch:lpm_latch_component
 12. Parameter Settings for User Entity Instance: lpm_latch_reg8bit:inst2|lpm_latch:lpm_latch_component
 13. Parameter Settings for User Entity Instance: lpm_latch_reg8bit:inst3|lpm_latch:lpm_latch_component
 14. Analysis & Synthesis Messages



----------------
; Legal Notice ;
----------------
Copyright (C) 1991-2009 Altera Corporation
Your use of Altera Corporation's design tools, logic functions 
and other software and tools, and its AMPP partner logic 
functions, and any output files from any of the foregoing 
(including device programming or simulation files), and any 
associated documentation or information are expressly subject 
to the terms and conditions of the Altera Program License 
Subscription Agreement, Altera MegaCore Function License 
Agreement, or other applicable license agreement, including, 
without limitation, that your use is for the sole purpose of 
programming logic devices manufactured by Altera and sold by 
Altera or its authorized distributors.  Please refer to the 
applicable agreement for further details.



+------------------------------------------------------------------------------+
; Analysis & Synthesis Summary                                                 ;
+------------------------------------+-----------------------------------------+
; Analysis & Synthesis Status        ; Successful - Tue Jun 28 23:06:45 2022   ;
; Quartus II Version                 ; 9.1 Build 222 10/21/2009 SJ Web Edition ;
; Revision Name                      ; FourRegister                            ;
; Top-level Entity Name              ; FourRegister                            ;
; Family                             ; Cyclone II                              ;
; Total logic elements               ; 32                                      ;
;     Total combinational functions  ; 32                                      ;
;     Dedicated logic registers      ; 0                                       ;
; Total registers                    ; 0                                       ;
; Total pins                         ; 45                                      ;
; Total virtual pins                 ; 0                                       ;
; Total memory bits                  ; 0                                       ;
; Embedded Multiplier 9-bit elements ; 0                                       ;
; Total PLLs                         ; 0                                       ;
+------------------------------------+-----------------------------------------+


+----------------------------------------------------------------------------------------------------------------------+
; Analysis & Synthesis Settings                                                                                        ;
+----------------------------------------------------------------------------+--------------------+--------------------+
; Option                                                                     ; Setting            ; Default Value      ;
+----------------------------------------------------------------------------+--------------------+--------------------+
; Device                                                                     ; EP2C50F672C6       ;                    ;
; Top-level entity name                                                      ; FourRegister       ; FourRegister       ;
; Family name                                                                ; Cyclone II         ; Stratix II         ;
; Use Generated Physical Constraints File                                    ; Off                ;                    ;
; Use smart compilation                                                      ; Off                ; Off                ;
; Enable parallel Assembler and TimeQuest Timing Analyzer during compilation ; On                 ; On                 ;
; Enable compact report table                                                ; Off                ; Off                ;
; Restructure Multiplexers                                                   ; Auto               ; Auto               ;
; Create Debugging Nodes for IP Cores                                        ; Off                ; Off                ;
; Preserve fewer node names                                                  ; On                 ; On                 ;
; Disable OpenCore Plus hardware evaluation                                  ; Off                ; Off                ;
; Verilog Version                                                            ; Verilog_2001       ; Verilog_2001       ;
; VHDL Version                                                               ; VHDL_1993          ; VHDL_1993          ;
; State Machine Processing                                                   ; Auto               ; Auto               ;
; Safe State Machine                                                         ; Off                ; Off                ;
; Extract Verilog State Machines                                             ; On                 ; On                 ;
; Extract VHDL State Machines                                                ; On                 ; On                 ;
; Ignore Verilog initial constructs                                          ; Off                ; Off                ;
; Iteration limit for constant Verilog loops                                 ; 5000               ; 5000               ;
; Iteration limit for non-constant Verilog loops                             ; 250                ; 250                ;
; Add Pass-Through Logic to Inferred RAMs                                    ; On                 ; On                 ;
; Parallel Synthesis                                                         ; On                 ; On                 ;
; DSP Block Balancing                                                        ; Auto               ; Auto               ;
; NOT Gate Push-Back                                                         ; On                 ; On                 ;
; Power-Up Don't Care                                                        ; On                 ; On                 ;
; Remove Redundant Logic Cells                                               ; Off                ; Off                ;
; Remove Duplicate Registers                                                 ; On                 ; On                 ;
; Ignore CARRY Buffers                                                       ; Off                ; Off                ;
; Ignore CASCADE Buffers                                                     ; Off                ; Off                ;
; Ignore GLOBAL Buffers                                                      ; Off                ; Off                ;
; Ignore ROW GLOBAL Buffers                                                  ; Off                ; Off                ;
; Ignore LCELL Buffers                                                       ; Off                ; Off                ;
; Ignore SOFT Buffers                                                        ; On                 ; On                 ;
; Limit AHDL Integers to 32 Bits                                             ; Off                ; Off                ;
; Optimization Technique                                                     ; Balanced           ; Balanced           ;
; Carry Chain Length                                                         ; 70                 ; 70                 ;
; Auto Carry Chains                                                          ; On                 ; On                 ;
; Auto Open-Drain Pins                                                       ; On                 ; On                 ;
; Perform WYSIWYG Primitive Resynthesis                                      ; Off                ; Off                ;
; Auto ROM Replacement                                                       ; On                 ; On                 ;
; Auto RAM Replacement                                                       ; On                 ; On                 ;
; Auto Shift Register Replacement                                            ; Auto               ; Auto               ;
; Auto Clock Enable Replacement                                              ; On                 ; On                 ;
; Strict RAM Replacement                                                     ; Off                ; Off                ;
; Allow Synchronous Control Signals                                          ; On                 ; On                 ;
; Force Use of Synchronous Clear Signals                                     ; Off                ; Off                ;
; Auto RAM to Logic Cell Conversion                                          ; Off                ; Off                ;
; Auto Resource Sharing                                                      ; Off                ; Off                ;
; Allow Any RAM Size For Recognition                                         ; Off                ; Off                ;
; Allow Any ROM Size For Recognition                                         ; Off                ; Off                ;
; Allow Any Shift Register Size For Recognition                              ; Off                ; Off                ;
; Use LogicLock Constraints during Resource Balancing                        ; On                 ; On                 ;
; Ignore translate_off and synthesis_off directives                          ; Off                ; Off                ;
; Timing-Driven Synthesis                                                    ; Off                ; Off                ;
; Show Parameter Settings Tables in Synthesis Report                         ; On                 ; On                 ;
; Ignore Maximum Fan-Out Assignments                                         ; Off                ; Off                ;
; Synchronization Register Chain Length                                      ; 2                  ; 2                  ;
; PowerPlay Power Optimization                                               ; Normal compilation ; Normal compilation ;
; HDL message level                                                          ; Level2             ; Level2             ;
; Suppress Register Optimization Related Messages                            ; Off                ; Off                ;
; Number of Removed Registers Reported in Synthesis Report                   ; 100                ; 100                ;
; Number of Inverted Registers Reported in Synthesis Report                  ; 100                ; 100                ;
; Clock MUX Protection                                                       ; On                 ; On                 ;
; Auto Gated Clock Conversion                                                ; Off                ; Off                ;
; Block Design Naming                                                        ; Auto               ; Auto               ;
; SDC constraint protection                                                  ; Off                ; Off                ;
; Synthesis Effort                                                           ; Auto               ; Auto               ;
; Shift Register Replacement - Allow Asynchronous Clear Signal               ; On                 ; On                 ;
; Analysis & Synthesis Message Level                                         ; Medium             ; Medium             ;
; Disable Register Merging Across Hierarchies                                ; Auto               ; Auto               ;
; Resource Aware Inference For Block RAM                                     ; On                 ; On                 ;
+----------------------------------------------------------------------------+--------------------+--------------------+


Parallel compilation was disabled, but you have multiple processors available. Enable parallel compilation to reduce compilation time.
+-------------------------------------+
; Parallel Compilation                ;
+----------------------------+--------+
; Processors                 ; Number ;
+----------------------------+--------+
; Number detected on machine ; 12     ;
; Maximum allowed            ; 1      ;
+----------------------------+--------+


+-------------------------------------------------------------------------------------------------------------------------------------------------------------------------------+
; Analysis & Synthesis Source Files Read                                                                                                                                        ;
+----------------------------------+-----------------+------------------------------------+-------------------------------------------------------------------------------------+
; File Name with User-Entered Path ; Used in Netlist ; File Type                          ; File Name with Absolute Path                                                        ;
+----------------------------------+-----------------+------------------------------------+-------------------------------------------------------------------------------------+
; FourRegister.bdf                 ; yes             ; User Block Diagram/Schematic File  ; D:/我的/课程资料/硬件基础实践/进阶版CPU/寄存器组/FourRegister/FourRegister.bdf      ;
; lpm_latch_reg8bit.tdf            ; yes             ; Auto-Found Wizard-Generated File   ; D:/我的/课程资料/硬件基础实践/进阶版CPU/寄存器组/FourRegister/lpm_latch_reg8bit.tdf ;
; lpm_latch.inc                    ; yes             ; Auto-Found AHDL File               ; d:/qurtqus/quartus/libraries/megafunctions/lpm_latch.inc                            ;
; lpm_latch.tdf                    ; yes             ; Megafunction                       ; d:/qurtqus/quartus/libraries/megafunctions/lpm_latch.tdf                            ;
+----------------------------------+-----------------+------------------------------------+-------------------------------------------------------------------------------------+


+-----------------------------------------------------+
; Analysis & Synthesis Resource Usage Summary         ;
+---------------------------------------------+-------+
; Resource                                    ; Usage ;
+---------------------------------------------+-------+
; Estimated Total logic elements              ; 32    ;
;                                             ;       ;
; Total combinational functions               ; 32    ;
; Logic element usage by number of LUT inputs ;       ;
;     -- 4 input functions                    ; 32    ;
;     -- 3 input functions                    ; 0     ;
;     -- <=2 input functions                  ; 0     ;
;                                             ;       ;
; Logic elements by mode                      ;       ;
;     -- normal mode                          ; 32    ;
;     -- arithmetic mode                      ; 0     ;
;                                             ;       ;
; Total registers                             ; 0     ;
;     -- Dedicated logic registers            ; 0     ;
;     -- I/O registers                        ; 0     ;
;                                             ;       ;
; I/O pins                                    ; 45    ;
; Maximum fan-out node                        ; RST   ;
; Maximum fan-out                             ; 32    ;
; Total fan-out                               ; 160   ;
; Average fan-out                             ; 2.08  ;
+---------------------------------------------+-------+


+----------------------------------------------------------------------------------------------------------------------------------------------------------------------------------------------------------------------------------------+
; Analysis & Synthesis Resource Utilization by Entity                                                                                                                                                                                    ;
+---------------------------------------+-------------------+--------------+-------------+--------------+---------+-----------+------+--------------+---------------------------------------------------------------------+--------------+
; Compilation Hierarchy Node            ; LC Combinationals ; LC Registers ; Memory Bits ; DSP Elements ; DSP 9x9 ; DSP 18x18 ; Pins ; Virtual Pins ; Full Hierarchy Name                                                 ; Library Name ;
+---------------------------------------+-------------------+--------------+-------------+--------------+---------+-----------+------+--------------+---------------------------------------------------------------------+--------------+
; |FourRegister                         ; 32 (0)            ; 0 (0)        ; 0           ; 0            ; 0       ; 0         ; 45   ; 0            ; |FourRegister                                                       ; work         ;
;    |lpm_latch_reg8bit:inst1|          ; 8 (0)             ; 0 (0)        ; 0           ; 0            ; 0       ; 0         ; 0    ; 0            ; |FourRegister|lpm_latch_reg8bit:inst1                               ; work         ;
;       |lpm_latch:lpm_latch_component| ; 8 (8)             ; 0 (0)        ; 0           ; 0            ; 0       ; 0         ; 0    ; 0            ; |FourRegister|lpm_latch_reg8bit:inst1|lpm_latch:lpm_latch_component ; work         ;
;    |lpm_latch_reg8bit:inst2|          ; 8 (0)             ; 0 (0)        ; 0           ; 0            ; 0       ; 0         ; 0    ; 0            ; |FourRegister|lpm_latch_reg8bit:inst2                               ; work         ;
;       |lpm_latch:lpm_latch_component| ; 8 (8)             ; 0 (0)        ; 0           ; 0            ; 0       ; 0         ; 0    ; 0            ; |FourRegister|lpm_latch_reg8bit:inst2|lpm_latch:lpm_latch_component ; work         ;
;    |lpm_latch_reg8bit:inst3|          ; 8 (0)             ; 0 (0)        ; 0           ; 0            ; 0       ; 0         ; 0    ; 0            ; |FourRegister|lpm_latch_reg8bit:inst3                               ; work         ;
;       |lpm_latch:lpm_latch_component| ; 8 (8)             ; 0 (0)        ; 0           ; 0            ; 0       ; 0         ; 0    ; 0            ; |FourRegister|lpm_latch_reg8bit:inst3|lpm_latch:lpm_latch_component ; work         ;
;    |lpm_latch_reg8bit:inst|           ; 8 (0)             ; 0 (0)        ; 0           ; 0            ; 0       ; 0         ; 0    ; 0            ; |FourRegister|lpm_latch_reg8bit:inst                                ;              ;
;       |lpm_latch:lpm_latch_component| ; 8 (8)             ; 0 (0)        ; 0           ; 0            ; 0       ; 0         ; 0    ; 0            ; |FourRegister|lpm_latch_reg8bit:inst|lpm_latch:lpm_latch_component  ; work         ;
+---------------------------------------+-------------------+--------------+-------------+--------------+---------+-----------+------+--------------+---------------------------------------------------------------------+--------------+
Note: For table entries with two numbers listed, the numbers in parentheses indicate the number of resources of the given type used by the specific entity alone. The numbers listed outside of parentheses indicate the total resources of the given type used by the specific entity and all of its sub-entities in the hierarchy.


+-----------------------------------------------------------------------------------------------------------------+
; User-Specified and Inferred Latches                                                                             ;
+------------------------------------------------------------------+---------------------+------------------------+
; Latch Name                                                       ; Latch Enable Signal ; Free of Timing Hazards ;
+------------------------------------------------------------------+---------------------+------------------------+
; lpm_latch_reg8bit:inst|lpm_latch:lpm_latch_component|latches[7]  ; g0                  ; yes                    ;
; lpm_latch_reg8bit:inst|lpm_latch:lpm_latch_component|latches[6]  ; g0                  ; yes                    ;
; lpm_latch_reg8bit:inst|lpm_latch:lpm_latch_component|latches[5]  ; g0                  ; yes                    ;
; lpm_latch_reg8bit:inst|lpm_latch:lpm_latch_component|latches[4]  ; g0                  ; yes                    ;
; lpm_latch_reg8bit:inst|lpm_latch:lpm_latch_component|latches[3]  ; g0                  ; yes                    ;
; lpm_latch_reg8bit:inst|lpm_latch:lpm_latch_component|latches[2]  ; g0                  ; yes                    ;
; lpm_latch_reg8bit:inst|lpm_latch:lpm_latch_component|latches[1]  ; g0                  ; yes                    ;
; lpm_latch_reg8bit:inst|lpm_latch:lpm_latch_component|latches[0]  ; g0                  ; yes                    ;
; lpm_latch_reg8bit:inst1|lpm_latch:lpm_latch_component|latches[7] ; g1                  ; yes                    ;
; lpm_latch_reg8bit:inst1|lpm_latch:lpm_latch_component|latches[6] ; g1                  ; yes                    ;
; lpm_latch_reg8bit:inst1|lpm_latch:lpm_latch_component|latches[5] ; g1                  ; yes                    ;
; lpm_latch_reg8bit:inst1|lpm_latch:lpm_latch_component|latches[4] ; g1                  ; yes                    ;
; lpm_latch_reg8bit:inst1|lpm_latch:lpm_latch_component|latches[3] ; g1                  ; yes                    ;
; lpm_latch_reg8bit:inst1|lpm_latch:lpm_latch_component|latches[2] ; g1                  ; yes                    ;
; lpm_latch_reg8bit:inst1|lpm_latch:lpm_latch_component|latches[1] ; g1                  ; yes                    ;
; lpm_latch_reg8bit:inst1|lpm_latch:lpm_latch_component|latches[0] ; g1                  ; yes                    ;
; lpm_latch_reg8bit:inst2|lpm_latch:lpm_latch_component|latches[7] ; g2                  ; yes                    ;
; lpm_latch_reg8bit:inst2|lpm_latch:lpm_latch_component|latches[6] ; g2                  ; yes                    ;
; lpm_latch_reg8bit:inst2|lpm_latch:lpm_latch_component|latches[5] ; g2                  ; yes                    ;
; lpm_latch_reg8bit:inst2|lpm_latch:lpm_latch_component|latches[4] ; g2                  ; yes                    ;
; lpm_latch_reg8bit:inst2|lpm_latch:lpm_latch_component|latches[3] ; g2                  ; yes                    ;
; lpm_latch_reg8bit:inst2|lpm_latch:lpm_latch_component|latches[2] ; g2                  ; yes                    ;
; lpm_latch_reg8bit:inst2|lpm_latch:lpm_latch_component|latches[1] ; g2                  ; yes                    ;
; lpm_latch_reg8bit:inst2|lpm_latch:lpm_latch_component|latches[0] ; g2                  ; yes                    ;
; lpm_latch_reg8bit:inst3|lpm_latch:lpm_latch_component|latches[7] ; g3                  ; yes                    ;
; lpm_latch_reg8bit:inst3|lpm_latch:lpm_latch_component|latches[6] ; g3                  ; yes                    ;
; lpm_latch_reg8bit:inst3|lpm_latch:lpm_latch_component|latches[5] ; g3                  ; yes                    ;
; lpm_latch_reg8bit:inst3|lpm_latch:lpm_latch_component|latches[4] ; g3                  ; yes                    ;
; lpm_latch_reg8bit:inst3|lpm_latch:lpm_latch_component|latches[3] ; g3                  ; yes                    ;
; lpm_latch_reg8bit:inst3|lpm_latch:lpm_latch_component|latches[2] ; g3                  ; yes                    ;
; lpm_latch_reg8bit:inst3|lpm_latch:lpm_latch_component|latches[1] ; g3                  ; yes                    ;
; lpm_latch_reg8bit:inst3|lpm_latch:lpm_latch_component|latches[0] ; g3                  ; yes                    ;
; Number of user-specified and inferred latches = 32               ;                     ;                        ;
+------------------------------------------------------------------+---------------------+------------------------+
Note: All latches listed above may not be present at the end of synthesis due to various synthesis optimizations.


+------------------------------------------------------+
; General Register Statistics                          ;
+----------------------------------------------+-------+
; Statistic                                    ; Value ;
+----------------------------------------------+-------+
; Total registers                              ; 0     ;
; Number of registers using Synchronous Clear  ; 0     ;
; Number of registers using Synchronous Load   ; 0     ;
; Number of registers using Asynchronous Clear ; 0     ;
; Number of registers using Asynchronous Load  ; 0     ;
; Number of registers using Clock Enable       ; 0     ;
; Number of registers using Preset             ; 0     ;
+----------------------------------------------+-------+


+---------------------------------------------------------------------------------------------------+
; Parameter Settings for User Entity Instance: lpm_latch_reg8bit:inst|lpm_latch:lpm_latch_component ;
+----------------+--------+-------------------------------------------------------------------------+
; Parameter Name ; Value  ; Type                                                                    ;
+----------------+--------+-------------------------------------------------------------------------+
; LPM_WIDTH      ; 8      ; Untyped                                                                 ;
; LPM_AVALUE     ; UNUSED ; Untyped                                                                 ;
+----------------+--------+-------------------------------------------------------------------------+
Note: In order to hide this table in the UI and the text report file, please set the "Show Parameter Settings Tables in Synthesis Report" option in "Analysis and Synthesis Settings -> More Settings" to "Off".


+----------------------------------------------------------------------------------------------------+
; Parameter Settings for User Entity Instance: lpm_latch_reg8bit:inst1|lpm_latch:lpm_latch_component ;
+----------------+--------+--------------------------------------------------------------------------+
; Parameter Name ; Value  ; Type                                                                     ;
+----------------+--------+--------------------------------------------------------------------------+
; LPM_WIDTH      ; 8      ; Untyped                                                                  ;
; LPM_AVALUE     ; UNUSED ; Untyped                                                                  ;
+----------------+--------+--------------------------------------------------------------------------+
Note: In order to hide this table in the UI and the text report file, please set the "Show Parameter Settings Tables in Synthesis Report" option in "Analysis and Synthesis Settings -> More Settings" to "Off".


+----------------------------------------------------------------------------------------------------+
; Parameter Settings for User Entity Instance: lpm_latch_reg8bit:inst2|lpm_latch:lpm_latch_component ;
+----------------+--------+--------------------------------------------------------------------------+
; Parameter Name ; Value  ; Type                                                                     ;
+----------------+--------+--------------------------------------------------------------------------+
; LPM_WIDTH      ; 8      ; Untyped                                                                  ;
; LPM_AVALUE     ; UNUSED ; Untyped                                                                  ;
+----------------+--------+--------------------------------------------------------------------------+
Note: In order to hide this table in the UI and the text report file, please set the "Show Parameter Settings Tables in Synthesis Report" option in "Analysis and Synthesis Settings -> More Settings" to "Off".


+----------------------------------------------------------------------------------------------------+
; Parameter Settings for User Entity Instance: lpm_latch_reg8bit:inst3|lpm_latch:lpm_latch_component ;
+----------------+--------+--------------------------------------------------------------------------+
; Parameter Name ; Value  ; Type                                                                     ;
+----------------+--------+--------------------------------------------------------------------------+
; LPM_WIDTH      ; 8      ; Untyped                                                                  ;
; LPM_AVALUE     ; UNUSED ; Untyped                                                                  ;
+----------------+--------+--------------------------------------------------------------------------+
Note: In order to hide this table in the UI and the text report file, please set the "Show Parameter Settings Tables in Synthesis Report" option in "Analysis and Synthesis Settings -> More Settings" to "Off".


+-------------------------------+
; Analysis & Synthesis Messages ;
+-------------------------------+
Info: *******************************************************************
Info: Running Quartus II Analysis & Synthesis
    Info: Version 9.1 Build 222 10/21/2009 SJ Web Edition
    Info: Processing started: Tue Jun 28 23:06:44 2022
Info: Command: quartus_map --read_settings_files=on --write_settings_files=off FourRegister -c FourRegister
Info: Found 1 design units, including 1 entities, in source file fourregister.bdf
    Info: Found entity 1: FourRegister
Info: Elaborating entity "FourRegister" for the top level hierarchy
Warning: Using design file lpm_latch_reg8bit.tdf, which is not specified as a design file for the current project, but contains definitions for 1 design units and 1 entities in project
    Info: Found entity 1: lpm_latch_reg8bit
Info: Elaborating entity "lpm_latch_reg8bit" for hierarchy "lpm_latch_reg8bit:inst"
Info: Elaborating entity "lpm_latch" for hierarchy "lpm_latch_reg8bit:inst|lpm_latch:lpm_latch_component"
Info: Elaborated megafunction instantiation "lpm_latch_reg8bit:inst|lpm_latch:lpm_latch_component"
Info: Instantiated megafunction "lpm_latch_reg8bit:inst|lpm_latch:lpm_latch_component" with the following parameter:
    Info: Parameter "LPM_TYPE" = "LPM_LATCH"
    Info: Parameter "LPM_WIDTH" = "8"
Info: Implemented 77 device resources after synthesis - the final resource count might be different
    Info: Implemented 13 input pins
    Info: Implemented 32 output pins
    Info: Implemented 32 logic cells
Info: Quartus II Analysis & Synthesis was successful. 0 errors, 1 warning
    Info: Peak virtual memory: 230 megabytes
    Info: Processing ended: Tue Jun 28 23:06:45 2022
    Info: Elapsed time: 00:00:01
    Info: Total CPU time (on all processors): 00:00:01


